Log file open, 08/31/21 14:02:46
LogWindows: Failed to load 'aqProf.dll' (GetLastError=126)
LogWindows: File 'aqProf.dll' does not exist
LogWindows: Failed to load 'VtuneApi.dll' (GetLastError=126)
LogWindows: File 'VtuneApi.dll' does not exist
LogWindows: Failed to load 'VtuneApi32e.dll' (GetLastError=126)
LogWindows: File 'VtuneApi32e.dll' does not exist
LogInit: Display: Running engine for game: ArenaBattle
LogPlatformFile: Not using cached read wrapper
LogInit: Display: RandInit(-2019694538) SRandInit(-2019694537).
LogInit: Read version file with build ID '3944462'
LogInit: Overriding engine version to CL 4033788, compatible CL 3944462
LogInit: Registered custom module enumerator with build ID '3944462'
LogTaskGraph: Started task graph with 5 named threads and 20 total threads with 3 sets of task threads.
LogStats: Stats thread started at 0.315619
LogD3D11RHI: Aftermath initialized
LogICUInternationalization: Display: ICU TimeZone Detection - Raw Offset: +9:00, Platform Override: ''
LogPluginManager: Mounting plugin Paper2D
LogPluginManager: Mounting plugin LiveLink
LogPluginManager: Mounting plugin LightPropagationVolume
LogPluginManager: Mounting plugin CLionSourceCodeAccess
LogPluginManager: Mounting plugin CodeLiteSourceCodeAccess
LogPluginManager: Mounting plugin GitSourceControl
LogPluginManager: Mounting plugin KDevelopSourceCodeAccess
LogPluginManager: Mounting plugin NullSourceCodeAccess
LogPluginManager: Mounting plugin PerforceSourceControl
LogPluginManager: Mounting plugin SubversionSourceControl
LogPluginManager: Mounting plugin UObjectPlugin
LogPluginManager: Mounting plugin VisualStudioCodeSourceCodeAccess
LogPluginManager: Mounting plugin VisualStudioSourceCodeAccess
LogPluginManager: Mounting plugin XCodeSourceCodeAccess
LogPluginManager: Mounting plugin AssetManagerEditor
LogPluginManager: Mounting plugin CryptoKeys
LogPluginManager: Mounting plugin DataValidation
LogPluginManager: Mounting plugin FacialAnimation
LogPluginManager: Mounting plugin GameplayTagsEditor
LogPluginManager: Mounting plugin MobileLauncherProfileWizard
LogPluginManager: Mounting plugin PluginBrowser
LogPluginManager: Mounting plugin SpeedTreeImporter
LogPluginManager: Mounting plugin DatasmithContent
LogPluginManager: Mounting plugin AlembicImporter
LogPluginManager: Mounting plugin CharacterAI
LogPluginManager: Mounting plugin HTML5Networking
LogPluginManager: Mounting plugin AndroidMedia
LogPluginManager: Mounting plugin AvfMedia
LogPluginManager: Mounting plugin ImgMedia
LogPluginManager: Mounting plugin LinearTimecode
LogPluginManager: Mounting plugin MediaCompositing
LogPluginManager: Mounting plugin MediaPlayerEditor
LogPluginManager: Mounting plugin WmfMedia
LogPluginManager: Mounting plugin TcpMessaging
LogPluginManager: Mounting plugin UdpMessaging
LogPluginManager: Mounting plugin ActorSequence
LogPluginManager: Mounting plugin LevelSequenceEditor
LogPluginManager: Mounting plugin MatineeToLevelSequence
LogPluginManager: Mounting plugin NetcodeUnitTest
LogPluginManager: Mounting plugin NUTUnrealEngine4
LogPluginManager: Mounting plugin OnlineSubsystemGooglePlay
LogPluginManager: Mounting plugin OnlineSubsystemIOS
LogPluginManager: Mounting plugin OnlineSubsystem
LogPluginManager: Mounting plugin OnlineSubsystemNull
LogPluginManager: Mounting plugin OnlineSubsystemUtils
LogPluginManager: Mounting plugin AndroidDeviceProfileSelector
LogPluginManager: Mounting plugin AndroidMoviePlayer
LogPluginManager: Mounting plugin AndroidPermission
LogPluginManager: Mounting plugin AppleARKit
LogPluginManager: Mounting plugin AppleMoviePlayer
LogPluginManager: Mounting plugin ArchVisCharacter
LogPluginManager: Mounting plugin AudioCapture
LogPluginManager: Mounting plugin CableComponent
LogPluginManager: Mounting plugin CustomMeshComponent
LogPluginManager: Mounting plugin ExampleDeviceProfileSelector
LogPluginManager: Mounting plugin GoogleCloudMessaging
LogPluginManager: Mounting plugin ImmediatePhysics
LogPluginManager: Mounting plugin IOSDeviceProfileSelector
LogPluginManager: Mounting plugin LinuxDeviceProfileSelector
LogPluginManager: Mounting plugin LocationServicesBPLibrary
LogPluginManager: Mounting plugin MobilePatchingUtils
LogPluginManager: Mounting plugin OculusVR
LogPluginManager: Plugin shader directory ../../../Engine/Plugins/Runtime/Oculus/OculusVR/Shaders found
LogPluginManager: Mapping shader source directory ../../../Engine/Plugins/Runtime/Oculus/OculusVR/Shaders to virtual directory /Plugin/OculusVR
LogPluginManager: Mounting plugin PhysXVehicles
LogPluginManager: Mounting plugin ProceduralMeshComponent
LogPluginManager: Mounting plugin RuntimePhysXCooking
LogPluginManager: Mounting plugin SteamVR
LogPluginManager: Mounting plugin WindowsMoviePlayer
LogStreaming: Display: Took  0.077s to configure plugins.
LogModuleManager: Display: Found up-to-date module file D:/game/GAME/Binaries/Win64/UE4Editor-ArenaBattleSetting-2047.dll (API version 3944462).
LogModuleManager: Display: Found up-to-date module file D:/game/GAME/Binaries/Win64/UE4Editor-ArenaBattle-6534.dll (API version 3944462).
LogModuleManager: Display: Found up-to-date module file ../../../Engine/Plugins/2D/Paper2D/Binaries/Win64/UE4Editor-Paper2D.dll (API version 3944462).
LogModuleManager: Display: Found up-to-date module file ../../../Engine/Plugins/2D/Paper2D/Binaries/Win64/UE4Editor-Paper2DEditor.dll (API version 3944462).
LogModuleManager: Display: Found up-to-date module file ../../../Engine/Plugins/2D/Paper2D/Binaries/Win64/UE4Editor-PaperSpriteSheetImporter.dll (API version 3944462).
LogModuleManager: Display: Found up-to-date module file ../../../Engine/Plugins/2D/Paper2D/Binaries/Win64/UE4Editor-PaperTiledImporter.dll (API version 3944462).
LogModuleManager: Display: Found up-to-date module file ../../../Engine/Plugins/2D/Paper2D/Binaries/Win64/UE4Editor-SmartSnapping.dll (API version 3944462).
LogModuleManager: Display: Found up-to-date module file ../../../Engine/Plugins/Animation/LiveLink/Binaries/Win64/UE4Editor-LiveLink.dll (API version 3944462).
LogModuleManager: Display: Found up-to-date module file ../../../Engine/Plugins/Animation/LiveLink/Binaries/Win64/UE4Editor-LiveLinkEditor.dll (API version 3944462).
LogModuleManager: Display: Found up-to-date module file ../../../Engine/Plugins/Blendables/LightPropagationVolume/Binaries/Win64/UE4Editor-LightPropagationVolumeRuntime.dll (API version 3944462).
LogModuleManager: Display: Found up-to-date module file ../../../Engine/Plugins/Blendables/LightPropagationVolume/Binaries/Win64/UE4Editor-LightPropagationVolumeEditor.dll (API version 3944462).
LogModuleManager: Display: Found up-to-date module file ../../../Engine/Plugins/Developer/CLionSourceCodeAccess/Binaries/Win64/UE4Editor-CLionSourceCodeAccess.dll (API version 3944462).
LogModuleManager: Display: Found up-to-date module file ../../../Engine/Plugins/Developer/GitSourceControl/Binaries/Win64/UE4Editor-GitSourceControl.dll (API version 3944462).
LogModuleManager: Display: Found up-to-date module file ../../../Engine/Plugins/Developer/PerforceSourceControl/Binaries/Win64/UE4Editor-PerforceSourceControl.dll (API version 3944462).
LogModuleManager: Display: Found up-to-date module file ../../../Engine/Plugins/Developer/SubversionSourceControl/Binaries/Win64/UE4Editor-SubversionSourceControl.dll (API version 3944462).
LogModuleManager: Display: Found up-to-date module file ../../../Engine/Plugins/Developer/UObjectPlugin/Binaries/Win64/UE4Editor-UObjectPlugin.dll (API version 3944462).
LogModuleManager: Display: Found up-to-date module file ../../../Engine/Plugins/Developer/VisualStudioCodeSourceCodeAccess/Binaries/Win64/UE4Editor-VisualStudioCodeSourceCodeAccess.dll (API version 3944462).
LogModuleManager: Display: Found up-to-date module file ../../../Engine/Plugins/Developer/VisualStudioSourceCodeAccess/Binaries/Win64/UE4Editor-VisualStudioSourceCodeAccess.dll (API version 3944462).
LogModuleManager: Display: Found up-to-date module file ../../../Engine/Plugins/Editor/AssetManagerEditor/Binaries/Win64/UE4Editor-AssetManagerEditor.dll (API version 3944462).
LogModuleManager: Display: Found up-to-date module file ../../../Engine/Plugins/Editor/CryptoKeys/Binaries/Win64/UE4Editor-CryptoKeys.dll (API version 3944462).
LogModuleManager: Display: Found up-to-date module file ../../../Engine/Plugins/Editor/CryptoKeys/Binaries/Win64/UE4Editor-CryptoKeysOpenSSL.dll (API version 3944462).
LogModuleManager: Display: Found up-to-date module file ../../../Engine/Plugins/Editor/DataValidation/Binaries/Win64/UE4Editor-DataValidation.dll (API version 3944462).
LogModuleManager: Display: Found up-to-date module file ../../../Engine/Plugins/Editor/FacialAnimation/Binaries/Win64/UE4Editor-FacialAnimation.dll (API version 3944462).
LogModuleManager: Display: Found up-to-date module file ../../../Engine/Plugins/Editor/FacialAnimation/Binaries/Win64/UE4Editor-FacialAnimationEditor.dll (API version 3944462).
LogModuleManager: Display: Found up-to-date module file ../../../Engine/Plugins/Editor/GameplayTagsEditor/Binaries/Win64/UE4Editor-GameplayTagsEditor.dll (API version 3944462).
LogModuleManager: Display: Found up-to-date module file ../../../Engine/Plugins/Editor/MobileLauncherProfileWizard/Binaries/Win64/UE4Editor-MobileLauncherProfileWizard.dll (API version 3944462).
LogModuleManager: Display: Found up-to-date module file ../../../Engine/Plugins/Editor/PluginBrowser/Binaries/Win64/UE4Editor-PluginBrowser.dll (API version 3944462).
LogModuleManager: Display: Found up-to-date module file ../../../Engine/Plugins/Editor/SpeedTreeImporter/Binaries/Win64/UE4Editor-SpeedTreeImporter.dll (API version 3944462).
LogModuleManager: Display: Found up-to-date module file ../../../Engine/Plugins/Enterprise/DatasmithContent/Binaries/Win64/UE4Editor-DatasmithContent.dll (API version 3944462).
LogModuleManager: Display: Found up-to-date module file ../../../Engine/Plugins/Experimental/AlembicImporter/Binaries/Win64/UE4Editor-AlembicImporter.dll (API version 3944462).
LogModuleManager: Display: Found up-to-date module file ../../../Engine/Plugins/Experimental/AlembicImporter/Binaries/Win64/UE4Editor-AlembicLibrary.dll (API version 3944462).
LogModuleManager: Display: Found up-to-date module file ../../../Engine/Plugins/Experimental/CharacterAI/Binaries/Win64/UE4Editor-CharacterAI.dll (API version 3944462).
LogModuleManager: Display: Found up-to-date module file ../../../Engine/Plugins/Experimental/HTML5Networking/Binaries/Win64/UE4Editor-HTML5Networking.dll (API version 3944462).
LogModuleManager: Display: Found up-to-date module file ../../../Engine/Plugins/Media/AndroidMedia/Binaries/Win64/UE4Editor-AndroidMediaEditor.dll (API version 3944462).
LogModuleManager: Display: Found up-to-date module file ../../../Engine/Plugins/Media/AndroidMedia/Binaries/Win64/UE4Editor-AndroidMediaFactory.dll (API version 3944462).
LogModuleManager: Display: Found up-to-date module file ../../../Engine/Plugins/Media/AvfMedia/Binaries/Win64/UE4Editor-AvfMediaEditor.dll (API version 3944462).
LogModuleManager: Display: Found up-to-date module file ../../../Engine/Plugins/Media/AvfMedia/Binaries/Win64/UE4Editor-AvfMediaFactory.dll (API version 3944462).
LogModuleManager: Display: Found up-to-date module file ../../../Engine/Plugins/Media/AvfMedia/Binaries/Win64/UE4Editor-AvfMediaFactory.dll (API version 3944462).
LogModuleManager: Display: Found up-to-date module file ../../../Engine/Plugins/Media/ImgMedia/Binaries/Win64/UE4Editor-ImgMedia.dll (API version 3944462).
LogModuleManager: Display: Found up-to-date module file ../../../Engine/Plugins/Media/ImgMedia/Binaries/Win64/UE4Editor-ImgMediaEditor.dll (API version 3944462).
LogModuleManager: Display: Found up-to-date module file ../../../Engine/Plugins/Media/ImgMedia/Binaries/Win64/UE4Editor-ImgMediaFactory.dll (API version 3944462).
LogModuleManager: Display: Found up-to-date module file ../../../Engine/Plugins/Media/ImgMedia/Binaries/Win64/UE4Editor-ImgMediaFactory.dll (API version 3944462).
LogModuleManager: Display: Found up-to-date module file ../../../Engine/Plugins/Media/ImgMedia/Binaries/Win64/UE4Editor-OpenExrWrapper.dll (API version 3944462).
LogModuleManager: Display: Found up-to-date module file ../../../Engine/Plugins/Media/LinearTimecode/Binaries/Win64/UE4Editor-LinearTimecode.dll (API version 3944462).
LogModuleManager: Display: Found up-to-date module file ../../../Engine/Plugins/Media/MediaCompositing/Binaries/Win64/UE4Editor-MediaCompositing.dll (API version 3944462).
LogModuleManager: Display: Found up-to-date module file ../../../Engine/Plugins/Media/MediaCompositing/Binaries/Win64/UE4Editor-MediaCompositingEditor.dll (API version 3944462).
LogModuleManager: Display: Found up-to-date module file ../../../Engine/Plugins/Media/MediaPlayerEditor/Binaries/Win64/UE4Editor-MediaPlayerEditor.dll (API version 3944462).
LogModuleManager: Display: Found up-to-date module file ../../../Engine/Plugins/Media/WmfMedia/Binaries/Win64/UE4Editor-WmfMedia.dll (API version 3944462).
LogModuleManager: Display: Found up-to-date module file ../../../Engine/Plugins/Media/WmfMedia/Binaries/Win64/UE4Editor-WmfMediaEditor.dll (API version 3944462).
LogModuleManager: Display: Found up-to-date module file ../../../Engine/Plugins/Media/WmfMedia/Binaries/Win64/UE4Editor-WmfMediaFactory.dll (API version 3944462).
LogModuleManager: Display: Found up-to-date module file ../../../Engine/Plugins/Media/WmfMedia/Binaries/Win64/UE4Editor-WmfMediaFactory.dll (API version 3944462).
LogModuleManager: Display: Found up-to-date module file ../../../Engine/Plugins/Messaging/TcpMessaging/Binaries/Win64/UE4Editor-TcpMessaging.dll (API version 3944462).
LogModuleManager: Display: Found up-to-date module file ../../../Engine/Plugins/Messaging/UdpMessaging/Binaries/Win64/UE4Editor-UdpMessaging.dll (API version 3944462).
LogModuleManager: Display: Found up-to-date module file ../../../Engine/Plugins/MovieScene/ActorSequence/Binaries/Win64/UE4Editor-ActorSequence.dll (API version 3944462).
LogModuleManager: Display: Found up-to-date module file ../../../Engine/Plugins/MovieScene/LevelSequenceEditor/Binaries/Win64/UE4Editor-LevelSequenceEditor.dll (API version 3944462).
LogModuleManager: Display: Found up-to-date module file ../../../Engine/Plugins/MovieScene/MatineeToLevelSequence/Binaries/Win64/UE4Editor-MatineeToLevelSequence.dll (API version 3944462).
LogModuleManager: Display: Found up-to-date module file ../../../Engine/Plugins/NetcodeUnitTest/NetcodeUnitTest/Binaries/Win64/UE4Editor-NetcodeUnitTest.dll (API version 3944462).
LogModuleManager: Display: Found up-to-date module file ../../../Engine/Plugins/NetcodeUnitTest/NUTUnrealEngine4/Binaries/Win64/UE4Editor-NUTUnrealEngine4.dll (API version 3944462).
LogModuleManager: Display: Found up-to-date module file ../../../Engine/Plugins/Online/OnlineSubsystem/Binaries/Win64/UE4Editor-OnlineSubsystem.dll (API version 3944462).
LogModuleManager: Display: Found up-to-date module file ../../../Engine/Plugins/Online/OnlineSubsystemNull/Binaries/Win64/UE4Editor-OnlineSubsystemNull.dll (API version 3944462).
LogModuleManager: Display: Found up-to-date module file ../../../Engine/Plugins/Online/OnlineSubsystemUtils/Binaries/Win64/UE4Editor-OnlineSubsystemUtils.dll (API version 3944462).
LogModuleManager: Display: Found up-to-date module file ../../../Engine/Plugins/Online/OnlineSubsystemUtils/Binaries/Win64/UE4Editor-OnlineBlueprintSupport.dll (API version 3944462).
LogModuleManager: Display: Found up-to-date module file ../../../Engine/Plugins/Runtime/AndroidDeviceProfileSelector/Binaries/Win64/UE4Editor-AndroidDeviceProfileSelector.dll (API version 3944462).
LogModuleManager: Display: Found up-to-date module file ../../../Engine/Plugins/Runtime/AndroidPermission/Binaries/Win64/UE4Editor-AndroidPermission.dll (API version 3944462).
LogModuleManager: Display: Found up-to-date module file ../../../Engine/Plugins/Runtime/AppleARKit/Binaries/Win64/UE4Editor-AppleARKit.dll (API version 3944462).
LogModuleManager: Display: Found up-to-date module file ../../../Engine/Plugins/Runtime/ArchVisCharacter/Binaries/Win64/UE4Editor-ArchVisCharacter.dll (API version 3944462).
LogModuleManager: Display: Found up-to-date module file ../../../Engine/Plugins/Runtime/AudioCapture/Binaries/Win64/UE4Editor-AudioCapture.dll (API version 3944462).
LogModuleManager: Display: Found up-to-date module file ../../../Engine/Plugins/Runtime/AudioCapture/Binaries/Win64/UE4Editor-AudioCaptureEditor.dll (API version 3944462).
LogModuleManager: Display: Found up-to-date module file ../../../Engine/Plugins/Runtime/CableComponent/Binaries/Win64/UE4Editor-CableComponent.dll (API version 3944462).
LogModuleManager: Display: Found up-to-date module file ../../../Engine/Plugins/Runtime/CustomMeshComponent/Binaries/Win64/UE4Editor-CustomMeshComponent.dll (API version 3944462).
LogModuleManager: Display: Found up-to-date module file ../../../Engine/Plugins/Runtime/ExampleDeviceProfileSelector/Binaries/Win64/UE4Editor-ExampleDeviceProfileSelector.dll (API version 3944462).
LogModuleManager: Display: Found up-to-date module file ../../../Engine/Plugins/Runtime/ImmediatePhysics/Binaries/Win64/UE4Editor-ImmediatePhysics.dll (API version 3944462).
LogModuleManager: Display: Found up-to-date module file ../../../Engine/Plugins/Runtime/ImmediatePhysics/Binaries/Win64/UE4Editor-ImmediatePhysicsEditor.dll (API version 3944462).
LogModuleManager: Display: Found up-to-date module file ../../../Engine/Plugins/Runtime/LocationServicesBPLibrary/Binaries/Win64/UE4Editor-LocationServicesBPLibrary.dll (API version 3944462).
LogModuleManager: Display: Found up-to-date module file ../../../Engine/Plugins/Runtime/MobilePatchingUtils/Binaries/Win64/UE4Editor-MobilePatchingUtils.dll (API version 3944462).
LogModuleManager: Display: Found up-to-date module file ../../../Engine/Plugins/Runtime/Oculus/OculusVR/Binaries/Win64/UE4Editor-OculusHMD.dll (API version 3944462).
LogModuleManager: Display: Found up-to-date module file ../../../Engine/Plugins/Runtime/Oculus/OculusVR/Binaries/Win64/UE4Editor-OculusInput.dll (API version 3944462).
LogModuleManager: Display: Found up-to-date module file ../../../Engine/Plugins/Runtime/Oculus/OculusVR/Binaries/Win64/UE4Editor-OculusEditor.dll (API version 3944462).
LogModuleManager: Display: Found up-to-date module file ../../../Engine/Plugins/Runtime/PhysXVehicles/Binaries/Win64/UE4Editor-PhysXVehicles.dll (API version 3944462).
LogModuleManager: Display: Found up-to-date module file ../../../Engine/Plugins/Runtime/PhysXVehicles/Binaries/Win64/UE4Editor-PhysXVehiclesEditor.dll (API version 3944462).
LogModuleManager: Display: Found up-to-date module file ../../../Engine/Plugins/Runtime/ProceduralMeshComponent/Binaries/Win64/UE4Editor-ProceduralMeshComponent.dll (API version 3944462).
LogModuleManager: Display: Found up-to-date module file ../../../Engine/Plugins/Runtime/ProceduralMeshComponent/Binaries/Win64/UE4Editor-ProceduralMeshComponentEditor.dll (API version 3944462).
LogModuleManager: Display: Found up-to-date module file ../../../Engine/Plugins/Runtime/RuntimePhysXCooking/Binaries/Win64/UE4Editor-RuntimePhysXCooking.dll (API version 3944462).
LogModuleManager: Display: Found up-to-date module file ../../../Engine/Plugins/Runtime/Steam/SteamVR/Binaries/Win64/UE4Editor-SteamVR.dll (API version 3944462).
LogModuleManager: Display: Found up-to-date module file ../../../Engine/Plugins/Runtime/Steam/SteamVR/Binaries/Win64/UE4Editor-SteamVRController.dll (API version 3944462).
LogModuleManager: Display: Found up-to-date module file ../../../Engine/Plugins/Runtime/WindowsMoviePlayer/Binaries/Win64/UE4Editor-WindowsMoviePlayer.dll (API version 3944462).
LogInit: Using libcurl 7.47.1
LogInit:  - built for x86_64-pc-win32
LogInit:  - supports SSL with OpenSSL/1.0.2g
LogInit:  - supports HTTP deflate (compression) using libz 1.2.8
LogInit:  - other features:
LogInit:      CURL_VERSION_SSL
LogInit:      CURL_VERSION_LIBZ
LogInit:      CURL_VERSION_IPV6
LogInit:      CURL_VERSION_ASYNCHDNS
LogInit:      CURL_VERSION_LARGEFILE
LogInit:      CURL_VERSION_IDN
LogInit:  CurlRequestOptions (configurable via config and command line):
LogInit:  - bVerifyPeer = false  - Libcurl will NOT verify peer certificate
LogInit:  - bUseHttpProxy = false  - Libcurl will NOT use HTTP proxy
LogInit:  - bDontReuseConnections = false  - Libcurl will reuse connections
LogInit:  - CertBundlePath = nullptr  - Libcurl will use whatever was configured at build time.
LogInit:  - MaxHostConnections = 16  - Libcurl will limit the number of connections to a host
LogInit:  - LocalHostAddr = Default
LogInit: WinSock: version 1.1 (2.2), MaxSocks=32767, MaxUdp=65467
LogInit: WinSock: I am DESKTOP-FMLP5DB (1.224.172.55:0)
LogInit: Build: ++UE4+Release-4.19-CL-4033788
LogInit: Engine Version: 4.19.2-4033788+++UE4+Release-4.19
LogInit: Compatible Engine Version: 4.19.0-3944462+++UE4+Release-4.19
LogInit: Net CL: 3944462
LogDevObjectVersion: Number of dev versions registered: 18
LogDevObjectVersion:   Dev-Blueprints (B0D832E4-1F89-4F0D-ACCF-7EB736FD4AA2): 10
LogDevObjectVersion:   Dev-Build (E1C64328-A22C-4D53-A36C-8E866417BD8C): 0
LogDevObjectVersion:   Dev-Core (375EC13C-06E4-48FB-B500-84F0262A717E): 2
LogDevObjectVersion:   Dev-Editor (E4B068ED-F494-42E9-A231-DA0B2E46BB41): 23
LogDevObjectVersion:   Dev-Framework (CFFC743F-43B0-4480-9391-14DF171D2073): 33
LogDevObjectVersion:   Dev-Mobile (B02B49B5-BB20-44E9-A304-32B752E40360): 2
LogDevObjectVersion:   Dev-Networking (A4E4105C-59A1-49B5-A7C5-40C4547EDFEE): 0
LogDevObjectVersion:   Dev-Online (39C831C9-5AE6-47DC-9A44-9C173E1C8E7C): 0
LogDevObjectVersion:   Dev-Physics (78F01B33-EBEA-4F98-B9B4-84EACCB95AA2): 0
LogDevObjectVersion:   Dev-Platform (6631380F-2D4D-43E0-8009-CF276956A95A): 0
LogDevObjectVersion:   Dev-Rendering (12F88B9F-8875-4AFC-A67C-D90C383ABD29): 25
LogDevObjectVersion:   Dev-Sequencer (7B5AE74C-D270-4C10-A958-57980B212A5A): 6
LogDevObjectVersion:   Dev-VR (D7296918-1DD6-4BDD-9DE2-64A83CC13884): 1
LogDevObjectVersion:   Dev-LoadTimes (C2A15278-BFE7-4AFE-6C17-90FF531DF755): 1
LogDevObjectVersion:   Private-Geometry (6EACA3D4-40EC-4CC1-B786-8BED09428FC5): 2
LogDevObjectVersion:   Dev-AnimPhys (29E575DD-E0A3-4627-9D10-D276232CDCEA): 16
LogDevObjectVersion:   Dev-ReflectionCapture (6B266CEC-1EC7-4B8F-A30B-E4D90942FC07): 1
LogDevObjectVersion:   Dev-Automation (0DF73D61-A23F-47EA-B727-89E90C41499A): 1
LogInit: Compiled (64-bit): Apr 27 2018 02:06:57
LogInit: Compiled with Visual C++: 19.00.24215.01
LogInit: Build Configuration: Development
LogInit: Branch Name: ++UE4+Release-4.19
LogInit: Command Line:  
LogInit: Base Directory: C:/Program Files/Epic Games/UE_4.19/Engine/Binaries/Win64/
LogInit: Installed Engine Build: 1
LogStreaming: Display: Took  0.000s to delete old logs.
LogInit: Presizing for max 8388607 objects, including 0 objects not considered by GC, pre-allocating 0 bytes for permanent pool.
LogInit: Object subsystem initialized
[2021.08.31-05.02.48:806][  0]LogInit: Selected Device Profile: [Windows]
[2021.08.31-05.02.48:807][  0]LogInit: Applying CVar settings loaded from the selected device profile: [Windows]
[2021.08.31-05.02.48:814][  0]LogInit: Computer: DESKTOP-FMLP5DB
[2021.08.31-05.02.48:814][  0]LogInit: User: HAEUN
[2021.08.31-05.02.48:814][  0]LogInit: CPU Page size=4096, Cores=6
[2021.08.31-05.02.48:814][  0]LogInit: High frequency timer resolution =10.000000 MHz
[2021.08.31-05.02.48:815][  0]LogMemory: Memory total: Physical=31.9GB (32GB approx)
[2021.08.31-05.02.48:815][  0]LogMemory: Platform Memory Stats for Windows
[2021.08.31-05.02.48:815][  0]LogMemory: Process Physical Memory: 274.63 MB used, 274.63 MB peak
[2021.08.31-05.02.48:815][  0]LogMemory: Process Virtual Memory: 262.53 MB used, 262.53 MB peak
[2021.08.31-05.02.48:815][  0]LogMemory: Physical Memory: 13550.93 MB used,  19163.62 MB free, 32714.55 MB total
[2021.08.31-05.02.48:815][  0]LogMemory: Virtual Memory: 4774.09 MB used,  19163.62 MB free, 134217728.00 MB total
[2021.08.31-05.02.48:908][  0]LogInit: Using OS detected language (ko-KR).
[2021.08.31-05.02.48:908][  0]LogInit: Using OS detected locale (ko-KR).
[2021.08.31-05.02.48:912][  0]LogTextLocalizationManager: No specific localization for 'ko-KR' exists, so the 'ko' localization will be used.
[2021.08.31-05.02.49:260][  0]LogStreaming: Display: Took  0.351s to EndInitTextLocalization.
[2021.08.31-05.02.49:260][  0]LogInit: Setting process to per monitor DPI aware
[2021.08.31-05.02.49:308][  0]LogSlate: New Slate User Created.  User Index 0, Is Virtual User: 0
[2021.08.31-05.02.49:308][  0]LogSlate: Slate User Registered.  User Index 0, Is Virtual User: 0
[2021.08.31-05.02.49:557][  0]LogD3D11RHI: D3D11 adapters:
[2021.08.31-05.02.49:653][  0]LogD3D11RHI:    0. 'NVIDIA GeForce RTX 2080' (Feature Level 11_0)
[2021.08.31-05.02.49:653][  0]LogD3D11RHI:       8010/0/16357 MB DedicatedVideo/DedicatedSystem/SharedSystem, Outputs:1, VendorId:0x10de
[2021.08.31-05.02.49:657][  0]LogD3D11RHI:    1. 'Microsoft Basic Render Driver' (Feature Level 11_0)
[2021.08.31-05.02.49:657][  0]LogD3D11RHI:       0/0/16357 MB DedicatedVideo/DedicatedSystem/SharedSystem, Outputs:0, VendorId:0x1414
[2021.08.31-05.02.49:657][  0]LogD3D11RHI: Chosen D3D11 Adapter: 0
[2021.08.31-05.02.49:664][  0]LogD3D11RHI: Creating new Direct3DDevice
[2021.08.31-05.02.49:664][  0]LogD3D11RHI:     GPU DeviceId: 0x1e87 (for the marketing name, search the web for "GPU Device Id")
[2021.08.31-05.02.49:664][  0]LogWindows: EnumDisplayDevices:
[2021.08.31-05.02.49:664][  0]LogWindows:    0. 'NVIDIA GeForce RTX 2080' (P:1 D:1)
[2021.08.31-05.02.49:665][  0]LogWindows:    1. 'NVIDIA GeForce RTX 2080' (P:0 D:0)
[2021.08.31-05.02.49:665][  0]LogWindows:    2. 'NVIDIA GeForce RTX 2080' (P:0 D:0)
[2021.08.31-05.02.49:666][  0]LogWindows:    3. 'NVIDIA GeForce RTX 2080' (P:0 D:0)
[2021.08.31-05.02.49:666][  0]LogWindows: DebugString: GetVideoDriverDetailsInvalid PrimaryIsNotTheChoosenAdapter GetVideoDriverDetailsInvalid PrimaryIsNotTheChoosenAdapter GetVideoDriverDetailsInvalid PrimaryIsNotTheChoosenAdapter GetVideoDriverDetailsInvalid PrimaryIsNotTheChoosenAdapter FoundDriverCount:0 
[2021.08.31-05.02.49:666][  0]LogD3D11RHI:     Adapter Name: NVIDIA GeForce RTX 2080
[2021.08.31-05.02.49:666][  0]LogD3D11RHI:   Driver Version: Unknown (internal:Unknown, unified:Unknown)
[2021.08.31-05.02.49:666][  0]LogD3D11RHI:      Driver Date: Unknown
[2021.08.31-05.02.49:666][  0]LogRHI: Texture pool is 5607 MB (70% of 8010 MB)
[2021.08.31-05.02.49:740][  0]LogD3D11RHI: [Aftermath] Aftermath enabled and primed
[2021.08.31-05.02.49:740][  0]LogD3D11RHI: [Aftermath] Aftermath enabled and primed
[2021.08.31-05.02.49:740][  0]LogD3D11RHI: Async texture creation enabled
[2021.08.31-05.02.49:752][  0]LogD3D11RHI: GPU Timing Frequency: 1000.000000 (Debug: 2 1)
[2021.08.31-05.02.49:756][  0]LogShaderCompilers: Guid format shader working directory is 33 characters bigger than the processId version (D:/game/GAME/Intermediate/Shaders/WorkingDirectory/21660/).
[2021.08.31-05.02.49:756][  0]LogShaderCompilers: Cleaned the shader compiler working directory 'C:/Users/HAEUN/AppData/Local/Temp/UnrealShaderWorkingDir/EE12ABB743E63A1D79D1508361B43143/'.
[2021.08.31-05.02.49:974][  0]LogTemp: Display: Loaded TP AllDesktopTargetPlatform
[2021.08.31-05.02.49:989][  0]LogTemp: Display: Loaded TP MacClientTargetPlatform
[2021.08.31-05.02.50:003][  0]LogTemp: Display: Loaded TP MacNoEditorTargetPlatform
[2021.08.31-05.02.50:017][  0]LogTemp: Display: Loaded TP MacServerTargetPlatform
[2021.08.31-05.02.50:031][  0]LogTemp: Display: Loaded TP MacTargetPlatform
[2021.08.31-05.02.50:045][  0]LogTemp: Display: Loaded TP WindowsClientTargetPlatform
[2021.08.31-05.02.50:059][  0]LogTemp: Display: Loaded TP WindowsNoEditorTargetPlatform
[2021.08.31-05.02.50:073][  0]LogTemp: Display: Loaded TP WindowsServerTargetPlatform
[2021.08.31-05.02.50:079][  0]LogTemp: Display: Loaded TP WindowsTargetPlatform
[2021.08.31-05.02.50:092][  0]LogTemp: Display: Loaded TP Android_ASTCTargetPlatform
[2021.08.31-05.02.50:104][  0]LogTemp: Display: Loaded TP Android_ATCTargetPlatform
[2021.08.31-05.02.50:117][  0]LogTemp: Display: Loaded TP Android_DXTTargetPlatform
[2021.08.31-05.02.50:129][  0]LogTemp: Display: Loaded TP Android_ETC1aTargetPlatform
[2021.08.31-05.02.50:141][  0]LogTemp: Display: Loaded TP Android_ETC1TargetPlatform
[2021.08.31-05.02.50:153][  0]LogTemp: Display: Loaded TP Android_ETC2TargetPlatform
[2021.08.31-05.02.50:178][  0]LogTemp: Display: Loaded TP Android_MultiTargetPlatform
[2021.08.31-05.02.50:178][  0]LogTemp: Display: Loaded TP Android_PVRTCTargetPlatform
[2021.08.31-05.02.50:191][  0]LogTemp: Display: Loaded TP AndroidTargetPlatform
[2021.08.31-05.02.50:193][  0]LogTemp: Display: Loaded TP HTML5TargetPlatform
[2021.08.31-05.02.50:230][  0]LogTemp: Display: Loaded TP IOSTargetPlatform
[2021.08.31-05.02.50:243][  0]LogTemp: Display: Loaded TP TVOSTargetPlatform
[2021.08.31-05.02.50:255][  0]LogTemp: Display: Loaded TP LinuxClientTargetPlatform
[2021.08.31-05.02.50:268][  0]LogTemp: Display: Loaded TP LinuxNoEditorTargetPlatform
[2021.08.31-05.02.50:281][  0]LogTemp: Display: Loaded TP LinuxServerTargetPlatform
[2021.08.31-05.02.50:294][  0]LogTemp: Display: Loaded TP LinuxTargetPlatform
[2021.08.31-05.02.50:294][  0]LogTargetPlatformManager: Display: Building Assets For Windows
[2021.08.31-05.02.50:419][  0]LogXGEController: Cannot use XGE Controller as Incredibuild is not installed on this machine.
[2021.08.31-05.02.50:419][  0]LogShaderCompilers: Cannot use XGE Shader Compiler as Incredibuild is not installed on this machine.
[2021.08.31-05.02.50:419][  0]LogShaderCompilers: Display: Using Local Shader Compiler.
[2021.08.31-05.02.51:214][  0]LogDerivedDataCache: Display: Max Cache Size: 512 MB
[2021.08.31-05.02.51:273][  0]LogDerivedDataCache: Loaded boot cache 0.06s 76MB C:/Users/HAEUN/AppData/Local/UnrealEngine/4.19/DerivedDataCache/Boot.ddc.
[2021.08.31-05.02.51:273][  0]LogDerivedDataCache: Display: Loaded Boot cache: C:/Users/HAEUN/AppData/Local/UnrealEngine/4.19/DerivedDataCache/Boot.ddc
[2021.08.31-05.02.51:273][  0]LogDerivedDataCache: FDerivedDataBackendGraph:  Pak pak cache file D:/game/GAME/DerivedDataCache/DDC.ddp not found, will not use a pak cache.
[2021.08.31-05.02.51:273][  0]LogDerivedDataCache: Unable to find inner node Pak for hierarchical cache Hierarchy.
[2021.08.31-05.02.51:273][  0]LogDerivedDataCache: FDerivedDataBackendGraph:  CompressedPak pak cache file D:/game/GAME/DerivedDataCache/Compressed.ddp not found, will not use a pak cache.
[2021.08.31-05.02.51:273][  0]LogDerivedDataCache: Unable to find inner node CompressedPak for hierarchical cache Hierarchy.
[2021.08.31-05.02.51:287][  0]LogDerivedDataCache: Display: Pak cache opened for reading ../../../Engine/DerivedDataCache/Compressed.ddp.
[2021.08.31-05.02.51:300][  0]LogDerivedDataCache: Using Local data cache path C:/Users/HAEUN/AppData/Local/UnrealEngine/Common/DerivedDataCache: Writable
[2021.08.31-05.02.51:300][  0]LogDerivedDataCache: Shared data cache path not found in *engine.ini, will not use an Shared cache.
[2021.08.31-05.02.51:300][  0]LogDerivedDataCache: Unable to find inner node Shared for hierarchical cache Hierarchy.
[2021.08.31-05.02.51:310][  0]LogMaterial: Verifying Global Shaders for PCD3D_SM5
[2021.08.31-05.02.51:311][  0]LogSlate: Using Freetype 2.6.0
[2021.08.31-05.02.51:311][  0]LogSlate: SlateFontCache - WITH_FREETYPE: 1, WITH_HARFBUZZ: 1
[2021.08.31-05.02.51:311][  0]LogSlate: SlateFontCache - WITH_FREETYPE: 1, WITH_HARFBUZZ: 1
[2021.08.31-05.02.51:449][  0]LogAssetRegistry: FAssetRegistry took 0.0263 seconds to start up
[2021.08.31-05.02.51:733][  0]LogInit: Selected Device Profile: [Windows]
[2021.08.31-05.02.51:874][  0]LogSimplygon: Simplygon DLL not present - disabling.
[2021.08.31-05.02.51:876][  0]LogMeshReduction: Using SimplygonSwarm for distributed automatic mesh merging
[2021.08.31-05.02.51:877][  0]LogMeshReduction: Using QuadricMeshReduction for automatic static mesh reduction
[2021.08.31-05.02.51:877][  0]LogMeshReduction: No automatic skeletal mesh reduction module available
[2021.08.31-05.02.51:877][  0]LogMeshReduction: No automatic mesh merging module available
[2021.08.31-05.02.51:877][  0]LogMeshMerging: No automatic mesh merging module available
[2021.08.31-05.02.51:908][  0]LogNetVersion: ArenaBattle , NetCL: 3944462, EngineNetVer: 2, GameNetVer: 0 (Checksum: 3555152549)
[2021.08.31-05.02.52:298][  0]LogPackageLocalizationCache: Processed 9 localized package path(s) for 2 prioritized culture(s) in 0.052561 seconds
[2021.08.31-05.02.52:303][  0]LogUObjectArray: 36728 objects as part of root set at end of initial load.
[2021.08.31-05.02.52:303][  0]LogUObjectAllocator: 7314312 out of 0 bytes used by permanent object pool.
[2021.08.31-05.02.52:303][  0]LogUObjectArray: CloseDisregardForGC: 0/0 objects in disregard for GC pool
[2021.08.31-05.02.53:538][  0]LogModuleManager: Warning: ModuleManager: Unable to load module 'ArenaBattleSetting' because the file 'D:/game/GAME/Binaries/Win64/UE4Editor-ArenaBattleSetting.dll' was not found.
[2021.08.31-05.02.56:604][  0]LogWindowsTextInputMethodSystem: Display: IME system now activated using TSF (Microsoft 입력기).
[2021.08.31-05.02.56:612][  0]LogSlate: Slate User Destroyed.  User Index 0, Is Virtual User: 0
[2021.08.31-05.02.56:612][  0]LogExit: Preparing to exit.
[2021.08.31-05.02.56:685][  0]LogDirectoryWatcher: A directory notification for '../../../Engine/Content/' was aborted.
[2021.08.31-05.02.56:685][  0]LogDirectoryWatcher: A directory notification for 'D:/game/GAME/Content/' was aborted.
[2021.08.31-05.02.56:686][  0]LogDirectoryWatcher: A directory notification for '../../Plugins/2D/Paper2D/Content/' was aborted.
[2021.08.31-05.02.56:686][  0]LogDirectoryWatcher: A directory notification for '../../Plugins/Enterprise/DatasmithContent/Content/' was aborted.
[2021.08.31-05.02.56:686][  0]LogDirectoryWatcher: A directory notification for '../../Plugins/Media/MediaCompositing/Content/' was aborted.
[2021.08.31-05.02.56:686][  0]LogDirectoryWatcher: A directory notification for '../../Plugins/Runtime/AppleARKit/Content/' was aborted.
[2021.08.31-05.02.56:686][  0]LogDirectoryWatcher: A directory notification for '../../Plugins/Runtime/Oculus/OculusVR/Content/' was aborted.
[2021.08.31-05.02.56:686][  0]LogDirectoryWatcher: A directory notification for '../../Plugins/Runtime/Steam/SteamVR/Content/' was aborted.
[2021.08.31-05.02.56:717][  0]LogExit: Object subsystem successfully closed.
[2021.08.31-05.02.56:737][  0]LogShaderCompilers: Display: Shaders left to compile 0
[2021.08.31-05.02.56:737][  0]LogD3D11RHI: Shutdown
[2021.08.31-05.02.56:737][  0]LogD3D11RHI: CleanupD3DDevice
[2021.08.31-05.02.56:766][  0]LogD3D11RHI: ~FD3D11DynamicRHI
[2021.08.31-05.02.56:766][  0]LogModuleManager: Shutting down and abandoning module WindowsMoviePlayer (236)
[2021.08.31-05.02.56:766][  0]LogModuleManager: Shutting down and abandoning module WmfMedia (234)
[2021.08.31-05.02.56:770][  0]LogModuleManager: Shutting down and abandoning module Media (233)
[2021.08.31-05.02.56:776][  0]LogModuleManager: Shutting down and abandoning module PacketHandler (230)
[2021.08.31-05.02.56:776][  0]LogModuleManager: Shutting down and abandoning module ClothingSystemEditor (228)
[2021.08.31-05.02.56:776][  0]LogModuleManager: Shutting down and abandoning module ClothingSystemRuntime (226)
[2021.08.31-05.02.56:776][  0]LogModuleManager: Shutting down and abandoning module MediaAssets (224)
[2021.08.31-05.02.56:776][  0]LogModuleManager: Shutting down and abandoning module Overlay (222)
[2021.08.31-05.02.56:776][  0]LogModuleManager: Shutting down and abandoning module OverlayEditor (221)
[2021.08.31-05.02.56:776][  0]LogModuleManager: Shutting down and abandoning module VREditor (218)
[2021.08.31-05.02.56:776][  0]LogModuleManager: Shutting down and abandoning module StringTableEditor (216)
[2021.08.31-05.02.56:776][  0]LogModuleManager: Shutting down and abandoning module GameplayTasksEditor (214)
[2021.08.31-05.02.56:776][  0]LogModuleManager: Shutting down and abandoning module BehaviorTreeEditor (212)
[2021.08.31-05.02.56:776][  0]LogModuleManager: Shutting down and abandoning module FunctionalTesting (210)
[2021.08.31-05.02.56:776][  0]LogModuleManager: Shutting down and abandoning module CollisionAnalyzer (208)
[2021.08.31-05.02.56:776][  0]LogModuleManager: Shutting down and abandoning module WorkspaceMenuStructure (207)
[2021.08.31-05.02.56:776][  0]LogModuleManager: Shutting down and abandoning module UMG (204)
[2021.08.31-05.02.56:776][  0]LogModuleManager: Shutting down and abandoning module UMGEditor (203)
[2021.08.31-05.02.56:776][  0]LogModuleManager: Shutting down and abandoning module Sequencer (202)
[2021.08.31-05.02.56:776][  0]LogModuleManager: Shutting down and abandoning module MessageLog (199)
[2021.08.31-05.02.56:781][  0]LogModuleManager: Shutting down and abandoning module SlateReflector (194)
[2021.08.31-05.02.56:781][  0]LogModuleManager: Shutting down and abandoning module Slate (192)
[2021.08.31-05.02.56:781][  0]LogModuleManager: Shutting down and abandoning module EditorStyle (190)
[2021.08.31-05.02.56:783][  0]LogModuleManager: Shutting down and abandoning module MRMesh (188)
[2021.08.31-05.02.56:783][  0]LogModuleManager: Shutting down and abandoning module SourceCodeAccess (186)
[2021.08.31-05.02.56:783][  0]LogModuleManager: Shutting down and abandoning module HeadMountedDisplay (184)
[2021.08.31-05.02.56:783][  0]LogModuleManager: Shutting down and abandoning module XAudio2 (182)
[2021.08.31-05.02.56:783][  0]LogModuleManager: Shutting down and abandoning module Networking (180)
[2021.08.31-05.02.56:783][  0]LogModuleManager: Shutting down and abandoning module Core (178)
[2021.08.31-05.02.56:783][  0]LogModuleManager: Shutting down and abandoning module LevelSequence (176)
[2021.08.31-05.02.56:783][  0]LogModuleManager: Shutting down and abandoning module KismetCompiler (174)
[2021.08.31-05.02.56:783][  0]LogModuleManager: Shutting down and abandoning module MeshUtilities (172)
[2021.08.31-05.02.56:783][  0]LogModuleManager: Shutting down and abandoning module MeshMergeUtilities (171)
[2021.08.31-05.02.56:783][  0]LogModuleManager: Shutting down and abandoning module MeshReductionInterface (170)
[2021.08.31-05.02.56:783][  0]LogModuleManager: Shutting down and abandoning module SimplygonSwarm (169)
[2021.08.31-05.02.56:783][  0]LogModuleManager: Shutting down and abandoning module SimplygonMeshReduction (167)
[2021.08.31-05.02.56:783][  0]LogModuleManager: Shutting down and abandoning module QuadricMeshReduction (165)
[2021.08.31-05.02.56:783][  0]LogModuleManager: Shutting down and abandoning module MaterialBaking (161)
[2021.08.31-05.02.56:783][  0]LogModuleManager: Shutting down and abandoning module DirectoryWatcher (157)
[2021.08.31-05.02.56:783][  0]LogModuleManager: Shutting down and abandoning module DerivedDataCache (154)
[2021.08.31-05.02.56:794][  0]LogDerivedDataCache: Shutdown
[2021.08.31-05.02.56:794][  0]LogModuleManager: Shutting down and abandoning module XGEController (152)
[2021.08.31-05.02.56:794][  0]LogModuleManager: Shutting down and abandoning module TargetPlatform (150)
[2021.08.31-05.02.56:794][  0]LogModuleManager: Shutting down and abandoning module VulkanShaderFormat (149)
[2021.08.31-05.02.56:794][  0]LogModuleManager: Shutting down and abandoning module ShaderFormatVectorVM (147)
[2021.08.31-05.02.56:794][  0]LogModuleManager: Shutting down and abandoning module ShaderFormatOpenGL (145)
[2021.08.31-05.02.56:794][  0]LogModuleManager: Shutting down and abandoning module ShaderFormatD3D (143)
[2021.08.31-05.02.56:794][  0]LogModuleManager: Shutting down and abandoning module MetalShaderFormat (141)
[2021.08.31-05.02.56:794][  0]LogModuleManager: Shutting down and abandoning module TextureFormatUncompressed (139)
[2021.08.31-05.02.56:794][  0]LogModuleManager: Shutting down and abandoning module TextureFormatPVR (137)
[2021.08.31-05.02.56:794][  0]LogModuleManager: Shutting down and abandoning module TextureFormatDXT (135)
[2021.08.31-05.02.56:794][  0]LogModuleManager: Shutting down and abandoning module TextureFormatIntelISPCTexComp (133)
[2021.08.31-05.02.56:794][  0]LogModuleManager: Shutting down and abandoning module TextureFormatASTC (131)
[2021.08.31-05.02.56:795][  0]LogModuleManager: Shutting down and abandoning module ImageWrapper (130)
[2021.08.31-05.02.56:795][  0]LogModuleManager: Shutting down and abandoning module TextureFormatAndroid (127)
[2021.08.31-05.02.56:795][  0]LogModuleManager: Shutting down and abandoning module AudioFormatOpus (125)
[2021.08.31-05.02.56:795][  0]LogModuleManager: Shutting down and abandoning module AudioFormatOgg (123)
[2021.08.31-05.02.56:795][  0]LogModuleManager: Shutting down and abandoning module AudioFormatADPCM (121)
[2021.08.31-05.02.56:795][  0]LogModuleManager: Shutting down and abandoning module LinuxTargetPlatform (119)
[2021.08.31-05.02.56:795][  0]LogModuleManager: Shutting down and abandoning module LinuxServerTargetPlatform (117)
[2021.08.31-05.02.56:795][  0]LogModuleManager: Shutting down and abandoning module LinuxNoEditorTargetPlatform (115)
[2021.08.31-05.02.56:795][  0]LogModuleManager: Shutting down and abandoning module LinuxClientTargetPlatform (113)
[2021.08.31-05.02.56:795][  0]LogModuleManager: Shutting down and abandoning module TVOSTargetPlatform (111)
[2021.08.31-05.02.56:795][  0]LogModuleManager: Shutting down and abandoning module Messaging (109)
[2021.08.31-05.02.56:795][  0]LogModuleManager: Shutting down and abandoning module IOSTargetPlatform (107)
[2021.08.31-05.02.56:795][  0]LogModuleManager: Shutting down and abandoning module HTML5TargetPlatform (105)
[2021.08.31-05.02.56:795][  0]LogModuleManager: Shutting down and abandoning module AndroidTargetPlatform (103)
[2021.08.31-05.02.56:795][  0]LogModuleManager: Shutting down and abandoning module Android_PVRTCTargetPlatform (101)
[2021.08.31-05.02.56:795][  0]LogModuleManager: Shutting down and abandoning module Android_MultiTargetPlatform (99)
[2021.08.31-05.02.56:795][  0]LogModuleManager: Shutting down and abandoning module Android_ETC2TargetPlatform (97)
[2021.08.31-05.02.56:795][  0]LogModuleManager: Shutting down and abandoning module Android_ETC1TargetPlatform (95)
[2021.08.31-05.02.56:795][  0]LogModuleManager: Shutting down and abandoning module Android_ETC1aTargetPlatform (93)
[2021.08.31-05.02.56:795][  0]LogModuleManager: Shutting down and abandoning module Android_DXTTargetPlatform (91)
[2021.08.31-05.02.56:795][  0]LogModuleManager: Shutting down and abandoning module Android_ATCTargetPlatform (89)
[2021.08.31-05.02.56:795][  0]LogModuleManager: Shutting down and abandoning module Android_ASTCTargetPlatform (87)
[2021.08.31-05.02.56:795][  0]LogModuleManager: Shutting down and abandoning module WindowsTargetPlatform (85)
[2021.08.31-05.02.56:795][  0]LogModuleManager: Shutting down and abandoning module WindowsServerTargetPlatform (83)
[2021.08.31-05.02.56:795][  0]LogModuleManager: Shutting down and abandoning module WindowsNoEditorTargetPlatform (81)
[2021.08.31-05.02.56:795][  0]LogModuleManager: Shutting down and abandoning module WindowsClientTargetPlatform (79)
[2021.08.31-05.02.56:795][  0]LogModuleManager: Shutting down and abandoning module MacTargetPlatform (77)
[2021.08.31-05.02.56:795][  0]LogModuleManager: Shutting down and abandoning module MacServerTargetPlatform (75)
[2021.08.31-05.02.56:795][  0]LogModuleManager: Shutting down and abandoning module MacNoEditorTargetPlatform (73)
[2021.08.31-05.02.56:795][  0]LogModuleManager: Shutting down and abandoning module MacClientTargetPlatform (71)
[2021.08.31-05.02.56:795][  0]LogModuleManager: Shutting down and abandoning module AllDesktopTargetPlatform (69)
[2021.08.31-05.02.56:795][  0]LogModuleManager: Shutting down and abandoning module InputCore (66)
[2021.08.31-05.02.56:795][  0]LogModuleManager: Shutting down and abandoning module Settings (64)
[2021.08.31-05.02.56:795][  0]LogModuleManager: Shutting down and abandoning module PhysXCooking (62)
[2021.08.31-05.02.56:795][  0]LogModuleManager: Shutting down and abandoning module SteamVR (60)
[2021.08.31-05.02.56:795][  0]LogModuleManager: Shutting down and abandoning module OculusHMD (58)
[2021.08.31-05.02.56:795][  0]LogModuleManager: Shutting down and abandoning module ExampleDeviceProfileSelector (56)
[2021.08.31-05.02.56:795][  0]LogModuleManager: Shutting down and abandoning module AppleARKit (54)
[2021.08.31-05.02.56:795][  0]LogModuleManager: Shutting down and abandoning module AugmentedReality (51)
[2021.08.31-05.02.56:795][  0]LogModuleManager: Shutting down and abandoning module OnlineBlueprintSupport (48)
[2021.08.31-05.02.56:795][  0]LogModuleManager: Shutting down and abandoning module OnlineSubsystem (44)
[2021.08.31-05.02.56:795][  0]LogModuleManager: Shutting down and abandoning module XMPP (43)
[2021.08.31-05.02.56:795][  0]LogModuleManager: Shutting down and abandoning module HTTP (41)
[2021.08.31-05.02.56:797][  0]LogModuleManager: Shutting down and abandoning module SSL (40)
[2021.08.31-05.02.56:798][  0]LogModuleManager: Shutting down and abandoning module AnimationModifiers (36)
[2021.08.31-05.02.56:798][  0]LogModuleManager: Shutting down and abandoning module PropertyEditor (35)
[2021.08.31-05.02.56:798][  0]LogModuleManager: Shutting down and abandoning module AudioEditor (32)
[2021.08.31-05.02.56:798][  0]LogModuleManager: Shutting down and abandoning module TextureCompressor (30)
[2021.08.31-05.02.56:798][  0]LogModuleManager: Shutting down and abandoning module ShaderCore (28)
[2021.08.31-05.02.56:798][  0]LogModuleManager: Shutting down and abandoning module Landscape (26)
[2021.08.31-05.02.56:798][  0]LogModuleManager: Shutting down and abandoning module SlateRHIRenderer (24)
[2021.08.31-05.02.56:798][  0]LogModuleManager: Shutting down and abandoning module OpenGLDrv (22)
[2021.08.31-05.02.56:798][  0]LogModuleManager: Shutting down and abandoning module D3D11RHI (20)
[2021.08.31-05.02.56:798][  0]LogModuleManager: Shutting down and abandoning module AnimGraphRuntime (18)
[2021.08.31-05.02.56:798][  0]LogModuleManager: Shutting down and abandoning module Renderer (16)
[2021.08.31-05.02.56:798][  0]LogModuleManager: Shutting down and abandoning module Engine (14)
[2021.08.31-05.02.56:798][  0]LogModuleManager: Shutting down and abandoning module CoreUObject (12)
[2021.08.31-05.02.56:798][  0]LogModuleManager: Shutting down and abandoning module NetworkFile (10)
[2021.08.31-05.02.56:798][  0]LogModuleManager: Shutting down and abandoning module CookedIterativeFile (8)
[2021.08.31-05.02.56:798][  0]LogModuleManager: Shutting down and abandoning module StreamingFile (6)
[2021.08.31-05.02.56:798][  0]LogModuleManager: Shutting down and abandoning module SandboxFile (4)
[2021.08.31-05.02.56:799][  0]LogModuleManager: Shutting down and abandoning module PakFile (2)
[2021.08.31-05.02.56:802][  0]LogExit: Exiting.
[2021.08.31-05.02.56:803][  0]Log file closed, 08/31/21 14:02:56
