Log file open, 08/31/21 14:26:15
LogWindows: Failed to load 'aqProf.dll' (GetLastError=126)
LogWindows: File 'aqProf.dll' does not exist
LogWindows: Failed to load 'VtuneApi.dll' (GetLastError=126)
LogWindows: File 'VtuneApi.dll' does not exist
LogWindows: Failed to load 'VtuneApi32e.dll' (GetLastError=126)
LogWindows: File 'VtuneApi32e.dll' does not exist
LogInit: Display: Running engine for game: ArenaBattle
LogPlatformFile: Not using cached read wrapper
LogInit: Display: RandInit(-818482055) SRandInit(-818482055).
LogInit: Read version file with build ID '3944462'
LogInit: Overriding engine version to CL 4033788, compatible CL 3944462
LogInit: Registered custom module enumerator with build ID '3944462'
LogTaskGraph: Started task graph with 5 named threads and 20 total threads with 3 sets of task threads.
LogStats: Stats thread started at 0.302943
LogD3D11RHI: Aftermath initialized
LogICUInternationalization: Display: ICU TimeZone Detection - Raw Offset: +9:00, Platform Override: ''
LogPluginManager: Mounting plugin Paper2D
LogPluginManager: Mounting plugin LiveLink
LogPluginManager: Mounting plugin LightPropagationVolume
LogPluginManager: Mounting plugin CLionSourceCodeAccess
LogPluginManager: Mounting plugin CodeLiteSourceCodeAccess
LogPluginManager: Mounting plugin GitSourceControl
LogPluginManager: Mounting plugin KDevelopSourceCodeAccess
LogPluginManager: Mounting plugin NullSourceCodeAccess
LogPluginManager: Mounting plugin PerforceSourceControl
LogPluginManager: Mounting plugin SubversionSourceControl
LogPluginManager: Mounting plugin UObjectPlugin
LogPluginManager: Mounting plugin VisualStudioCodeSourceCodeAccess
LogPluginManager: Mounting plugin VisualStudioSourceCodeAccess
LogPluginManager: Mounting plugin XCodeSourceCodeAccess
LogPluginManager: Mounting plugin AssetManagerEditor
LogPluginManager: Mounting plugin CryptoKeys
LogPluginManager: Mounting plugin DataValidation
LogPluginManager: Mounting plugin FacialAnimation
LogPluginManager: Mounting plugin GameplayTagsEditor
LogPluginManager: Mounting plugin MobileLauncherProfileWizard
LogPluginManager: Mounting plugin PluginBrowser
LogPluginManager: Mounting plugin SpeedTreeImporter
LogPluginManager: Mounting plugin DatasmithContent
LogPluginManager: Mounting plugin AlembicImporter
LogPluginManager: Mounting plugin CharacterAI
LogPluginManager: Mounting plugin HTML5Networking
LogPluginManager: Mounting plugin AndroidMedia
LogPluginManager: Mounting plugin AvfMedia
LogPluginManager: Mounting plugin ImgMedia
LogPluginManager: Mounting plugin LinearTimecode
LogPluginManager: Mounting plugin MediaCompositing
LogPluginManager: Mounting plugin MediaPlayerEditor
LogPluginManager: Mounting plugin WmfMedia
LogPluginManager: Mounting plugin TcpMessaging
LogPluginManager: Mounting plugin UdpMessaging
LogPluginManager: Mounting plugin ActorSequence
LogPluginManager: Mounting plugin LevelSequenceEditor
LogPluginManager: Mounting plugin MatineeToLevelSequence
LogPluginManager: Mounting plugin NetcodeUnitTest
LogPluginManager: Mounting plugin NUTUnrealEngine4
LogPluginManager: Mounting plugin OnlineSubsystemGooglePlay
LogPluginManager: Mounting plugin OnlineSubsystemIOS
LogPluginManager: Mounting plugin OnlineSubsystem
LogPluginManager: Mounting plugin OnlineSubsystemNull
LogPluginManager: Mounting plugin OnlineSubsystemUtils
LogPluginManager: Mounting plugin AndroidDeviceProfileSelector
LogPluginManager: Mounting plugin AndroidMoviePlayer
LogPluginManager: Mounting plugin AndroidPermission
LogPluginManager: Mounting plugin AppleARKit
LogPluginManager: Mounting plugin AppleMoviePlayer
LogPluginManager: Mounting plugin ArchVisCharacter
LogPluginManager: Mounting plugin AudioCapture
LogPluginManager: Mounting plugin CableComponent
LogPluginManager: Mounting plugin CustomMeshComponent
LogPluginManager: Mounting plugin ExampleDeviceProfileSelector
LogPluginManager: Mounting plugin GoogleCloudMessaging
LogPluginManager: Mounting plugin ImmediatePhysics
LogPluginManager: Mounting plugin IOSDeviceProfileSelector
LogPluginManager: Mounting plugin LinuxDeviceProfileSelector
LogPluginManager: Mounting plugin LocationServicesBPLibrary
LogPluginManager: Mounting plugin MobilePatchingUtils
LogPluginManager: Mounting plugin OculusVR
LogPluginManager: Plugin shader directory ../../../Engine/Plugins/Runtime/Oculus/OculusVR/Shaders found
LogPluginManager: Mapping shader source directory ../../../Engine/Plugins/Runtime/Oculus/OculusVR/Shaders to virtual directory /Plugin/OculusVR
LogPluginManager: Mounting plugin PhysXVehicles
LogPluginManager: Mounting plugin ProceduralMeshComponent
LogPluginManager: Mounting plugin RuntimePhysXCooking
LogPluginManager: Mounting plugin SteamVR
LogPluginManager: Mounting plugin WindowsMoviePlayer
LogStreaming: Display: Took  0.087s to configure plugins.
LogModuleManager: Display: Found up-to-date module file ../../../Engine/Plugins/2D/Paper2D/Binaries/Win64/UE4Editor-Paper2D.dll (API version 3944462).
LogModuleManager: Display: Found up-to-date module file ../../../Engine/Plugins/2D/Paper2D/Binaries/Win64/UE4Editor-Paper2DEditor.dll (API version 3944462).
LogModuleManager: Display: Found up-to-date module file ../../../Engine/Plugins/2D/Paper2D/Binaries/Win64/UE4Editor-PaperSpriteSheetImporter.dll (API version 3944462).
LogModuleManager: Display: Found up-to-date module file ../../../Engine/Plugins/2D/Paper2D/Binaries/Win64/UE4Editor-PaperTiledImporter.dll (API version 3944462).
LogModuleManager: Display: Found up-to-date module file ../../../Engine/Plugins/2D/Paper2D/Binaries/Win64/UE4Editor-SmartSnapping.dll (API version 3944462).
LogModuleManager: Display: Found up-to-date module file ../../../Engine/Plugins/Animation/LiveLink/Binaries/Win64/UE4Editor-LiveLink.dll (API version 3944462).
LogModuleManager: Display: Found up-to-date module file ../../../Engine/Plugins/Animation/LiveLink/Binaries/Win64/UE4Editor-LiveLinkEditor.dll (API version 3944462).
LogModuleManager: Display: Found up-to-date module file ../../../Engine/Plugins/Blendables/LightPropagationVolume/Binaries/Win64/UE4Editor-LightPropagationVolumeRuntime.dll (API version 3944462).
LogModuleManager: Display: Found up-to-date module file ../../../Engine/Plugins/Blendables/LightPropagationVolume/Binaries/Win64/UE4Editor-LightPropagationVolumeEditor.dll (API version 3944462).
LogModuleManager: Display: Found up-to-date module file ../../../Engine/Plugins/Developer/CLionSourceCodeAccess/Binaries/Win64/UE4Editor-CLionSourceCodeAccess.dll (API version 3944462).
LogModuleManager: Display: Found up-to-date module file ../../../Engine/Plugins/Developer/GitSourceControl/Binaries/Win64/UE4Editor-GitSourceControl.dll (API version 3944462).
LogModuleManager: Display: Found up-to-date module file ../../../Engine/Plugins/Developer/PerforceSourceControl/Binaries/Win64/UE4Editor-PerforceSourceControl.dll (API version 3944462).
LogModuleManager: Display: Found up-to-date module file ../../../Engine/Plugins/Developer/SubversionSourceControl/Binaries/Win64/UE4Editor-SubversionSourceControl.dll (API version 3944462).
LogModuleManager: Display: Found up-to-date module file ../../../Engine/Plugins/Developer/UObjectPlugin/Binaries/Win64/UE4Editor-UObjectPlugin.dll (API version 3944462).
LogModuleManager: Display: Found up-to-date module file ../../../Engine/Plugins/Developer/VisualStudioCodeSourceCodeAccess/Binaries/Win64/UE4Editor-VisualStudioCodeSourceCodeAccess.dll (API version 3944462).
LogModuleManager: Display: Found up-to-date module file ../../../Engine/Plugins/Developer/VisualStudioSourceCodeAccess/Binaries/Win64/UE4Editor-VisualStudioSourceCodeAccess.dll (API version 3944462).
LogModuleManager: Display: Found up-to-date module file ../../../Engine/Plugins/Editor/AssetManagerEditor/Binaries/Win64/UE4Editor-AssetManagerEditor.dll (API version 3944462).
LogModuleManager: Display: Found up-to-date module file ../../../Engine/Plugins/Editor/CryptoKeys/Binaries/Win64/UE4Editor-CryptoKeys.dll (API version 3944462).
LogModuleManager: Display: Found up-to-date module file ../../../Engine/Plugins/Editor/CryptoKeys/Binaries/Win64/UE4Editor-CryptoKeysOpenSSL.dll (API version 3944462).
LogModuleManager: Display: Found up-to-date module file ../../../Engine/Plugins/Editor/DataValidation/Binaries/Win64/UE4Editor-DataValidation.dll (API version 3944462).
LogModuleManager: Display: Found up-to-date module file ../../../Engine/Plugins/Editor/FacialAnimation/Binaries/Win64/UE4Editor-FacialAnimation.dll (API version 3944462).
LogModuleManager: Display: Found up-to-date module file ../../../Engine/Plugins/Editor/FacialAnimation/Binaries/Win64/UE4Editor-FacialAnimationEditor.dll (API version 3944462).
LogModuleManager: Display: Found up-to-date module file ../../../Engine/Plugins/Editor/GameplayTagsEditor/Binaries/Win64/UE4Editor-GameplayTagsEditor.dll (API version 3944462).
LogModuleManager: Display: Found up-to-date module file ../../../Engine/Plugins/Editor/MobileLauncherProfileWizard/Binaries/Win64/UE4Editor-MobileLauncherProfileWizard.dll (API version 3944462).
LogModuleManager: Display: Found up-to-date module file ../../../Engine/Plugins/Editor/PluginBrowser/Binaries/Win64/UE4Editor-PluginBrowser.dll (API version 3944462).
LogModuleManager: Display: Found up-to-date module file ../../../Engine/Plugins/Editor/SpeedTreeImporter/Binaries/Win64/UE4Editor-SpeedTreeImporter.dll (API version 3944462).
LogModuleManager: Display: Found up-to-date module file ../../../Engine/Plugins/Enterprise/DatasmithContent/Binaries/Win64/UE4Editor-DatasmithContent.dll (API version 3944462).
LogModuleManager: Display: Found up-to-date module file ../../../Engine/Plugins/Experimental/AlembicImporter/Binaries/Win64/UE4Editor-AlembicImporter.dll (API version 3944462).
LogModuleManager: Display: Found up-to-date module file ../../../Engine/Plugins/Experimental/AlembicImporter/Binaries/Win64/UE4Editor-AlembicLibrary.dll (API version 3944462).
LogModuleManager: Display: Found up-to-date module file ../../../Engine/Plugins/Experimental/CharacterAI/Binaries/Win64/UE4Editor-CharacterAI.dll (API version 3944462).
LogModuleManager: Display: Found up-to-date module file ../../../Engine/Plugins/Experimental/HTML5Networking/Binaries/Win64/UE4Editor-HTML5Networking.dll (API version 3944462).
LogModuleManager: Display: Found up-to-date module file ../../../Engine/Plugins/Media/AndroidMedia/Binaries/Win64/UE4Editor-AndroidMediaEditor.dll (API version 3944462).
LogModuleManager: Display: Found up-to-date module file ../../../Engine/Plugins/Media/AndroidMedia/Binaries/Win64/UE4Editor-AndroidMediaFactory.dll (API version 3944462).
LogModuleManager: Display: Found up-to-date module file ../../../Engine/Plugins/Media/AvfMedia/Binaries/Win64/UE4Editor-AvfMediaEditor.dll (API version 3944462).
LogModuleManager: Display: Found up-to-date module file ../../../Engine/Plugins/Media/AvfMedia/Binaries/Win64/UE4Editor-AvfMediaFactory.dll (API version 3944462).
LogModuleManager: Display: Found up-to-date module file ../../../Engine/Plugins/Media/AvfMedia/Binaries/Win64/UE4Editor-AvfMediaFactory.dll (API version 3944462).
LogModuleManager: Display: Found up-to-date module file ../../../Engine/Plugins/Media/ImgMedia/Binaries/Win64/UE4Editor-ImgMedia.dll (API version 3944462).
LogModuleManager: Display: Found up-to-date module file ../../../Engine/Plugins/Media/ImgMedia/Binaries/Win64/UE4Editor-ImgMediaEditor.dll (API version 3944462).
LogModuleManager: Display: Found up-to-date module file ../../../Engine/Plugins/Media/ImgMedia/Binaries/Win64/UE4Editor-ImgMediaFactory.dll (API version 3944462).
LogModuleManager: Display: Found up-to-date module file ../../../Engine/Plugins/Media/ImgMedia/Binaries/Win64/UE4Editor-ImgMediaFactory.dll (API version 3944462).
LogModuleManager: Display: Found up-to-date module file ../../../Engine/Plugins/Media/ImgMedia/Binaries/Win64/UE4Editor-OpenExrWrapper.dll (API version 3944462).
LogModuleManager: Display: Found up-to-date module file ../../../Engine/Plugins/Media/LinearTimecode/Binaries/Win64/UE4Editor-LinearTimecode.dll (API version 3944462).
LogModuleManager: Display: Found up-to-date module file ../../../Engine/Plugins/Media/MediaCompositing/Binaries/Win64/UE4Editor-MediaCompositing.dll (API version 3944462).
LogModuleManager: Display: Found up-to-date module file ../../../Engine/Plugins/Media/MediaCompositing/Binaries/Win64/UE4Editor-MediaCompositingEditor.dll (API version 3944462).
LogModuleManager: Display: Found up-to-date module file ../../../Engine/Plugins/Media/MediaPlayerEditor/Binaries/Win64/UE4Editor-MediaPlayerEditor.dll (API version 3944462).
LogModuleManager: Display: Found up-to-date module file ../../../Engine/Plugins/Media/WmfMedia/Binaries/Win64/UE4Editor-WmfMedia.dll (API version 3944462).
LogModuleManager: Display: Found up-to-date module file ../../../Engine/Plugins/Media/WmfMedia/Binaries/Win64/UE4Editor-WmfMediaEditor.dll (API version 3944462).
LogModuleManager: Display: Found up-to-date module file ../../../Engine/Plugins/Media/WmfMedia/Binaries/Win64/UE4Editor-WmfMediaFactory.dll (API version 3944462).
LogModuleManager: Display: Found up-to-date module file ../../../Engine/Plugins/Media/WmfMedia/Binaries/Win64/UE4Editor-WmfMediaFactory.dll (API version 3944462).
LogModuleManager: Display: Found up-to-date module file ../../../Engine/Plugins/Messaging/TcpMessaging/Binaries/Win64/UE4Editor-TcpMessaging.dll (API version 3944462).
LogModuleManager: Display: Found up-to-date module file ../../../Engine/Plugins/Messaging/UdpMessaging/Binaries/Win64/UE4Editor-UdpMessaging.dll (API version 3944462).
LogModuleManager: Display: Found up-to-date module file ../../../Engine/Plugins/MovieScene/ActorSequence/Binaries/Win64/UE4Editor-ActorSequence.dll (API version 3944462).
LogModuleManager: Display: Found up-to-date module file ../../../Engine/Plugins/MovieScene/LevelSequenceEditor/Binaries/Win64/UE4Editor-LevelSequenceEditor.dll (API version 3944462).
LogModuleManager: Display: Found up-to-date module file ../../../Engine/Plugins/MovieScene/MatineeToLevelSequence/Binaries/Win64/UE4Editor-MatineeToLevelSequence.dll (API version 3944462).
LogModuleManager: Display: Found up-to-date module file ../../../Engine/Plugins/NetcodeUnitTest/NetcodeUnitTest/Binaries/Win64/UE4Editor-NetcodeUnitTest.dll (API version 3944462).
LogModuleManager: Display: Found up-to-date module file ../../../Engine/Plugins/NetcodeUnitTest/NUTUnrealEngine4/Binaries/Win64/UE4Editor-NUTUnrealEngine4.dll (API version 3944462).
LogModuleManager: Display: Found up-to-date module file ../../../Engine/Plugins/Online/OnlineSubsystem/Binaries/Win64/UE4Editor-OnlineSubsystem.dll (API version 3944462).
LogModuleManager: Display: Found up-to-date module file ../../../Engine/Plugins/Online/OnlineSubsystemNull/Binaries/Win64/UE4Editor-OnlineSubsystemNull.dll (API version 3944462).
LogModuleManager: Display: Found up-to-date module file ../../../Engine/Plugins/Online/OnlineSubsystemUtils/Binaries/Win64/UE4Editor-OnlineSubsystemUtils.dll (API version 3944462).
LogModuleManager: Display: Found up-to-date module file ../../../Engine/Plugins/Online/OnlineSubsystemUtils/Binaries/Win64/UE4Editor-OnlineBlueprintSupport.dll (API version 3944462).
LogModuleManager: Display: Found up-to-date module file ../../../Engine/Plugins/Runtime/AndroidDeviceProfileSelector/Binaries/Win64/UE4Editor-AndroidDeviceProfileSelector.dll (API version 3944462).
LogModuleManager: Display: Found up-to-date module file ../../../Engine/Plugins/Runtime/AndroidPermission/Binaries/Win64/UE4Editor-AndroidPermission.dll (API version 3944462).
LogModuleManager: Display: Found up-to-date module file ../../../Engine/Plugins/Runtime/AppleARKit/Binaries/Win64/UE4Editor-AppleARKit.dll (API version 3944462).
LogModuleManager: Display: Found up-to-date module file ../../../Engine/Plugins/Runtime/ArchVisCharacter/Binaries/Win64/UE4Editor-ArchVisCharacter.dll (API version 3944462).
LogModuleManager: Display: Found up-to-date module file ../../../Engine/Plugins/Runtime/AudioCapture/Binaries/Win64/UE4Editor-AudioCapture.dll (API version 3944462).
LogModuleManager: Display: Found up-to-date module file ../../../Engine/Plugins/Runtime/AudioCapture/Binaries/Win64/UE4Editor-AudioCaptureEditor.dll (API version 3944462).
LogModuleManager: Display: Found up-to-date module file ../../../Engine/Plugins/Runtime/CableComponent/Binaries/Win64/UE4Editor-CableComponent.dll (API version 3944462).
LogModuleManager: Display: Found up-to-date module file ../../../Engine/Plugins/Runtime/CustomMeshComponent/Binaries/Win64/UE4Editor-CustomMeshComponent.dll (API version 3944462).
LogModuleManager: Display: Found up-to-date module file ../../../Engine/Plugins/Runtime/ExampleDeviceProfileSelector/Binaries/Win64/UE4Editor-ExampleDeviceProfileSelector.dll (API version 3944462).
LogModuleManager: Display: Found up-to-date module file ../../../Engine/Plugins/Runtime/ImmediatePhysics/Binaries/Win64/UE4Editor-ImmediatePhysics.dll (API version 3944462).
LogModuleManager: Display: Found up-to-date module file ../../../Engine/Plugins/Runtime/ImmediatePhysics/Binaries/Win64/UE4Editor-ImmediatePhysicsEditor.dll (API version 3944462).
LogModuleManager: Display: Found up-to-date module file ../../../Engine/Plugins/Runtime/LocationServicesBPLibrary/Binaries/Win64/UE4Editor-LocationServicesBPLibrary.dll (API version 3944462).
LogModuleManager: Display: Found up-to-date module file ../../../Engine/Plugins/Runtime/MobilePatchingUtils/Binaries/Win64/UE4Editor-MobilePatchingUtils.dll (API version 3944462).
LogModuleManager: Display: Found up-to-date module file ../../../Engine/Plugins/Runtime/Oculus/OculusVR/Binaries/Win64/UE4Editor-OculusHMD.dll (API version 3944462).
LogModuleManager: Display: Found up-to-date module file ../../../Engine/Plugins/Runtime/Oculus/OculusVR/Binaries/Win64/UE4Editor-OculusInput.dll (API version 3944462).
LogModuleManager: Display: Found up-to-date module file ../../../Engine/Plugins/Runtime/Oculus/OculusVR/Binaries/Win64/UE4Editor-OculusEditor.dll (API version 3944462).
LogModuleManager: Display: Found up-to-date module file ../../../Engine/Plugins/Runtime/PhysXVehicles/Binaries/Win64/UE4Editor-PhysXVehicles.dll (API version 3944462).
LogModuleManager: Display: Found up-to-date module file ../../../Engine/Plugins/Runtime/PhysXVehicles/Binaries/Win64/UE4Editor-PhysXVehiclesEditor.dll (API version 3944462).
LogModuleManager: Display: Found up-to-date module file ../../../Engine/Plugins/Runtime/ProceduralMeshComponent/Binaries/Win64/UE4Editor-ProceduralMeshComponent.dll (API version 3944462).
LogModuleManager: Display: Found up-to-date module file ../../../Engine/Plugins/Runtime/ProceduralMeshComponent/Binaries/Win64/UE4Editor-ProceduralMeshComponentEditor.dll (API version 3944462).
LogModuleManager: Display: Found up-to-date module file ../../../Engine/Plugins/Runtime/RuntimePhysXCooking/Binaries/Win64/UE4Editor-RuntimePhysXCooking.dll (API version 3944462).
LogModuleManager: Display: Found up-to-date module file ../../../Engine/Plugins/Runtime/Steam/SteamVR/Binaries/Win64/UE4Editor-SteamVR.dll (API version 3944462).
LogModuleManager: Display: Found up-to-date module file ../../../Engine/Plugins/Runtime/Steam/SteamVR/Binaries/Win64/UE4Editor-SteamVRController.dll (API version 3944462).
LogModuleManager: Display: Found up-to-date module file ../../../Engine/Plugins/Runtime/WindowsMoviePlayer/Binaries/Win64/UE4Editor-WindowsMoviePlayer.dll (API version 3944462).
LogInit: Warning: Incompatible or missing module: UE4Editor-ArenaBattleSetting.dll
LogInit: Warning: Incompatible or missing module: UE4Editor-ArenaBattle.dll
Running C:/Program Files/Epic Games/UE_4.19/Engine/Binaries/DotNET/UnrealBuildTool.exe ArenaBattle Development Win64 -project="D:/game/book/Projects/Chapter13/ArenaBattle.uproject" -editorrecompile -progress -NoHotReloadFromIDE
@progress push 5%
@progress pop
Performing 2 actions (6 in parallel)
[1/2] Link UE4Editor-ArenaBattle.dll
[2/2] Link UE4Editor-ArenaBattleSetting.dll
   D:\game\book\Projects\Chapter13\Intermediate\Build\Win64\UE4Editor\Development\UE4Editor-ArenaBattleSetting.suppressed.lib ???̺귯?? ?? D:\game\book\Projects\Chapter13\Intermediate\Build\Win64\UE4Editor\Development\UE4Editor-ArenaBattleSetting.suppressed.exp ??ü?? ?????ϰ? ?ֽ??ϴ?.
   D:\game\book\Projects\Chapter13\Intermediate\Build\Win64\UE4Editor\Development\UE4Editor-ArenaBattle.suppressed.lib ???̺귯?? ?? D:\game\book\Projects\Chapter13\Intermediate\Build\Win64\UE4Editor\Development\UE4Editor-ArenaBattle.suppressed.exp ??ü?? ?????ϰ? ?ֽ??ϴ?.
Total build time: 2.42 seconds (Local executor: 1.42 seconds)
LogModuleManager: Display: Found up-to-date module file D:/game/book/Projects/Chapter13/Binaries/Win64/UE4Editor-ArenaBattleSetting.dll (API version 3944462).
LogModuleManager: Display: Found up-to-date module file D:/game/book/Projects/Chapter13/Binaries/Win64/UE4Editor-ArenaBattle.dll (API version 3944462).
LogModuleManager: Display: Found up-to-date module file ../../../Engine/Plugins/2D/Paper2D/Binaries/Win64/UE4Editor-Paper2D.dll (API version 3944462).
LogModuleManager: Display: Found up-to-date module file ../../../Engine/Plugins/2D/Paper2D/Binaries/Win64/UE4Editor-Paper2DEditor.dll (API version 3944462).
LogModuleManager: Display: Found up-to-date module file ../../../Engine/Plugins/2D/Paper2D/Binaries/Win64/UE4Editor-PaperSpriteSheetImporter.dll (API version 3944462).
LogModuleManager: Display: Found up-to-date module file ../../../Engine/Plugins/2D/Paper2D/Binaries/Win64/UE4Editor-PaperTiledImporter.dll (API version 3944462).
LogModuleManager: Display: Found up-to-date module file ../../../Engine/Plugins/2D/Paper2D/Binaries/Win64/UE4Editor-SmartSnapping.dll (API version 3944462).
LogModuleManager: Display: Found up-to-date module file ../../../Engine/Plugins/Animation/LiveLink/Binaries/Win64/UE4Editor-LiveLink.dll (API version 3944462).
LogModuleManager: Display: Found up-to-date module file ../../../Engine/Plugins/Animation/LiveLink/Binaries/Win64/UE4Editor-LiveLinkEditor.dll (API version 3944462).
LogModuleManager: Display: Found up-to-date module file ../../../Engine/Plugins/Blendables/LightPropagationVolume/Binaries/Win64/UE4Editor-LightPropagationVolumeRuntime.dll (API version 3944462).
LogModuleManager: Display: Found up-to-date module file ../../../Engine/Plugins/Blendables/LightPropagationVolume/Binaries/Win64/UE4Editor-LightPropagationVolumeEditor.dll (API version 3944462).
LogModuleManager: Display: Found up-to-date module file ../../../Engine/Plugins/Developer/CLionSourceCodeAccess/Binaries/Win64/UE4Editor-CLionSourceCodeAccess.dll (API version 3944462).
LogModuleManager: Display: Found up-to-date module file ../../../Engine/Plugins/Developer/GitSourceControl/Binaries/Win64/UE4Editor-GitSourceControl.dll (API version 3944462).
LogModuleManager: Display: Found up-to-date module file ../../../Engine/Plugins/Developer/PerforceSourceControl/Binaries/Win64/UE4Editor-PerforceSourceControl.dll (API version 3944462).
LogModuleManager: Display: Found up-to-date module file ../../../Engine/Plugins/Developer/SubversionSourceControl/Binaries/Win64/UE4Editor-SubversionSourceControl.dll (API version 3944462).
LogModuleManager: Display: Found up-to-date module file ../../../Engine/Plugins/Developer/UObjectPlugin/Binaries/Win64/UE4Editor-UObjectPlugin.dll (API version 3944462).
LogModuleManager: Display: Found up-to-date module file ../../../Engine/Plugins/Developer/VisualStudioCodeSourceCodeAccess/Binaries/Win64/UE4Editor-VisualStudioCodeSourceCodeAccess.dll (API version 3944462).
LogModuleManager: Display: Found up-to-date module file ../../../Engine/Plugins/Developer/VisualStudioSourceCodeAccess/Binaries/Win64/UE4Editor-VisualStudioSourceCodeAccess.dll (API version 3944462).
LogModuleManager: Display: Found up-to-date module file ../../../Engine/Plugins/Editor/AssetManagerEditor/Binaries/Win64/UE4Editor-AssetManagerEditor.dll (API version 3944462).
LogModuleManager: Display: Found up-to-date module file ../../../Engine/Plugins/Editor/CryptoKeys/Binaries/Win64/UE4Editor-CryptoKeys.dll (API version 3944462).
LogModuleManager: Display: Found up-to-date module file ../../../Engine/Plugins/Editor/CryptoKeys/Binaries/Win64/UE4Editor-CryptoKeysOpenSSL.dll (API version 3944462).
LogModuleManager: Display: Found up-to-date module file ../../../Engine/Plugins/Editor/DataValidation/Binaries/Win64/UE4Editor-DataValidation.dll (API version 3944462).
LogModuleManager: Display: Found up-to-date module file ../../../Engine/Plugins/Editor/FacialAnimation/Binaries/Win64/UE4Editor-FacialAnimation.dll (API version 3944462).
LogModuleManager: Display: Found up-to-date module file ../../../Engine/Plugins/Editor/FacialAnimation/Binaries/Win64/UE4Editor-FacialAnimationEditor.dll (API version 3944462).
LogModuleManager: Display: Found up-to-date module file ../../../Engine/Plugins/Editor/GameplayTagsEditor/Binaries/Win64/UE4Editor-GameplayTagsEditor.dll (API version 3944462).
LogModuleManager: Display: Found up-to-date module file ../../../Engine/Plugins/Editor/MobileLauncherProfileWizard/Binaries/Win64/UE4Editor-MobileLauncherProfileWizard.dll (API version 3944462).
LogModuleManager: Display: Found up-to-date module file ../../../Engine/Plugins/Editor/PluginBrowser/Binaries/Win64/UE4Editor-PluginBrowser.dll (API version 3944462).
LogModuleManager: Display: Found up-to-date module file ../../../Engine/Plugins/Editor/SpeedTreeImporter/Binaries/Win64/UE4Editor-SpeedTreeImporter.dll (API version 3944462).
LogModuleManager: Display: Found up-to-date module file ../../../Engine/Plugins/Enterprise/DatasmithContent/Binaries/Win64/UE4Editor-DatasmithContent.dll (API version 3944462).
LogModuleManager: Display: Found up-to-date module file ../../../Engine/Plugins/Experimental/AlembicImporter/Binaries/Win64/UE4Editor-AlembicImporter.dll (API version 3944462).
LogModuleManager: Display: Found up-to-date module file ../../../Engine/Plugins/Experimental/AlembicImporter/Binaries/Win64/UE4Editor-AlembicLibrary.dll (API version 3944462).
LogModuleManager: Display: Found up-to-date module file ../../../Engine/Plugins/Experimental/CharacterAI/Binaries/Win64/UE4Editor-CharacterAI.dll (API version 3944462).
LogModuleManager: Display: Found up-to-date module file ../../../Engine/Plugins/Experimental/HTML5Networking/Binaries/Win64/UE4Editor-HTML5Networking.dll (API version 3944462).
LogModuleManager: Display: Found up-to-date module file ../../../Engine/Plugins/Media/AndroidMedia/Binaries/Win64/UE4Editor-AndroidMediaEditor.dll (API version 3944462).
LogModuleManager: Display: Found up-to-date module file ../../../Engine/Plugins/Media/AndroidMedia/Binaries/Win64/UE4Editor-AndroidMediaFactory.dll (API version 3944462).
LogModuleManager: Display: Found up-to-date module file ../../../Engine/Plugins/Media/AvfMedia/Binaries/Win64/UE4Editor-AvfMediaEditor.dll (API version 3944462).
LogModuleManager: Display: Found up-to-date module file ../../../Engine/Plugins/Media/AvfMedia/Binaries/Win64/UE4Editor-AvfMediaFactory.dll (API version 3944462).
LogModuleManager: Display: Found up-to-date module file ../../../Engine/Plugins/Media/AvfMedia/Binaries/Win64/UE4Editor-AvfMediaFactory.dll (API version 3944462).
LogModuleManager: Display: Found up-to-date module file ../../../Engine/Plugins/Media/ImgMedia/Binaries/Win64/UE4Editor-ImgMedia.dll (API version 3944462).
LogModuleManager: Display: Found up-to-date module file ../../../Engine/Plugins/Media/ImgMedia/Binaries/Win64/UE4Editor-ImgMediaEditor.dll (API version 3944462).
LogModuleManager: Display: Found up-to-date module file ../../../Engine/Plugins/Media/ImgMedia/Binaries/Win64/UE4Editor-ImgMediaFactory.dll (API version 3944462).
LogModuleManager: Display: Found up-to-date module file ../../../Engine/Plugins/Media/ImgMedia/Binaries/Win64/UE4Editor-ImgMediaFactory.dll (API version 3944462).
LogModuleManager: Display: Found up-to-date module file ../../../Engine/Plugins/Media/ImgMedia/Binaries/Win64/UE4Editor-OpenExrWrapper.dll (API version 3944462).
LogModuleManager: Display: Found up-to-date module file ../../../Engine/Plugins/Media/LinearTimecode/Binaries/Win64/UE4Editor-LinearTimecode.dll (API version 3944462).
LogModuleManager: Display: Found up-to-date module file ../../../Engine/Plugins/Media/MediaCompositing/Binaries/Win64/UE4Editor-MediaCompositing.dll (API version 3944462).
LogModuleManager: Display: Found up-to-date module file ../../../Engine/Plugins/Media/MediaCompositing/Binaries/Win64/UE4Editor-MediaCompositingEditor.dll (API version 3944462).
LogModuleManager: Display: Found up-to-date module file ../../../Engine/Plugins/Media/MediaPlayerEditor/Binaries/Win64/UE4Editor-MediaPlayerEditor.dll (API version 3944462).
LogModuleManager: Display: Found up-to-date module file ../../../Engine/Plugins/Media/WmfMedia/Binaries/Win64/UE4Editor-WmfMedia.dll (API version 3944462).
LogModuleManager: Display: Found up-to-date module file ../../../Engine/Plugins/Media/WmfMedia/Binaries/Win64/UE4Editor-WmfMediaEditor.dll (API version 3944462).
LogModuleManager: Display: Found up-to-date module file ../../../Engine/Plugins/Media/WmfMedia/Binaries/Win64/UE4Editor-WmfMediaFactory.dll (API version 3944462).
LogModuleManager: Display: Found up-to-date module file ../../../Engine/Plugins/Media/WmfMedia/Binaries/Win64/UE4Editor-WmfMediaFactory.dll (API version 3944462).
LogModuleManager: Display: Found up-to-date module file ../../../Engine/Plugins/Messaging/TcpMessaging/Binaries/Win64/UE4Editor-TcpMessaging.dll (API version 3944462).
LogModuleManager: Display: Found up-to-date module file ../../../Engine/Plugins/Messaging/UdpMessaging/Binaries/Win64/UE4Editor-UdpMessaging.dll (API version 3944462).
LogModuleManager: Display: Found up-to-date module file ../../../Engine/Plugins/MovieScene/ActorSequence/Binaries/Win64/UE4Editor-ActorSequence.dll (API version 3944462).
LogModuleManager: Display: Found up-to-date module file ../../../Engine/Plugins/MovieScene/LevelSequenceEditor/Binaries/Win64/UE4Editor-LevelSequenceEditor.dll (API version 3944462).
LogModuleManager: Display: Found up-to-date module file ../../../Engine/Plugins/MovieScene/MatineeToLevelSequence/Binaries/Win64/UE4Editor-MatineeToLevelSequence.dll (API version 3944462).
LogModuleManager: Display: Found up-to-date module file ../../../Engine/Plugins/NetcodeUnitTest/NetcodeUnitTest/Binaries/Win64/UE4Editor-NetcodeUnitTest.dll (API version 3944462).
LogModuleManager: Display: Found up-to-date module file ../../../Engine/Plugins/NetcodeUnitTest/NUTUnrealEngine4/Binaries/Win64/UE4Editor-NUTUnrealEngine4.dll (API version 3944462).
LogModuleManager: Display: Found up-to-date module file ../../../Engine/Plugins/Online/OnlineSubsystem/Binaries/Win64/UE4Editor-OnlineSubsystem.dll (API version 3944462).
LogModuleManager: Display: Found up-to-date module file ../../../Engine/Plugins/Online/OnlineSubsystemNull/Binaries/Win64/UE4Editor-OnlineSubsystemNull.dll (API version 3944462).
LogModuleManager: Display: Found up-to-date module file ../../../Engine/Plugins/Online/OnlineSubsystemUtils/Binaries/Win64/UE4Editor-OnlineSubsystemUtils.dll (API version 3944462).
LogModuleManager: Display: Found up-to-date module file ../../../Engine/Plugins/Online/OnlineSubsystemUtils/Binaries/Win64/UE4Editor-OnlineBlueprintSupport.dll (API version 3944462).
LogModuleManager: Display: Found up-to-date module file ../../../Engine/Plugins/Runtime/AndroidDeviceProfileSelector/Binaries/Win64/UE4Editor-AndroidDeviceProfileSelector.dll (API version 3944462).
LogModuleManager: Display: Found up-to-date module file ../../../Engine/Plugins/Runtime/AndroidPermission/Binaries/Win64/UE4Editor-AndroidPermission.dll (API version 3944462).
LogModuleManager: Display: Found up-to-date module file ../../../Engine/Plugins/Runtime/AppleARKit/Binaries/Win64/UE4Editor-AppleARKit.dll (API version 3944462).
LogModuleManager: Display: Found up-to-date module file ../../../Engine/Plugins/Runtime/ArchVisCharacter/Binaries/Win64/UE4Editor-ArchVisCharacter.dll (API version 3944462).
LogModuleManager: Display: Found up-to-date module file ../../../Engine/Plugins/Runtime/AudioCapture/Binaries/Win64/UE4Editor-AudioCapture.dll (API version 3944462).
LogModuleManager: Display: Found up-to-date module file ../../../Engine/Plugins/Runtime/AudioCapture/Binaries/Win64/UE4Editor-AudioCaptureEditor.dll (API version 3944462).
LogModuleManager: Display: Found up-to-date module file ../../../Engine/Plugins/Runtime/CableComponent/Binaries/Win64/UE4Editor-CableComponent.dll (API version 3944462).
LogModuleManager: Display: Found up-to-date module file ../../../Engine/Plugins/Runtime/CustomMeshComponent/Binaries/Win64/UE4Editor-CustomMeshComponent.dll (API version 3944462).
LogModuleManager: Display: Found up-to-date module file ../../../Engine/Plugins/Runtime/ExampleDeviceProfileSelector/Binaries/Win64/UE4Editor-ExampleDeviceProfileSelector.dll (API version 3944462).
LogModuleManager: Display: Found up-to-date module file ../../../Engine/Plugins/Runtime/ImmediatePhysics/Binaries/Win64/UE4Editor-ImmediatePhysics.dll (API version 3944462).
LogModuleManager: Display: Found up-to-date module file ../../../Engine/Plugins/Runtime/ImmediatePhysics/Binaries/Win64/UE4Editor-ImmediatePhysicsEditor.dll (API version 3944462).
LogModuleManager: Display: Found up-to-date module file ../../../Engine/Plugins/Runtime/LocationServicesBPLibrary/Binaries/Win64/UE4Editor-LocationServicesBPLibrary.dll (API version 3944462).
LogModuleManager: Display: Found up-to-date module file ../../../Engine/Plugins/Runtime/MobilePatchingUtils/Binaries/Win64/UE4Editor-MobilePatchingUtils.dll (API version 3944462).
LogModuleManager: Display: Found up-to-date module file ../../../Engine/Plugins/Runtime/Oculus/OculusVR/Binaries/Win64/UE4Editor-OculusHMD.dll (API version 3944462).
LogModuleManager: Display: Found up-to-date module file ../../../Engine/Plugins/Runtime/Oculus/OculusVR/Binaries/Win64/UE4Editor-OculusInput.dll (API version 3944462).
LogModuleManager: Display: Found up-to-date module file ../../../Engine/Plugins/Runtime/Oculus/OculusVR/Binaries/Win64/UE4Editor-OculusEditor.dll (API version 3944462).
LogModuleManager: Display: Found up-to-date module file ../../../Engine/Plugins/Runtime/PhysXVehicles/Binaries/Win64/UE4Editor-PhysXVehicles.dll (API version 3944462).
LogModuleManager: Display: Found up-to-date module file ../../../Engine/Plugins/Runtime/PhysXVehicles/Binaries/Win64/UE4Editor-PhysXVehiclesEditor.dll (API version 3944462).
LogModuleManager: Display: Found up-to-date module file ../../../Engine/Plugins/Runtime/ProceduralMeshComponent/Binaries/Win64/UE4Editor-ProceduralMeshComponent.dll (API version 3944462).
LogModuleManager: Display: Found up-to-date module file ../../../Engine/Plugins/Runtime/ProceduralMeshComponent/Binaries/Win64/UE4Editor-ProceduralMeshComponentEditor.dll (API version 3944462).
LogModuleManager: Display: Found up-to-date module file ../../../Engine/Plugins/Runtime/RuntimePhysXCooking/Binaries/Win64/UE4Editor-RuntimePhysXCooking.dll (API version 3944462).
LogModuleManager: Display: Found up-to-date module file ../../../Engine/Plugins/Runtime/Steam/SteamVR/Binaries/Win64/UE4Editor-SteamVR.dll (API version 3944462).
LogModuleManager: Display: Found up-to-date module file ../../../Engine/Plugins/Runtime/Steam/SteamVR/Binaries/Win64/UE4Editor-SteamVRController.dll (API version 3944462).
LogModuleManager: Display: Found up-to-date module file ../../../Engine/Plugins/Runtime/WindowsMoviePlayer/Binaries/Win64/UE4Editor-WindowsMoviePlayer.dll (API version 3944462).
LogInit: Using libcurl 7.47.1
LogInit:  - built for x86_64-pc-win32
LogInit:  - supports SSL with OpenSSL/1.0.2g
LogInit:  - supports HTTP deflate (compression) using libz 1.2.8
LogInit:  - other features:
LogInit:      CURL_VERSION_SSL
LogInit:      CURL_VERSION_LIBZ
LogInit:      CURL_VERSION_IPV6
LogInit:      CURL_VERSION_ASYNCHDNS
LogInit:      CURL_VERSION_LARGEFILE
LogInit:      CURL_VERSION_IDN
LogInit:  CurlRequestOptions (configurable via config and command line):
LogInit:  - bVerifyPeer = false  - Libcurl will NOT verify peer certificate
LogInit:  - bUseHttpProxy = false  - Libcurl will NOT use HTTP proxy
LogInit:  - bDontReuseConnections = false  - Libcurl will reuse connections
LogInit:  - CertBundlePath = nullptr  - Libcurl will use whatever was configured at build time.
LogInit:  - MaxHostConnections = 16  - Libcurl will limit the number of connections to a host
LogInit:  - LocalHostAddr = Default
LogInit: WinSock: version 1.1 (2.2), MaxSocks=32767, MaxUdp=65467
LogInit: WinSock: I am DESKTOP-FMLP5DB (1.224.172.55:0)
LogInit: Build: ++UE4+Release-4.19-CL-4033788
LogInit: Engine Version: 4.19.2-4033788+++UE4+Release-4.19
LogInit: Compatible Engine Version: 4.19.0-3944462+++UE4+Release-4.19
LogInit: Net CL: 3944462
LogDevObjectVersion: Number of dev versions registered: 18
LogDevObjectVersion:   Dev-Blueprints (B0D832E4-1F89-4F0D-ACCF-7EB736FD4AA2): 10
LogDevObjectVersion:   Dev-Build (E1C64328-A22C-4D53-A36C-8E866417BD8C): 0
LogDevObjectVersion:   Dev-Core (375EC13C-06E4-48FB-B500-84F0262A717E): 2
LogDevObjectVersion:   Dev-Editor (E4B068ED-F494-42E9-A231-DA0B2E46BB41): 23
LogDevObjectVersion:   Dev-Framework (CFFC743F-43B0-4480-9391-14DF171D2073): 33
LogDevObjectVersion:   Dev-Mobile (B02B49B5-BB20-44E9-A304-32B752E40360): 2
LogDevObjectVersion:   Dev-Networking (A4E4105C-59A1-49B5-A7C5-40C4547EDFEE): 0
LogDevObjectVersion:   Dev-Online (39C831C9-5AE6-47DC-9A44-9C173E1C8E7C): 0
LogDevObjectVersion:   Dev-Physics (78F01B33-EBEA-4F98-B9B4-84EACCB95AA2): 0
LogDevObjectVersion:   Dev-Platform (6631380F-2D4D-43E0-8009-CF276956A95A): 0
LogDevObjectVersion:   Dev-Rendering (12F88B9F-8875-4AFC-A67C-D90C383ABD29): 25
LogDevObjectVersion:   Dev-Sequencer (7B5AE74C-D270-4C10-A958-57980B212A5A): 6
LogDevObjectVersion:   Dev-VR (D7296918-1DD6-4BDD-9DE2-64A83CC13884): 1
LogDevObjectVersion:   Dev-LoadTimes (C2A15278-BFE7-4AFE-6C17-90FF531DF755): 1
LogDevObjectVersion:   Private-Geometry (6EACA3D4-40EC-4CC1-B786-8BED09428FC5): 2
LogDevObjectVersion:   Dev-AnimPhys (29E575DD-E0A3-4627-9D10-D276232CDCEA): 16
LogDevObjectVersion:   Dev-ReflectionCapture (6B266CEC-1EC7-4B8F-A30B-E4D90942FC07): 1
LogDevObjectVersion:   Dev-Automation (0DF73D61-A23F-47EA-B727-89E90C41499A): 1
LogInit: Compiled (64-bit): Apr 27 2018 02:06:57
LogInit: Compiled with Visual C++: 19.00.24215.01
LogInit: Build Configuration: Development
LogInit: Branch Name: ++UE4+Release-4.19
LogInit: Command Line:  
LogInit: Base Directory: C:/Program Files/Epic Games/UE_4.19/Engine/Binaries/Win64/
LogInit: Installed Engine Build: 1
LogStreaming: Display: Took  0.000s to delete old logs.
LogInit: Presizing for max 8388607 objects, including 0 objects not considered by GC, pre-allocating 0 bytes for permanent pool.
LogInit: Object subsystem initialized
[2021.08.31-05.26.25:842][  0]LogInit: Selected Device Profile: [Windows]
[2021.08.31-05.26.25:842][  0]LogInit: Applying CVar settings loaded from the selected device profile: [Windows]
[2021.08.31-05.26.25:850][  0]LogInit: Computer: DESKTOP-FMLP5DB
[2021.08.31-05.26.25:850][  0]LogInit: User: HAEUN
[2021.08.31-05.26.25:850][  0]LogInit: CPU Page size=4096, Cores=6
[2021.08.31-05.26.25:850][  0]LogInit: High frequency timer resolution =10.000000 MHz
[2021.08.31-05.26.25:850][  0]LogMemory: Memory total: Physical=31.9GB (32GB approx)
[2021.08.31-05.26.25:850][  0]LogMemory: Platform Memory Stats for Windows
[2021.08.31-05.26.25:850][  0]LogMemory: Process Physical Memory: 282.31 MB used, 282.32 MB peak
[2021.08.31-05.26.25:850][  0]LogMemory: Process Virtual Memory: 271.36 MB used, 271.36 MB peak
[2021.08.31-05.26.25:850][  0]LogMemory: Physical Memory: 13657.03 MB used,  19057.53 MB free, 32714.55 MB total
[2021.08.31-05.26.25:850][  0]LogMemory: Virtual Memory: 4832.08 MB used,  19057.53 MB free, 134217728.00 MB total
[2021.08.31-05.26.25:939][  0]LogInit: Using OS detected language (ko-KR).
[2021.08.31-05.26.25:939][  0]LogInit: Using OS detected locale (ko-KR).
[2021.08.31-05.26.25:943][  0]LogTextLocalizationManager: No specific localization for 'ko-KR' exists, so the 'ko' localization will be used.
[2021.08.31-05.26.26:269][  0]LogStreaming: Display: Took  0.330s to EndInitTextLocalization.
[2021.08.31-05.26.26:270][  0]LogInit: Setting process to per monitor DPI aware
[2021.08.31-05.26.26:314][  0]LogSlate: New Slate User Created.  User Index 0, Is Virtual User: 0
[2021.08.31-05.26.26:314][  0]LogSlate: Slate User Registered.  User Index 0, Is Virtual User: 0
[2021.08.31-05.26.26:540][  0]LogD3D11RHI: D3D11 adapters:
[2021.08.31-05.26.26:641][  0]LogD3D11RHI:    0. 'NVIDIA GeForce RTX 2080' (Feature Level 11_0)
[2021.08.31-05.26.26:641][  0]LogD3D11RHI:       8010/0/16357 MB DedicatedVideo/DedicatedSystem/SharedSystem, Outputs:1, VendorId:0x10de
[2021.08.31-05.26.26:644][  0]LogD3D11RHI:    1. 'Microsoft Basic Render Driver' (Feature Level 11_0)
[2021.08.31-05.26.26:644][  0]LogD3D11RHI:       0/0/16357 MB DedicatedVideo/DedicatedSystem/SharedSystem, Outputs:0, VendorId:0x1414
[2021.08.31-05.26.26:644][  0]LogD3D11RHI: Chosen D3D11 Adapter: 0
[2021.08.31-05.26.26:651][  0]LogD3D11RHI: Creating new Direct3DDevice
[2021.08.31-05.26.26:651][  0]LogD3D11RHI:     GPU DeviceId: 0x1e87 (for the marketing name, search the web for "GPU Device Id")
[2021.08.31-05.26.26:651][  0]LogWindows: EnumDisplayDevices:
[2021.08.31-05.26.26:651][  0]LogWindows:    0. 'NVIDIA GeForce RTX 2080' (P:1 D:1)
[2021.08.31-05.26.26:652][  0]LogWindows:    1. 'NVIDIA GeForce RTX 2080' (P:0 D:0)
[2021.08.31-05.26.26:652][  0]LogWindows:    2. 'NVIDIA GeForce RTX 2080' (P:0 D:0)
[2021.08.31-05.26.26:653][  0]LogWindows:    3. 'NVIDIA GeForce RTX 2080' (P:0 D:0)
[2021.08.31-05.26.26:653][  0]LogWindows: DebugString: GetVideoDriverDetailsInvalid PrimaryIsNotTheChoosenAdapter GetVideoDriverDetailsInvalid PrimaryIsNotTheChoosenAdapter GetVideoDriverDetailsInvalid PrimaryIsNotTheChoosenAdapter GetVideoDriverDetailsInvalid PrimaryIsNotTheChoosenAdapter FoundDriverCount:0 
[2021.08.31-05.26.26:653][  0]LogD3D11RHI:     Adapter Name: NVIDIA GeForce RTX 2080
[2021.08.31-05.26.26:653][  0]LogD3D11RHI:   Driver Version: Unknown (internal:Unknown, unified:Unknown)
[2021.08.31-05.26.26:653][  0]LogD3D11RHI:      Driver Date: Unknown
[2021.08.31-05.26.26:653][  0]LogRHI: Texture pool is 5607 MB (70% of 8010 MB)
[2021.08.31-05.26.26:721][  0]LogD3D11RHI: [Aftermath] Aftermath enabled and primed
[2021.08.31-05.26.26:721][  0]LogD3D11RHI: [Aftermath] Aftermath enabled and primed
[2021.08.31-05.26.26:721][  0]LogD3D11RHI: Async texture creation enabled
[2021.08.31-05.26.26:732][  0]LogD3D11RHI: GPU Timing Frequency: 1000.000000 (Debug: 2 1)
[2021.08.31-05.26.26:735][  0]LogShaderCompilers: Guid format shader working directory is 14 characters bigger than the processId version (D:/game/book/Projects/Chapter13/Intermediate/Shaders/WorkingDirectory/15612/).
[2021.08.31-05.26.26:735][  0]LogShaderCompilers: Cleaned the shader compiler working directory 'C:/Users/HAEUN/AppData/Local/Temp/UnrealShaderWorkingDir/32500FAB48C035D53E8745AEC61E64D6/'.
[2021.08.31-05.26.26:931][  0]LogTemp: Display: Loaded TP AllDesktopTargetPlatform
[2021.08.31-05.26.26:944][  0]LogTemp: Display: Loaded TP MacClientTargetPlatform
[2021.08.31-05.26.26:957][  0]LogTemp: Display: Loaded TP MacNoEditorTargetPlatform
[2021.08.31-05.26.26:971][  0]LogTemp: Display: Loaded TP MacServerTargetPlatform
[2021.08.31-05.26.26:985][  0]LogTemp: Display: Loaded TP MacTargetPlatform
[2021.08.31-05.26.26:998][  0]LogTemp: Display: Loaded TP WindowsClientTargetPlatform
[2021.08.31-05.26.27:011][  0]LogTemp: Display: Loaded TP WindowsNoEditorTargetPlatform
[2021.08.31-05.26.27:024][  0]LogTemp: Display: Loaded TP WindowsServerTargetPlatform
[2021.08.31-05.26.27:031][  0]LogTemp: Display: Loaded TP WindowsTargetPlatform
[2021.08.31-05.26.27:043][  0]LogTemp: Display: Loaded TP Android_ASTCTargetPlatform
[2021.08.31-05.26.27:054][  0]LogTemp: Display: Loaded TP Android_ATCTargetPlatform
[2021.08.31-05.26.27:066][  0]LogTemp: Display: Loaded TP Android_DXTTargetPlatform
[2021.08.31-05.26.27:078][  0]LogTemp: Display: Loaded TP Android_ETC1aTargetPlatform
[2021.08.31-05.26.27:089][  0]LogTemp: Display: Loaded TP Android_ETC1TargetPlatform
[2021.08.31-05.26.27:101][  0]LogTemp: Display: Loaded TP Android_ETC2TargetPlatform
[2021.08.31-05.26.27:125][  0]LogTemp: Display: Loaded TP Android_MultiTargetPlatform
[2021.08.31-05.26.27:125][  0]LogTemp: Display: Loaded TP Android_PVRTCTargetPlatform
[2021.08.31-05.26.27:137][  0]LogTemp: Display: Loaded TP AndroidTargetPlatform
[2021.08.31-05.26.27:138][  0]LogTemp: Display: Loaded TP HTML5TargetPlatform
[2021.08.31-05.26.27:175][  0]LogTemp: Display: Loaded TP IOSTargetPlatform
[2021.08.31-05.26.27:186][  0]LogTemp: Display: Loaded TP TVOSTargetPlatform
[2021.08.31-05.26.27:198][  0]LogTemp: Display: Loaded TP LinuxClientTargetPlatform
[2021.08.31-05.26.27:209][  0]LogTemp: Display: Loaded TP LinuxNoEditorTargetPlatform
[2021.08.31-05.26.27:220][  0]LogTemp: Display: Loaded TP LinuxServerTargetPlatform
[2021.08.31-05.26.27:233][  0]LogTemp: Display: Loaded TP LinuxTargetPlatform
[2021.08.31-05.26.27:233][  0]LogTargetPlatformManager: Display: Building Assets For Windows
[2021.08.31-05.26.27:349][  0]LogXGEController: Cannot use XGE Controller as Incredibuild is not installed on this machine.
[2021.08.31-05.26.27:349][  0]LogShaderCompilers: Cannot use XGE Shader Compiler as Incredibuild is not installed on this machine.
[2021.08.31-05.26.27:349][  0]LogShaderCompilers: Display: Using Local Shader Compiler.
[2021.08.31-05.26.28:088][  0]LogDerivedDataCache: Display: Max Cache Size: 512 MB
[2021.08.31-05.26.28:149][  0]LogDerivedDataCache: Loaded boot cache 0.06s 76MB C:/Users/HAEUN/AppData/Local/UnrealEngine/4.19/DerivedDataCache/Boot.ddc.
[2021.08.31-05.26.28:149][  0]LogDerivedDataCache: Display: Loaded Boot cache: C:/Users/HAEUN/AppData/Local/UnrealEngine/4.19/DerivedDataCache/Boot.ddc
[2021.08.31-05.26.28:149][  0]LogDerivedDataCache: FDerivedDataBackendGraph:  Pak pak cache file D:/game/book/Projects/Chapter13/DerivedDataCache/DDC.ddp not found, will not use a pak cache.
[2021.08.31-05.26.28:149][  0]LogDerivedDataCache: Unable to find inner node Pak for hierarchical cache Hierarchy.
[2021.08.31-05.26.28:149][  0]LogDerivedDataCache: FDerivedDataBackendGraph:  CompressedPak pak cache file D:/game/book/Projects/Chapter13/DerivedDataCache/Compressed.ddp not found, will not use a pak cache.
[2021.08.31-05.26.28:149][  0]LogDerivedDataCache: Unable to find inner node CompressedPak for hierarchical cache Hierarchy.
[2021.08.31-05.26.28:163][  0]LogDerivedDataCache: Display: Pak cache opened for reading ../../../Engine/DerivedDataCache/Compressed.ddp.
[2021.08.31-05.26.28:174][  0]LogDerivedDataCache: Using Local data cache path C:/Users/HAEUN/AppData/Local/UnrealEngine/Common/DerivedDataCache: Writable
[2021.08.31-05.26.28:174][  0]LogDerivedDataCache: Shared data cache path not found in *engine.ini, will not use an Shared cache.
[2021.08.31-05.26.28:174][  0]LogDerivedDataCache: Unable to find inner node Shared for hierarchical cache Hierarchy.
[2021.08.31-05.26.28:184][  0]LogMaterial: Verifying Global Shaders for PCD3D_SM5
[2021.08.31-05.26.28:185][  0]LogSlate: Using Freetype 2.6.0
[2021.08.31-05.26.28:185][  0]LogSlate: SlateFontCache - WITH_FREETYPE: 1, WITH_HARFBUZZ: 1
[2021.08.31-05.26.28:185][  0]LogSlate: SlateFontCache - WITH_FREETYPE: 1, WITH_HARFBUZZ: 1
[2021.08.31-05.26.28:321][  0]LogAssetRegistry: FAssetRegistry took 0.0257 seconds to start up
[2021.08.31-05.26.28:602][  0]LogInit: Selected Device Profile: [Windows]
[2021.08.31-05.26.28:744][  0]LogSimplygon: Simplygon DLL not present - disabling.
[2021.08.31-05.26.28:747][  0]LogMeshReduction: Using SimplygonSwarm for distributed automatic mesh merging
[2021.08.31-05.26.28:747][  0]LogMeshReduction: Using QuadricMeshReduction for automatic static mesh reduction
[2021.08.31-05.26.28:747][  0]LogMeshReduction: No automatic skeletal mesh reduction module available
[2021.08.31-05.26.28:747][  0]LogMeshReduction: No automatic mesh merging module available
[2021.08.31-05.26.28:747][  0]LogMeshMerging: No automatic mesh merging module available
[2021.08.31-05.26.28:779][  0]LogNetVersion: ArenaBattle , NetCL: 3944462, EngineNetVer: 2, GameNetVer: 0 (Checksum: 3555152549)
[2021.08.31-05.26.29:232][  0]LogPackageLocalizationCache: Processed 9 localized package path(s) for 2 prioritized culture(s) in 0.055779 seconds
[2021.08.31-05.26.29:237][  0]LogUObjectArray: 36728 objects as part of root set at end of initial load.
[2021.08.31-05.26.29:237][  0]LogUObjectAllocator: 7314312 out of 0 bytes used by permanent object pool.
[2021.08.31-05.26.29:237][  0]LogUObjectArray: CloseDisregardForGC: 0/0 objects in disregard for GC pool
[2021.08.31-05.26.30:857][  0]LogTcpMessaging: Initializing TcpMessaging bridge
[2021.08.31-05.26.30:895][  0]LogUdpMessaging: Initializing bridge on interface 0.0.0.0:0 to multicast group 230.0.0.1:6666.
[2021.08.31-05.26.31:239][  0]LogSkeletalMesh: Skeletal Mesh found in DDC [0.335000ms] /Game/InfinityBladeWarriors/Character/CompleteCharacters/SK_CharM_Cardboard.SK_CharM_Cardboard
[2021.08.31-05.26.31:317][  0]LogUObjectGlobals: Created PersistentFrame Addr=0x0000022e2db93118, Size=20, Default__WarriorAnimBlueprint_C Function /Game/Book/Animations/WarriorAnimBlueprint.WarriorAnimBlueprint_C:ExecuteUbergraph_WarriorAnimBlueprint
[2021.08.31-05.26.31:324][  0]LogUObjectGlobals: Destroyed PersistentFrame Addr=0x0000022e2db93118, Size=20
[2021.08.31-05.26.31:324][  0]LogUObjectGlobals: Created PersistentFrame Addr=0x0000022e2db93118, Size=20, Default__WarriorAnimBlueprint_C Function /Engine/Transient.REINST_WarriorAnimBlueprint_C_0:ExecuteUbergraph_WarriorAnimBlueprint
[2021.08.31-05.26.31:331][  0]LogUObjectGlobals: Created PersistentFrame Addr=0x0000022e2dc70688, Size=20, Default__WarriorAnimBlueprint_C Function /Game/Book/Animations/WarriorAnimBlueprint.WarriorAnimBlueprint_C:ExecuteUbergraph_WarriorAnimBlueprint
[2021.08.31-05.26.31:530][  0]LogSkeletalMesh: Skeletal Mesh found in DDC [0.067600ms] /Game/InfinityBladeWeapons/Weapons/Blade/Swords/Blade_BlackKnight/SK_Blade_BlackKnight.SK_Blade_BlackKnight
[2021.08.31-05.26.31:679][  0]SourceControl: 소스 콘트롤이 꺼졌습니다.
[2021.08.31-05.26.31:679][  0]SourceControl: 소스 콘트롤이 꺼졌습니다.
[2021.08.31-05.26.31:698][  0]SourceControl: 소스 콘트롤이 꺼졌습니다.
[2021.08.31-05.26.31:718][  0]SourceControl: 소스 콘트롤이 꺼졌습니다.
[2021.08.31-05.26.32:241][  0]LogAndroidPermission: UAndroidPermissionCallbackProxy::GetInstance
[2021.08.31-05.26.32:533][  0]LogOcInput: OculusInput pre-init called
[2021.08.31-05.26.32:642][  0]LogEngine: Initializing Engine...
[2021.08.31-05.26.32:644][  0]LogHMD: Failed to initialize OpenVR with code 110
[2021.08.31-05.26.32:646][  0]LogStats: UGameplayTagsManager::ConstructGameplayTagTree: Construct from data asset -  0.000 s
[2021.08.31-05.26.32:646][  0]LogStats: UGameplayTagsManager::ConstructGameplayTagTree: GameplayTagTreeChangedEvent.Broadcast -  0.000 s
[2021.08.31-05.26.32:842][  0]LogAIModule: Creating AISystem for world Untitled
[2021.08.31-05.26.32:928][  0]LogInit: XAudio2 using 'Realtek HD Audio 2nd output(Realtek(R) Audio)' : 2 channels at 48 kHz using 32 bits per sample (channel mask 0x3)
[2021.08.31-05.26.32:971][  0]LogInit: FAudioDevice initialized.
[2021.08.31-05.26.33:046][  0]LogDerivedDataCache: Saved boot cache 0.08s 85MB C:/Users/HAEUN/AppData/Local/UnrealEngine/4.19/DerivedDataCache/Boot.ddc.
[2021.08.31-05.26.33:057][  0]LogInit: Texture streaming: Enabled
[2021.08.31-05.26.33:074][  0]LogEngineSessionManager: EngineSessionManager initialized
[2021.08.31-05.26.33:088][  0]LogInit: Transaction tracking system initialized
[2021.08.31-05.26.33:114][  0]BlueprintLog: New page: 에디터 로드
[2021.08.31-05.26.33:197][  0]LocalizationService: 현지화 서비스가 비활성화되었습니다.
[2021.08.31-05.26.33:305][  0]LogConsoleResponse: Display: 
[2021.08.31-05.26.33:449][  0]LogCook: Display: Max memory allowance for cook 16384mb min free memory 0mb
[2021.08.31-05.26.33:449][  0]LogCook: Display: Mobile HDR setting 1
[2021.08.31-05.26.33:449][  0]LogGameplayTags: Display: UGameplayTagsManager::DoneAddingNativeTags. DelegateIsBound: 0
[2021.08.31-05.26.33:449][  0]LogStats: UGameplayTagsManager::ConstructGameplayTagTree: Construct from data asset -  0.000 s
[2021.08.31-05.26.33:449][  0]LogStats: UGameplayTagsManager::ConstructGameplayTagTree: GameplayTagTreeChangedEvent.Broadcast -  0.000 s
[2021.08.31-05.26.33:844][  0]LogFileCache: Scanning file cache for directory 'D:/game/book/Projects/Chapter13/Content/' took 0.02s
[2021.08.31-05.26.33:844][  0]SourceControl: 소스 콘트롤이 꺼졌습니다.
[2021.08.31-05.26.33:844][  0]Cmd: MAP LOAD FILE="D:/game/book/Projects/Chapter13/Content/Book/Maps/Step4.umap" TEMPLATE=0 SHOWPROGRESS=1 FEATURELEVEL=3
[2021.08.31-05.26.33:862][  0]LightingResults: New page: 라이팅 빌드
[2021.08.31-05.26.33:864][  0]MapCheck: New page: 맵 체크
[2021.08.31-05.26.33:864][  0]LightingResults: New page: 라이팅 빌드
[2021.08.31-05.26.33:872][  0]LogUObjectGlobals: Destroyed PersistentFrame Addr=0x0000022e2db93118, Size=20
[2021.08.31-05.26.34:023][  0]LogSkeletalMesh: Skeletal Mesh found in DDC [0.340500ms] /Game/InfinityBladeWeapons/Weapons/Blade/Axes/Blade_GreatBlade/SK_Blade_GreatBlade.SK_Blade_GreatBlade
[2021.08.31-05.26.34:089][  0]LogAIModule: Creating AISystem for world Step4
[2021.08.31-05.26.34:096][  0]LogEditorServer: Finished looking for orphan Actors (0.000 secs)
[2021.08.31-05.26.34:106][  0]Cmd: MAP CHECKDEP NOCLEARLOG
[2021.08.31-05.26.34:180][  0]MapCheck: 맵 체크 완료: 오류 0 회, 경고 0 회, 소요 시간 73.322ms.
[2021.08.31-05.26.34:180][  0]LogFileHelpers: Loading map 'Step4' took 0.337
[2021.08.31-05.26.34:225][  0]LogPackageName: Warning: String asset reference "S_ClothTarps_03.SM.Mesh.S_ClothTarps_03" is in short form, which is unsupported and -- even if valid -- resolving it will be really slow.
[2021.08.31-05.26.34:225][  0]LogPackageName: Warning: Please consider resaving package in order to speed-up loading.
[2021.08.31-05.26.34:292][  0]LogCollectionManager: Loaded 0 collections in 0.001504 seconds
[2021.08.31-05.26.34:334][  0]LogFileCache: Scanning file cache for directory 'D:/game/book/Projects/Chapter13/Saved/Collections/' took 0.01s
[2021.08.31-05.26.34:334][  0]LogFileCache: Scanning file cache for directory 'D:/game/book/Projects/Chapter13/Content/Developers/HAEUN/Collections/' took 0.01s
[2021.08.31-05.26.34:334][  0]LogPackageName: SearchForPackageOnDisk took   0.109s, but failed to resolve S_ClothTarps_03.
[2021.08.31-05.26.34:334][  0]LogPackageName: Warning: String asset reference "S_ClothTarps_03.SM.Mesh.S_ClothTarps_03" could not be resolved.
[2021.08.31-05.26.34:334][  0]LogFileCache: Scanning file cache for directory 'D:/game/book/Projects/Chapter13/Content/Collections/' took 0.01s
[2021.08.31-05.26.34:334][  0]LogCollectionManager: Rebuilt the GUID cache for 0 collections in 0.000000 seconds
[2021.08.31-05.26.34:343][  0]LogContentBrowser: Native class hierarchy populated in 0.0093 seconds. Added 2470 classes and 563 folders.
[2021.08.31-05.26.34:351][  0]LogContentBrowser: Native class hierarchy updated for 'WidgetCarousel' in 0.0016 seconds. Added 0 classes and 0 folders.
[2021.08.31-05.26.34:407][  0]LogContentBrowser: Native class hierarchy updated for 'AddContentDialog' in 0.0016 seconds. Added 0 classes and 0 folders.
[2021.08.31-05.26.34:414][  0]LogContentBrowser: Native class hierarchy updated for 'SceneOutliner' in 0.0016 seconds. Added 1 classes and 2 folders.
[2021.08.31-05.26.34:433][  0]LogSlate: Took 0.000162 seconds to synchronously load lazily loaded font '../../../Engine/Content/Slate/Fonts/Roboto-Regular.ttf' (155K)
[2021.08.31-05.26.34:436][  0]LogSlate: Took 0.002238 seconds to synchronously load lazily loaded font '../../../Engine/Content/Editor/Slate/Fonts/NanumGothic.ttf' (4243K)
[2021.08.31-05.26.34:440][  0]LogSlate: Took 0.002015 seconds to synchronously load lazily loaded font '../../../Engine/Content/Editor/Slate/Fonts/NanumGothicBold.ttf' (4188K)
[2021.08.31-05.26.34:440][  0]LogSlate: Took 0.000153 seconds to synchronously load lazily loaded font '../../../Engine/Content/Slate/Fonts/Roboto-Bold.ttf' (160K)
[2021.08.31-05.26.34:442][  0]LogSlate: Took 0.000153 seconds to synchronously load lazily loaded font '../../../Engine/Content/Editor/Slate/Fonts/FontAwesome.ttf' (139K)
[2021.08.31-05.26.34:509][  0]LogRenderer: Reallocating scene render targets to support 2040x676 Format 10 NumSamples 1 (Frame:1).
[2021.08.31-05.26.34:614][  0]LogContentBrowser: Native class hierarchy updated for 'HierarchicalLODOutliner' in 0.0015 seconds. Added 0 classes and 0 folders.
[2021.08.31-05.26.34:614][  0]LogLoad: (Engine Initialization) Total time: 20.26 seconds
[2021.08.31-05.26.34:614][  0]LogLoad: (Engine Initialization) Total Blueprint compile time: 0.00 seconds
[2021.08.31-05.26.34:625][  0]LogSlate: FSceneViewport::OnFocusLost() reason 0
[2021.08.31-05.26.34:644][  0]LogContentStreaming: Texture pool size now 1000 MB
[2021.08.31-05.26.34:656][  0]LogSlate: Took 0.000177 seconds to synchronously load lazily loaded font '../../../Engine/Content/Slate/Fonts/Roboto-Light.ttf' (167K)
[2021.08.31-05.26.35:112][ 52]LogAssetRegistry: Asset discovery search completed in 6.8135 seconds
[2021.08.31-05.26.35:115][ 52]LogCollectionManager: Rebuilt the object cache for 0 collections in 0.000000 seconds (found 0 objects)
[2021.08.31-05.26.35:116][ 52]LogCollectionManager: Fixed up redirectors for 0 collections in 0.000093 seconds (updated 0 objects)
[2021.08.31-05.26.43:566][ 58]LogSlate: FSceneViewport::OnFocusLost() reason 0
[2021.08.31-05.26.43:691][ 73]LogTemp: Repeating last play command: 선택된 뷰포트
[2021.08.31-05.26.43:697][ 73]LogPlayLevel: PlayLevel: No blueprints needed recompiling
[2021.08.31-05.26.43:697][ 73]PIE: New page: PIE 세션: Step4 (2021. 8. 31. 오후 11:26:43)
[2021.08.31-05.26.43:697][ 73]LogPlayLevel: Creating play world package: /Game/Book/Maps/UEDPIE_0_Step4
[2021.08.31-05.26.43:701][ 73]LogPlayLevel: PIE: StaticDuplicateObject took: (0.003186s)
[2021.08.31-05.26.43:701][ 73]LogAIModule: Creating AISystem for world Step4
[2021.08.31-05.26.43:701][ 73]LogPlayLevel: PIE: World Init took: (0.000553s)
[2021.08.31-05.26.43:701][ 73]LogPlayLevel: PIE: Created PIE world by copying editor world from /Game/Book/Maps/Step4.Step4 to /Game/Book/Maps/UEDPIE_0_Step4.Step4 (0.003903s)
[2021.08.31-05.26.43:779][ 73]LogInit: XAudio2 using 'Realtek HD Audio 2nd output(Realtek(R) Audio)' : 2 channels at 48 kHz using 32 bits per sample (channel mask 0x3)
[2021.08.31-05.26.43:809][ 73]LogInit: FAudioDevice initialized.
[2021.08.31-05.26.43:854][ 73]LogLoad: Game class is 'ABGameMode'
[2021.08.31-05.26.43:861][ 73]LogWorld: Bringing World /Game/Book/Maps/UEDPIE_0_Step4.Step4 up for play (max tick rate 0) at 2021.08.31-14.26.43
[2021.08.31-05.26.43:863][ 73]LogWorld: Bringing up level for play took: 0.007820
[2021.08.31-05.26.43:863][ 73]ArenaBattle: Warning: AABPlayerController::PostInitializeComponents(8)
[2021.08.31-05.26.43:864][ 73]ArenaBattle: Warning: AABGameMode::PostLogin(15) PostLogin Begin
[2021.08.31-05.26.43:867][ 73]LogContentBrowser: Native class hierarchy updated for 'MovieSceneCapture' in 0.0015 seconds. Added 11 classes and 0 folders.
[2021.08.31-05.26.43:868][ 73]ArenaBattle: Warning: AABPlayerController::Possess(13)
[2021.08.31-05.26.43:868][ 73]ArenaBattle: Warning: AABGameMode::PostLogin(17) PostLogin End
[2021.08.31-05.26.43:870][ 73]PIE: /Game/Book/Maps/UEDPIE_0_Step4 에 대한 에디터에서 플레이 시작 시간: -0.082
[2021.08.31-05.26.43:930][ 76]LogSkeletalMesh: Building Skeletal Mesh SK_CharM_Tusk...
[2021.08.31-05.26.43:935][ 76]LogSkeletalMesh: Built Skeletal Mesh [0.01s] /Game/InfinityBladeWarriors/Character/CompleteCharacters/SK_CharM_Tusk.SK_CharM_Tusk
[2021.08.31-05.26.43:940][ 77]LogTexture: Display: 텍스처 빌드: T_CharM_Tusk_E (DXT1, 1024X1024)
[2021.08.31-05.26.46:715][ 78]LogTexture: Display: 텍스처 빌드: T_CharM_Tusk_Mask (AutoDXT, 2048X2048)
[2021.08.31-05.26.46:715][ 78]LogTexture: Display: 텍스처 빌드: T_CharM_Tusk_D (DXT1, 2048X2048)
[2021.08.31-05.26.46:715][ 78]LogTexture: Display: 텍스처 빌드: T_CharM_Tusk_N (BC5, 1024X1024)
[2021.08.31-05.26.46:725][ 78]LogMaterial: Missing cached shader map for material M_Char_Tusk, compiling. 
[2021.08.31-05.26.46:770][ 80]LogShaderCompilers: Display: Shaders left to compile 60
[2021.08.31-05.26.46:770][ 80]LogShaderCompilers: Display: Shaders left to compile 50
[2021.08.31-05.26.48:361][261]LogShaderCompilers: Display: Shaders left to compile 40
[2021.08.31-05.26.48:833][317]ArenaBattle: Warning: AABCharacter::AttackCheck(402) Hit Actor Name : ABCharacter_0
[2021.08.31-05.26.48:833][317]ArenaBattle: Warning: AABCharacter::TakeDamage(205) Actor : ABCharacter_0 took Damage : 10.000000
[2021.08.31-05.26.49:012][339]LogShaderCompilers: Display: Shaders left to compile 30
[2021.08.31-05.26.49:199][361]ArenaBattle: Warning: AABCharacter::PostInitializeComponents::<lambda_c519d1801564964b4040f3996f0fb49e>::operator ()(177) OnNextAttackCheck
[2021.08.31-05.26.49:719][424]LogShaderCompilers: Display: Shaders left to compile 20
[2021.08.31-05.26.50:787][538]LogShaderCompilers: Display: Shaders left to compile 10
[2021.08.31-05.26.51:639][639]LogSlate: FSceneViewport::OnFocusLost() reason 0
[2021.08.31-05.27.01:915][203]LogSlate: Window 'ArenaBattle - 언리얼 에디터' being destroyed
[2021.08.31-05.27.01:917][203]LogWindowsTextInputMethodSystem: Display: IME system now activated using TSF (Microsoft 입력기).
[2021.08.31-05.27.02:076][204]Cmd: QUIT_EDITOR
[2021.08.31-05.27.03:031][204]LogSlate: Slate User Destroyed.  User Index 0, Is Virtual User: 0
[2021.08.31-05.27.03:031][204]LogExit: Preparing to exit.
[2021.08.31-05.27.03:941][204]LogUObjectGlobals: Destroyed PersistentFrame Addr=0x0000022e2dc70688, Size=20
[2021.08.31-05.27.03:943][204]LogExit: Editor shut down
[2021.08.31-05.27.03:945][204]LogExit: Transaction tracking system shut down
[2021.08.31-05.27.04:056][204]LogDirectoryWatcher: A directory notification for '../../../Engine/Content/' was aborted.
[2021.08.31-05.27.04:056][204]LogDirectoryWatcher: A directory notification for 'D:/game/book/Projects/Chapter13/Content/' was aborted.
[2021.08.31-05.27.04:056][204]LogDirectoryWatcher: A directory notification for '../../Plugins/2D/Paper2D/Content/' was aborted.
[2021.08.31-05.27.04:056][204]LogDirectoryWatcher: A directory notification for '../../Plugins/Enterprise/DatasmithContent/Content/' was aborted.
[2021.08.31-05.27.04:056][204]LogDirectoryWatcher: A directory notification for '../../Plugins/Media/MediaCompositing/Content/' was aborted.
[2021.08.31-05.27.04:056][204]LogDirectoryWatcher: A directory notification for '../../Plugins/Runtime/AppleARKit/Content/' was aborted.
[2021.08.31-05.27.04:056][204]LogDirectoryWatcher: A directory notification for '../../Plugins/Runtime/Oculus/OculusVR/Content/' was aborted.
[2021.08.31-05.27.04:057][204]LogDirectoryWatcher: A directory notification for '../../Plugins/Runtime/Steam/SteamVR/Content/' was aborted.
[2021.08.31-05.27.04:101][204]LogExit: Object subsystem successfully closed.
[2021.08.31-05.27.04:112][204]LogShaderCompilers: Display: Shaders left to compile 0
[2021.08.31-05.27.04:115][204]LogD3D11RHI: Shutdown
[2021.08.31-05.27.04:115][204]LogD3D11RHI: CleanupD3DDevice
[2021.08.31-05.27.04:116][204]LogD3D11RHI: ~FD3D11DynamicRHI
[2021.08.31-05.27.04:143][204]LogModuleManager: Shutting down and abandoning module MovieSceneCapture (580)
[2021.08.31-05.27.04:143][204]LogModuleManager: Shutting down and abandoning module HierarchicalLODOutliner (578)
[2021.08.31-05.27.04:143][204]LogModuleManager: Shutting down and abandoning module SceneOutliner (576)
[2021.08.31-05.27.04:143][204]LogModuleManager: Shutting down and abandoning module AddContentDialog (574)
[2021.08.31-05.27.04:143][204]LogDirectoryWatcher: A directory notification for 'C:/Program Files/Epic Games/UE_4.19/FeaturePacks/' was aborted.
[2021.08.31-05.27.04:143][204]LogModuleManager: Shutting down and abandoning module WidgetCarousel (573)
[2021.08.31-05.27.04:143][204]LogModuleManager: Shutting down and abandoning module EditorWidgets (570)
[2021.08.31-05.27.04:143][204]LogModuleManager: Shutting down and abandoning module CollectionManager (568)
[2021.08.31-05.27.04:143][204]LogDirectoryWatcher: A directory notification for 'D:/game/book/Projects/Chapter13/Content/Collections/' was aborted.
[2021.08.31-05.27.04:143][204]LogDirectoryWatcher: A directory notification for 'D:/game/book/Projects/Chapter13/Content/Developers/HAEUN/Collections/' was aborted.
[2021.08.31-05.27.04:143][204]LogDirectoryWatcher: A directory notification for 'D:/game/book/Projects/Chapter13/Saved/Collections/' was aborted.
[2021.08.31-05.27.04:143][204]LogModuleManager: Shutting down and abandoning module StatsViewer (566)
[2021.08.31-05.27.04:143][204]LogModuleManager: Shutting down and abandoning module FoliageEdit (564)
[2021.08.31-05.27.04:144][204]LogModuleManager: Shutting down and abandoning module LandscapeEditor (562)
[2021.08.31-05.27.04:144][204]LogModuleManager: Shutting down and abandoning module MeshPaintMode (560)
[2021.08.31-05.27.04:144][204]LogModuleManager: Shutting down and abandoning module SceneDepthPickerMode (558)
[2021.08.31-05.27.04:144][204]LogModuleManager: Shutting down and abandoning module ActorPickerMode (556)
[2021.08.31-05.27.04:144][204]LogModuleManager: Shutting down and abandoning module GeometryMode (554)
[2021.08.31-05.27.04:144][204]LogModuleManager: Shutting down and abandoning module TextureAlignMode (552)
[2021.08.31-05.27.04:144][204]LogModuleManager: Shutting down and abandoning module BspMode (550)
[2021.08.31-05.27.04:144][204]LogModuleManager: Shutting down and abandoning module PIEPreviewDeviceProfileSelector (548)
[2021.08.31-05.27.04:144][204]LogModuleManager: Shutting down and abandoning module HardwareSurvey (546)
[2021.08.31-05.27.04:144][204]LogModuleManager: Shutting down and abandoning module SequenceRecorderSections (544)
[2021.08.31-05.27.04:144][204]LogModuleManager: Shutting down and abandoning module AutomationWorker (542)
[2021.08.31-05.27.04:144][204]LogModuleManager: Shutting down and abandoning module AudioCaptureEditor (540)
[2021.08.31-05.27.04:144][204]LogModuleManager: Shutting down and abandoning module SequenceRecorder (539)
[2021.08.31-05.27.04:144][204]LogModuleManager: Shutting down and abandoning module MatineeToLevelSequence (536)
[2021.08.31-05.27.04:144][204]LogModuleManager: Shutting down and abandoning module LevelSequenceEditor (534)
[2021.08.31-05.27.04:144][204]LogModuleManager: Shutting down and abandoning module PlacementMode (533)
[2021.08.31-05.27.04:144][204]LogModuleManager: Shutting down and abandoning module MaterialEditor (532)
[2021.08.31-05.27.04:144][204]LogModuleManager: Shutting down and abandoning module WmfMediaFactory (528)
[2021.08.31-05.27.04:144][204]LogModuleManager: Shutting down and abandoning module WmfMediaEditor (526)
[2021.08.31-05.27.04:144][204]LogModuleManager: Shutting down and abandoning module MediaPlayerEditor (524)
[2021.08.31-05.27.04:144][204]LogModuleManager: Shutting down and abandoning module OpenExrWrapper (522)
[2021.08.31-05.27.04:144][204]LogModuleManager: Shutting down and abandoning module ImgMediaFactory (520)
[2021.08.31-05.27.04:144][204]LogModuleManager: Shutting down and abandoning module ImgMediaEditor (518)
[2021.08.31-05.27.04:144][204]LogModuleManager: Shutting down and abandoning module AvfMediaFactory (516)
[2021.08.31-05.27.04:144][204]LogModuleManager: Shutting down and abandoning module AvfMediaEditor (514)
[2021.08.31-05.27.04:144][204]LogModuleManager: Shutting down and abandoning module AndroidMediaFactory (512)
[2021.08.31-05.27.04:144][204]LogModuleManager: Shutting down and abandoning module AndroidMediaEditor (510)
[2021.08.31-05.27.04:144][204]LogModuleManager: Shutting down and abandoning module CharacterAI (508)
[2021.08.31-05.27.04:144][204]LogModuleManager: Shutting down and abandoning module SmartSnapping (506)
[2021.08.31-05.27.04:144][204]LogModuleManager: Shutting down and abandoning module SessionServices (504)
[2021.08.31-05.27.04:144][204]LogModuleManager: Shutting down and abandoning module ViewportSnapping (502)
[2021.08.31-05.27.04:144][204]LogModuleManager: Shutting down and abandoning module ViewportInteraction (500)
[2021.08.31-05.27.04:144][204]LogModuleManager: Shutting down and abandoning module ClothPainter (498)
[2021.08.31-05.27.04:144][204]LogModuleManager: Shutting down and abandoning module SkeletalMeshEditor (497)
[2021.08.31-05.27.04:144][204]LogModuleManager: Shutting down and abandoning module LogVisualizer (494)
[2021.08.31-05.27.04:144][204]LogModuleManager: Shutting down and abandoning module IntroTutorials (492)
[2021.08.31-05.27.04:144][204]LogModuleManager: Shutting down and abandoning module GameProjectGeneration (491)
[2021.08.31-05.27.04:144][204]LogModuleManager: Shutting down and abandoning module IOSPlatformEditor (488)
[2021.08.31-05.27.04:145][204]LogModuleManager: Shutting down and abandoning module HTML5PlatformEditor (486)
[2021.08.31-05.27.04:145][204]LogModuleManager: Shutting down and abandoning module AndroidPlatformEditor (484)
[2021.08.31-05.27.04:145][204]LogModuleManager: Shutting down and abandoning module AndroidDeviceDetection (483)
[2021.08.31-05.27.04:276][204]LogModuleManager: Shutting down and abandoning module WindowsPlatformEditor (480)
[2021.08.31-05.27.04:276][204]LogModuleManager: Shutting down and abandoning module IOSRuntimeSettings (478)
[2021.08.31-05.27.04:276][204]LogModuleManager: Shutting down and abandoning module AndroidRuntimeSettings (476)
[2021.08.31-05.27.04:276][204]LogModuleManager: Shutting down and abandoning module InputBindingEditor (474)
[2021.08.31-05.27.04:276][204]LogModuleManager: Shutting down and abandoning module MergeActors (472)
[2021.08.31-05.27.04:276][204]LogModuleManager: Shutting down and abandoning module LocalizationDashboard (470)
[2021.08.31-05.27.04:276][204]LogModuleManager: Shutting down and abandoning module LocalizationService (469)
[2021.08.31-05.27.04:276][204]LogModuleManager: Shutting down and abandoning module HardwareTargeting (466)
[2021.08.31-05.27.04:276][204]LogModuleManager: Shutting down and abandoning module DeviceProfileEditor (464)
[2021.08.31-05.27.04:276][204]LogModuleManager: Shutting down and abandoning module UndoHistory (462)
[2021.08.31-05.27.04:276][204]LogModuleManager: Shutting down and abandoning module XmlParser (460)
[2021.08.31-05.27.04:276][204]LogModuleManager: Shutting down and abandoning module Blutility (458)
[2021.08.31-05.27.04:276][204]LogModuleManager: Shutting down and abandoning module ProjectSettingsViewer (456)
[2021.08.31-05.27.04:277][204]LogModuleManager: Shutting down and abandoning module ProjectTargetPlatformEditor (455)
[2021.08.31-05.27.04:277][204]LogModuleManager: Shutting down and abandoning module EditorSettingsViewer (452)
[2021.08.31-05.27.04:277][204]LogModuleManager: Shutting down and abandoning module SettingsEditor (450)
[2021.08.31-05.27.04:277][204]LogModuleManager: Shutting down and abandoning module ProjectLauncher (448)
[2021.08.31-05.27.04:277][204]LogModuleManager: Shutting down and abandoning module SessionFrontend (446)
[2021.08.31-05.27.04:277][204]LogModuleManager: Shutting down and abandoning module ProfilerClient (444)
[2021.08.31-05.27.04:277][204]LogModuleManager: Shutting down and abandoning module DeviceManager (442)
[2021.08.31-05.27.04:277][204]LogModuleManager: Shutting down and abandoning module TargetDeviceServices (441)
[2021.08.31-05.27.04:331][204]LogModuleManager: Shutting down and abandoning module AutomationController (438)
[2021.08.31-05.27.04:331][204]LogModuleManager: Shutting down and abandoning module AutomationWindow (436)
[2021.08.31-05.27.04:331][204]LogModuleManager: Shutting down and abandoning module Layers (434)
[2021.08.31-05.27.04:331][204]LogModuleManager: Shutting down and abandoning module ComponentVisualizers (432)
[2021.08.31-05.27.04:331][204]LogModuleManager: Shutting down and abandoning module DetailCustomizations (430)
[2021.08.31-05.27.04:331][204]LogModuleManager: Shutting down and abandoning module PackagesDialog (428)
[2021.08.31-05.27.04:331][204]LogModuleManager: Shutting down and abandoning module Persona (426)
[2021.08.31-05.27.04:331][204]LogModuleManager: Shutting down and abandoning module AdvancedPreviewScene (425)
[2021.08.31-05.27.04:331][204]LogModuleManager: Shutting down and abandoning module AnimGraph (423)
[2021.08.31-05.27.04:331][204]LogModuleManager: Shutting down and abandoning module Kismet (420)
[2021.08.31-05.27.04:331][204]LogModuleManager: Shutting down and abandoning module GraphEditor (418)
[2021.08.31-05.27.04:331][204]LogModuleManager: Shutting down and abandoning module ClassViewer (416)
[2021.08.31-05.27.04:331][204]LogModuleManager: Shutting down and abandoning module Toolbox (414)
[2021.08.31-05.27.04:331][204]LogModuleManager: Shutting down and abandoning module ModuleUI (412)
[2021.08.31-05.27.04:331][204]LogModuleManager: Shutting down and abandoning module MovieSceneTools (410)
[2021.08.31-05.27.04:331][204]LogModuleManager: Shutting down and abandoning module OutputLog (408)
[2021.08.31-05.27.04:331][204]LogModuleManager: Shutting down and abandoning module GammaUI (406)
[2021.08.31-05.27.04:331][204]LogModuleManager: Shutting down and abandoning module Documentation (404)
[2021.08.31-05.27.04:331][204]LogModuleManager: Shutting down and abandoning module MovieSceneTracks (402)
[2021.08.31-05.27.04:331][204]LogModuleManager: Shutting down and abandoning module MovieScene (400)
[2021.08.31-05.27.04:331][204]LogModuleManager: Shutting down and abandoning module StreamingPauseRendering (398)
[2021.08.31-05.27.04:331][204]LogModuleManager: Shutting down and abandoning module LauncherPlatform (396)
[2021.08.31-05.27.04:331][204]LogModuleManager: Shutting down and abandoning module AnalyticsET (394)
[2021.08.31-05.27.04:331][204]LogModuleManager: Shutting down and abandoning module PortalServices (392)
[2021.08.31-05.27.04:331][204]LogModuleManager: Shutting down and abandoning module PortalRpc (390)
[2021.08.31-05.27.04:331][204]LogModuleManager: Shutting down and abandoning module MessagingRpc (388)
[2021.08.31-05.27.04:331][204]LogModuleManager: Shutting down and abandoning module AIModule (386)
[2021.08.31-05.27.04:332][204]LogModuleManager: Shutting down and abandoning module GameplayDebugger (385)
[2021.08.31-05.27.04:332][204]LogModuleManager: Shutting down and abandoning module AITestSuite (383)
[2021.08.31-05.27.04:332][204]LogModuleManager: Shutting down and abandoning module ProfilerService (380)
[2021.08.31-05.27.04:406][204]LogModuleManager: Shutting down and abandoning module TaskGraph (378)
[2021.08.31-05.27.04:406][204]LogModuleManager: Shutting down and abandoning module SteamVRController (376)
[2021.08.31-05.27.04:406][204]LogModuleManager: Shutting down and abandoning module ProceduralMeshComponentEditor (374)
[2021.08.31-05.27.04:406][204]LogModuleManager: Shutting down and abandoning module ProceduralMeshComponent (372)
[2021.08.31-05.27.04:406][204]LogModuleManager: Shutting down and abandoning module OculusInput (370)
[2021.08.31-05.27.04:406][204]LogModuleManager: Shutting down and abandoning module MobilePatchingUtils (368)
[2021.08.31-05.27.04:406][204]LogModuleManager: Shutting down and abandoning module CustomMeshComponent (366)
[2021.08.31-05.27.04:406][204]LogModuleManager: Shutting down and abandoning module CableComponent (364)
[2021.08.31-05.27.04:406][204]LogModuleManager: Shutting down and abandoning module AudioCapture (362)
[2021.08.31-05.27.04:406][204]LogModuleManager: Shutting down and abandoning module ArchVisCharacter (360)
[2021.08.31-05.27.04:406][204]LogModuleManager: Shutting down and abandoning module AndroidPermission (358)
[2021.08.31-05.27.04:406][204]LogModuleManager: Shutting down and abandoning module NUTUnrealEngine4 (354)
[2021.08.31-05.27.04:406][204]LogModuleManager: Shutting down and abandoning module NetcodeUnitTest (352)
[2021.08.31-05.27.04:406][204]LogModuleManager: Shutting down and abandoning module MediaCompositingEditor (350)
[2021.08.31-05.27.04:406][204]LogModuleManager: Shutting down and abandoning module MediaCompositing (348)
[2021.08.31-05.27.04:406][204]LogModuleManager: Shutting down and abandoning module LinearTimecode (346)
[2021.08.31-05.27.04:407][204]LogModuleManager: Shutting down and abandoning module ImgMedia (344)
[2021.08.31-05.27.04:409][204]LogModuleManager: Shutting down and abandoning module HTML5Networking (342)
[2021.08.31-05.27.04:409][204]LogModuleManager: Shutting down and abandoning module AlembicImporter (340)
[2021.08.31-05.27.04:410][204]LogModuleManager: Shutting down and abandoning module AlembicLibrary (339)
[2021.08.31-05.27.04:410][204]LogModuleManager: Shutting down and abandoning module GeometryCache (338)
[2021.08.31-05.27.04:410][204]LogModuleManager: Shutting down and abandoning module GeometryCacheEd (337)
[2021.08.31-05.27.04:410][204]LogModuleManager: Shutting down and abandoning module DatasmithContent (332)
[2021.08.31-05.27.04:410][204]LogModuleManager: Shutting down and abandoning module SpeedTreeImporter (330)
[2021.08.31-05.27.04:410][204]LogModuleManager: Shutting down and abandoning module PluginBrowser (328)
[2021.08.31-05.27.04:410][204]LogModuleManager: Shutting down and abandoning module MobileLauncherProfileWizard (326)
[2021.08.31-05.27.04:410][204]LogModuleManager: Shutting down and abandoning module CryptoKeysOpenSSL (324)
[2021.08.31-05.27.04:410][204]LogModuleManager: Shutting down and abandoning module CryptoKeys (322)
[2021.08.31-05.27.04:410][204]LogModuleManager: Shutting down and abandoning module VisualStudioSourceCodeAccess (320)
[2021.08.31-05.27.04:410][204]LogModuleManager: Shutting down and abandoning module VisualStudioCodeSourceCodeAccess (318)
[2021.08.31-05.27.04:410][204]LogModuleManager: Shutting down and abandoning module UObjectPlugin (316)
[2021.08.31-05.27.04:410][204]LogModuleManager: Shutting down and abandoning module SubversionSourceControl (314)
[2021.08.31-05.27.04:410][204]LogModuleManager: Shutting down and abandoning module PerforceSourceControl (312)
[2021.08.31-05.27.04:410][204]LogModuleManager: Shutting down and abandoning module GitSourceControl (310)
[2021.08.31-05.27.04:410][204]LogModuleManager: Shutting down and abandoning module SourceControl (309)
[2021.08.31-05.27.04:410][204]LogModuleManager: Shutting down and abandoning module CLionSourceCodeAccess (306)
[2021.08.31-05.27.04:410][204]LogModuleManager: Shutting down and abandoning module LightPropagationVolumeEditor (304)
[2021.08.31-05.27.04:410][204]LogModuleManager: Shutting down and abandoning module PaperTiledImporter (302)
[2021.08.31-05.27.04:410][204]LogModuleManager: Shutting down and abandoning module PaperSpriteSheetImporter (300)
[2021.08.31-05.27.04:410][204]LogModuleManager: Shutting down and abandoning module Paper2DEditor (298)
[2021.08.31-05.27.04:410][204]LogModuleManager: Shutting down and abandoning module MeshPaint (297)
[2021.08.31-05.27.04:410][204]LogModuleManager: Shutting down and abandoning module ArenaBattle (294)
[2021.08.31-05.27.04:410][204]LogModuleManager: Shutting down and abandoning module RuntimePhysXCooking (292)
[2021.08.31-05.27.04:410][204]LogModuleManager: Shutting down and abandoning module PhysXVehiclesEditor (290)
[2021.08.31-05.27.04:410][204]LogModuleManager: Shutting down and abandoning module PhysXVehicles (288)
[2021.08.31-05.27.04:410][204]LogModuleManager: Shutting down and abandoning module OculusEditor (286)
[2021.08.31-05.27.04:410][204]LogModuleManager: Shutting down and abandoning module LocationServicesBPLibrary (284)
[2021.08.31-05.27.04:410][204]LogModuleManager: Shutting down and abandoning module ImmediatePhysicsEditor (282)
[2021.08.31-05.27.04:410][204]LogModuleManager: Shutting down and abandoning module ImmediatePhysics (280)
[2021.08.31-05.27.04:410][204]LogModuleManager: Shutting down and abandoning module ActorSequence (278)
[2021.08.31-05.27.04:410][204]LogModuleManager: Shutting down and abandoning module UdpMessaging (276)
[2021.08.31-05.27.04:511][204]LogModuleManager: Shutting down and abandoning module TcpMessaging (274)
[2021.08.31-05.27.04:876][204]LogModuleManager: Shutting down and abandoning module GameplayTagsEditor (272)
[2021.08.31-05.27.04:876][204]LogModuleManager: Shutting down and abandoning module FacialAnimationEditor (270)
[2021.08.31-05.27.04:876][204]LogModuleManager: Shutting down and abandoning module FacialAnimation (268)
[2021.08.31-05.27.04:876][204]LogModuleManager: Shutting down and abandoning module DataValidation (266)
[2021.08.31-05.27.04:876][204]LogModuleManager: Shutting down and abandoning module AssetManagerEditor (264)
[2021.08.31-05.27.04:876][204]LogModuleManager: Shutting down and abandoning module LevelEditor (263)
[2021.08.31-05.27.04:877][204]LogModuleManager: Shutting down and abandoning module PixelInspectorModule (262)
[2021.08.31-05.27.04:877][204]LogModuleManager: Shutting down and abandoning module CommonMenuExtensions (260)
[2021.08.31-05.27.04:877][204]LogModuleManager: Shutting down and abandoning module MainFrame (258)
[2021.08.31-05.27.04:877][204]LogModuleManager: Shutting down and abandoning module HotReload (257)
[2021.08.31-05.27.04:877][204]LogDirectoryWatcher: A directory notification for 'D:/game/book/Projects/Chapter13/Binaries/Win64' was aborted.
[2021.08.31-05.27.04:877][204]LogModuleManager: Shutting down and abandoning module ContentBrowser (253)
[2021.08.31-05.27.04:878][204]LogModuleManager: Shutting down and abandoning module TreeMap (251)
[2021.08.31-05.27.04:878][204]LogModuleManager: Shutting down and abandoning module LightPropagationVolumeRuntime (248)
[2021.08.31-05.27.04:878][204]LogModuleManager: Shutting down and abandoning module LiveLinkEditor (246)
[2021.08.31-05.27.04:878][204]LogModuleManager: Shutting down and abandoning module LiveLink (244)
[2021.08.31-05.27.05:565][204]LogModuleManager: Shutting down and abandoning module Paper2D (242)
[2021.08.31-05.27.05:565][204]LogModuleManager: Shutting down and abandoning module ArenaBattleSetting (240)
[2021.08.31-05.27.05:565][204]LogModuleManager: Shutting down and abandoning module WindowsMoviePlayer (238)
[2021.08.31-05.27.05:565][204]LogModuleManager: Shutting down and abandoning module WmfMedia (236)
[2021.08.31-05.27.05:567][204]LogModuleManager: Shutting down and abandoning module Media (235)
[2021.08.31-05.27.05:573][204]LogModuleManager: Shutting down and abandoning module PacketHandler (232)
[2021.08.31-05.27.05:573][204]LogModuleManager: Shutting down and abandoning module ClothingSystemEditor (230)
[2021.08.31-05.27.05:573][204]LogModuleManager: Shutting down and abandoning module ClothingSystemRuntime (228)
[2021.08.31-05.27.05:573][204]LogModuleManager: Shutting down and abandoning module MediaAssets (226)
[2021.08.31-05.27.05:573][204]LogModuleManager: Shutting down and abandoning module Overlay (224)
[2021.08.31-05.27.05:573][204]LogModuleManager: Shutting down and abandoning module OverlayEditor (223)
[2021.08.31-05.27.05:573][204]LogModuleManager: Shutting down and abandoning module VREditor (220)
[2021.08.31-05.27.05:573][204]LogModuleManager: Shutting down and abandoning module StringTableEditor (218)
[2021.08.31-05.27.05:573][204]LogModuleManager: Shutting down and abandoning module GameplayTasksEditor (216)
[2021.08.31-05.27.05:573][204]LogModuleManager: Shutting down and abandoning module BehaviorTreeEditor (214)
[2021.08.31-05.27.05:573][204]LogModuleManager: Shutting down and abandoning module FunctionalTesting (212)
[2021.08.31-05.27.05:573][204]LogModuleManager: Shutting down and abandoning module CollisionAnalyzer (210)
[2021.08.31-05.27.05:573][204]LogModuleManager: Shutting down and abandoning module WorkspaceMenuStructure (209)
[2021.08.31-05.27.05:573][204]LogModuleManager: Shutting down and abandoning module UMG (206)
[2021.08.31-05.27.05:573][204]LogModuleManager: Shutting down and abandoning module UMGEditor (205)
[2021.08.31-05.27.05:574][204]LogModuleManager: Shutting down and abandoning module Sequencer (204)
[2021.08.31-05.27.05:574][204]LogModuleManager: Shutting down and abandoning module MessageLog (201)
[2021.08.31-05.27.05:574][204]LogModuleManager: Shutting down and abandoning module SlateReflector (196)
[2021.08.31-05.27.05:574][204]LogModuleManager: Shutting down and abandoning module Slate (194)
[2021.08.31-05.27.05:574][204]LogModuleManager: Shutting down and abandoning module EditorStyle (192)
[2021.08.31-05.27.05:575][204]LogModuleManager: Shutting down and abandoning module MRMesh (190)
[2021.08.31-05.27.05:575][204]LogModuleManager: Shutting down and abandoning module SourceCodeAccess (188)
[2021.08.31-05.27.05:575][204]LogModuleManager: Shutting down and abandoning module HeadMountedDisplay (186)
[2021.08.31-05.27.05:575][204]LogModuleManager: Shutting down and abandoning module XAudio2 (184)
[2021.08.31-05.27.05:575][204]LogModuleManager: Shutting down and abandoning module Networking (182)
[2021.08.31-05.27.05:575][204]LogModuleManager: Shutting down and abandoning module Core (180)
[2021.08.31-05.27.05:575][204]LogModuleManager: Shutting down and abandoning module LevelSequence (178)
[2021.08.31-05.27.05:575][204]LogModuleManager: Shutting down and abandoning module KismetCompiler (176)
[2021.08.31-05.27.05:575][204]LogModuleManager: Shutting down and abandoning module MeshUtilities (174)
[2021.08.31-05.27.05:575][204]LogModuleManager: Shutting down and abandoning module MeshMergeUtilities (173)
[2021.08.31-05.27.05:575][204]LogModuleManager: Shutting down and abandoning module MeshReductionInterface (172)
[2021.08.31-05.27.05:575][204]LogModuleManager: Shutting down and abandoning module SimplygonSwarm (171)
[2021.08.31-05.27.05:575][204]LogModuleManager: Shutting down and abandoning module SimplygonMeshReduction (169)
[2021.08.31-05.27.05:575][204]LogModuleManager: Shutting down and abandoning module QuadricMeshReduction (167)
[2021.08.31-05.27.05:575][204]LogModuleManager: Shutting down and abandoning module MaterialBaking (163)
[2021.08.31-05.27.05:575][204]LogModuleManager: Shutting down and abandoning module DirectoryWatcher (159)
[2021.08.31-05.27.05:576][204]LogModuleManager: Shutting down and abandoning module DerivedDataCache (156)
[2021.08.31-05.27.05:705][204]LogDerivedDataCache: Shutdown
[2021.08.31-05.27.05:705][204]LogModuleManager: Shutting down and abandoning module XGEController (154)
[2021.08.31-05.27.05:705][204]LogModuleManager: Shutting down and abandoning module TargetPlatform (152)
[2021.08.31-05.27.05:706][204]LogModuleManager: Shutting down and abandoning module VulkanShaderFormat (151)
[2021.08.31-05.27.05:706][204]LogModuleManager: Shutting down and abandoning module ShaderFormatVectorVM (149)
[2021.08.31-05.27.05:706][204]LogModuleManager: Shutting down and abandoning module ShaderFormatOpenGL (147)
[2021.08.31-05.27.05:706][204]LogModuleManager: Shutting down and abandoning module ShaderFormatD3D (145)
[2021.08.31-05.27.05:706][204]LogModuleManager: Shutting down and abandoning module MetalShaderFormat (143)
[2021.08.31-05.27.05:706][204]LogModuleManager: Shutting down and abandoning module TextureFormatUncompressed (141)
[2021.08.31-05.27.05:706][204]LogModuleManager: Shutting down and abandoning module TextureFormatPVR (139)
[2021.08.31-05.27.05:706][204]LogModuleManager: Shutting down and abandoning module TextureFormatDXT (137)
[2021.08.31-05.27.05:706][204]LogModuleManager: Shutting down and abandoning module TextureFormatIntelISPCTexComp (135)
[2021.08.31-05.27.05:706][204]LogModuleManager: Shutting down and abandoning module TextureFormatASTC (133)
[2021.08.31-05.27.05:706][204]LogModuleManager: Shutting down and abandoning module ImageWrapper (132)
[2021.08.31-05.27.05:706][204]LogModuleManager: Shutting down and abandoning module TextureFormatAndroid (129)
[2021.08.31-05.27.05:706][204]LogModuleManager: Shutting down and abandoning module AudioFormatOpus (127)
[2021.08.31-05.27.05:706][204]LogModuleManager: Shutting down and abandoning module AudioFormatOgg (125)
[2021.08.31-05.27.05:706][204]LogModuleManager: Shutting down and abandoning module AudioFormatADPCM (123)
[2021.08.31-05.27.05:706][204]LogModuleManager: Shutting down and abandoning module LinuxTargetPlatform (121)
[2021.08.31-05.27.05:706][204]LogModuleManager: Shutting down and abandoning module LinuxServerTargetPlatform (119)
[2021.08.31-05.27.05:706][204]LogModuleManager: Shutting down and abandoning module LinuxNoEditorTargetPlatform (117)
[2021.08.31-05.27.05:706][204]LogModuleManager: Shutting down and abandoning module LinuxClientTargetPlatform (115)
[2021.08.31-05.27.05:706][204]LogModuleManager: Shutting down and abandoning module TVOSTargetPlatform (113)
[2021.08.31-05.27.05:706][204]LogModuleManager: Shutting down and abandoning module Messaging (111)
[2021.08.31-05.27.05:706][204]LogModuleManager: Shutting down and abandoning module IOSTargetPlatform (109)
[2021.08.31-05.27.05:706][204]LogModuleManager: Shutting down and abandoning module HTML5TargetPlatform (107)
[2021.08.31-05.27.05:706][204]LogModuleManager: Shutting down and abandoning module AndroidTargetPlatform (105)
[2021.08.31-05.27.05:706][204]LogModuleManager: Shutting down and abandoning module Android_PVRTCTargetPlatform (103)
[2021.08.31-05.27.05:706][204]LogModuleManager: Shutting down and abandoning module Android_MultiTargetPlatform (101)
[2021.08.31-05.27.05:706][204]LogModuleManager: Shutting down and abandoning module Android_ETC2TargetPlatform (99)
[2021.08.31-05.27.05:706][204]LogModuleManager: Shutting down and abandoning module Android_ETC1TargetPlatform (97)
[2021.08.31-05.27.05:706][204]LogModuleManager: Shutting down and abandoning module Android_ETC1aTargetPlatform (95)
[2021.08.31-05.27.05:706][204]LogModuleManager: Shutting down and abandoning module Android_DXTTargetPlatform (93)
[2021.08.31-05.27.05:706][204]LogModuleManager: Shutting down and abandoning module Android_ATCTargetPlatform (91)
[2021.08.31-05.27.05:706][204]LogModuleManager: Shutting down and abandoning module Android_ASTCTargetPlatform (89)
[2021.08.31-05.27.05:706][204]LogModuleManager: Shutting down and abandoning module WindowsTargetPlatform (87)
[2021.08.31-05.27.05:706][204]LogModuleManager: Shutting down and abandoning module WindowsServerTargetPlatform (85)
[2021.08.31-05.27.05:706][204]LogModuleManager: Shutting down and abandoning module WindowsNoEditorTargetPlatform (83)
[2021.08.31-05.27.05:706][204]LogModuleManager: Shutting down and abandoning module WindowsClientTargetPlatform (81)
[2021.08.31-05.27.05:706][204]LogModuleManager: Shutting down and abandoning module MacTargetPlatform (79)
[2021.08.31-05.27.05:706][204]LogModuleManager: Shutting down and abandoning module MacServerTargetPlatform (77)
[2021.08.31-05.27.05:706][204]LogModuleManager: Shutting down and abandoning module MacNoEditorTargetPlatform (75)
[2021.08.31-05.27.05:706][204]LogModuleManager: Shutting down and abandoning module MacClientTargetPlatform (73)
[2021.08.31-05.27.05:706][204]LogModuleManager: Shutting down and abandoning module AllDesktopTargetPlatform (71)
[2021.08.31-05.27.05:706][204]LogModuleManager: Shutting down and abandoning module InputCore (68)
[2021.08.31-05.27.05:706][204]LogModuleManager: Shutting down and abandoning module Settings (66)
[2021.08.31-05.27.05:706][204]LogModuleManager: Shutting down and abandoning module PhysXCooking (64)
[2021.08.31-05.27.05:706][204]LogModuleManager: Shutting down and abandoning module SteamVR (62)
[2021.08.31-05.27.05:706][204]LogModuleManager: Shutting down and abandoning module OculusHMD (60)
[2021.08.31-05.27.05:706][204]LogModuleManager: Shutting down and abandoning module ExampleDeviceProfileSelector (58)
[2021.08.31-05.27.05:706][204]LogModuleManager: Shutting down and abandoning module AppleARKit (56)
[2021.08.31-05.27.05:706][204]LogModuleManager: Shutting down and abandoning module AugmentedReality (53)
[2021.08.31-05.27.05:706][204]LogModuleManager: Shutting down and abandoning module OnlineBlueprintSupport (50)
[2021.08.31-05.27.05:706][204]LogModuleManager: Shutting down and abandoning module OnlineSubsystem (46)
[2021.08.31-05.27.05:706][204]LogModuleManager: Shutting down and abandoning module XMPP (45)
[2021.08.31-05.27.05:706][204]LogModuleManager: Shutting down and abandoning module HTTP (43)
[2021.08.31-05.27.05:706][204]LogHttp: Display: Http module shutting down, but needs to wait on 1 outstanding Http requests:
[2021.08.31-05.27.05:706][204]LogHttp: Display: 	verb=[POST] url=[https://datarouter.ol.epicgames.com/datarouter/api/v1/public/data?SessionID=%7B1F063357-4F1F-F88C-C9F7-AAB638FEBDDC%7D&AppID=UEEditor.Rocket.Release&AppVersion=4.19.2-4033788%2B%2B%2BUE4%2BRelease-4.19&UserID=792382ae41a1610223592583f9c0f101%7C7bd3228ea6524d7e9c97b50e572a39ff%7Ca8edcf6f-18b8-4554-88f7-8b7cb1c61182&AppEnvironment=datacollector-binary&UploadType=eteventstream] status=Processing
[2021.08.31-05.27.05:725][204]LogModuleManager: Shutting down and abandoning module SSL (42)
[2021.08.31-05.27.05:725][204]LogModuleManager: Shutting down and abandoning module DesktopPlatform (38)
[2021.08.31-05.27.05:726][204]LogModuleManager: Shutting down and abandoning module AnimationModifiers (36)
[2021.08.31-05.27.05:726][204]LogModuleManager: Shutting down and abandoning module PropertyEditor (35)
[2021.08.31-05.27.05:726][204]LogModuleManager: Shutting down and abandoning module AudioEditor (32)
[2021.08.31-05.27.05:726][204]LogModuleManager: Shutting down and abandoning module TextureCompressor (30)
[2021.08.31-05.27.05:726][204]LogModuleManager: Shutting down and abandoning module ShaderCore (28)
[2021.08.31-05.27.05:726][204]LogModuleManager: Shutting down and abandoning module Landscape (26)
[2021.08.31-05.27.05:726][204]LogModuleManager: Shutting down and abandoning module SlateRHIRenderer (24)
[2021.08.31-05.27.05:727][204]LogModuleManager: Shutting down and abandoning module OpenGLDrv (22)
[2021.08.31-05.27.05:727][204]LogModuleManager: Shutting down and abandoning module D3D11RHI (20)
[2021.08.31-05.27.05:727][204]LogModuleManager: Shutting down and abandoning module AnimGraphRuntime (18)
[2021.08.31-05.27.05:727][204]LogModuleManager: Shutting down and abandoning module Renderer (16)
[2021.08.31-05.27.05:727][204]LogModuleManager: Shutting down and abandoning module Engine (14)
[2021.08.31-05.27.05:727][204]LogModuleManager: Shutting down and abandoning module CoreUObject (12)
[2021.08.31-05.27.05:727][204]LogModuleManager: Shutting down and abandoning module NetworkFile (10)
[2021.08.31-05.27.05:727][204]LogModuleManager: Shutting down and abandoning module CookedIterativeFile (8)
[2021.08.31-05.27.05:727][204]LogModuleManager: Shutting down and abandoning module StreamingFile (6)
[2021.08.31-05.27.05:727][204]LogModuleManager: Shutting down and abandoning module SandboxFile (4)
[2021.08.31-05.27.05:727][204]LogModuleManager: Shutting down and abandoning module PakFile (2)
[2021.08.31-05.27.05:732][204]LogExit: Exiting.
[2021.08.31-05.27.05:737][204]Log file closed, 08/31/21 14:27:05
