Log file open, 08/31/21 13:39:21
LogWindows: Failed to load 'aqProf.dll' (GetLastError=126)
LogWindows: File 'aqProf.dll' does not exist
LogWindows: Failed to load 'VtuneApi.dll' (GetLastError=126)
LogWindows: File 'VtuneApi.dll' does not exist
LogWindows: Failed to load 'VtuneApi32e.dll' (GetLastError=126)
LogWindows: File 'VtuneApi32e.dll' does not exist
LogInit: Display: Running engine for game: ArenaBattle
LogPlatformFile: Not using cached read wrapper
LogInit: Display: RandInit(1105632776) SRandInit(1105632776).
LogInit: Read version file with build ID '3944462'
LogInit: Overriding engine version to CL 4033788, compatible CL 3944462
LogInit: Registered custom module enumerator with build ID '3944462'
LogTaskGraph: Started task graph with 5 named threads and 20 total threads with 3 sets of task threads.
LogStats: Stats thread started at 0.306288
LogD3D11RHI: Aftermath initialized
LogICUInternationalization: Display: ICU TimeZone Detection - Raw Offset: +9:00, Platform Override: ''
LogPluginManager: Mounting plugin Paper2D
LogPluginManager: Mounting plugin LiveLink
LogPluginManager: Mounting plugin LightPropagationVolume
LogPluginManager: Mounting plugin CLionSourceCodeAccess
LogPluginManager: Mounting plugin CodeLiteSourceCodeAccess
LogPluginManager: Mounting plugin GitSourceControl
LogPluginManager: Mounting plugin KDevelopSourceCodeAccess
LogPluginManager: Mounting plugin NullSourceCodeAccess
LogPluginManager: Mounting plugin PerforceSourceControl
LogPluginManager: Mounting plugin SubversionSourceControl
LogPluginManager: Mounting plugin UObjectPlugin
LogPluginManager: Mounting plugin VisualStudioCodeSourceCodeAccess
LogPluginManager: Mounting plugin VisualStudioSourceCodeAccess
LogPluginManager: Mounting plugin XCodeSourceCodeAccess
LogPluginManager: Mounting plugin AssetManagerEditor
LogPluginManager: Mounting plugin CryptoKeys
LogPluginManager: Mounting plugin DataValidation
LogPluginManager: Mounting plugin FacialAnimation
LogPluginManager: Mounting plugin GameplayTagsEditor
LogPluginManager: Mounting plugin MobileLauncherProfileWizard
LogPluginManager: Mounting plugin PluginBrowser
LogPluginManager: Mounting plugin SpeedTreeImporter
LogPluginManager: Mounting plugin DatasmithContent
LogPluginManager: Mounting plugin AlembicImporter
LogPluginManager: Mounting plugin CharacterAI
LogPluginManager: Mounting plugin HTML5Networking
LogPluginManager: Mounting plugin AndroidMedia
LogPluginManager: Mounting plugin AvfMedia
LogPluginManager: Mounting plugin ImgMedia
LogPluginManager: Mounting plugin LinearTimecode
LogPluginManager: Mounting plugin MediaCompositing
LogPluginManager: Mounting plugin MediaPlayerEditor
LogPluginManager: Mounting plugin WmfMedia
LogPluginManager: Mounting plugin TcpMessaging
LogPluginManager: Mounting plugin UdpMessaging
LogPluginManager: Mounting plugin ActorSequence
LogPluginManager: Mounting plugin LevelSequenceEditor
LogPluginManager: Mounting plugin MatineeToLevelSequence
LogPluginManager: Mounting plugin NetcodeUnitTest
LogPluginManager: Mounting plugin NUTUnrealEngine4
LogPluginManager: Mounting plugin OnlineSubsystemGooglePlay
LogPluginManager: Mounting plugin OnlineSubsystemIOS
LogPluginManager: Mounting plugin OnlineSubsystem
LogPluginManager: Mounting plugin OnlineSubsystemNull
LogPluginManager: Mounting plugin OnlineSubsystemUtils
LogPluginManager: Mounting plugin AndroidDeviceProfileSelector
LogPluginManager: Mounting plugin AndroidMoviePlayer
LogPluginManager: Mounting plugin AndroidPermission
LogPluginManager: Mounting plugin AppleARKit
LogPluginManager: Mounting plugin AppleMoviePlayer
LogPluginManager: Mounting plugin ArchVisCharacter
LogPluginManager: Mounting plugin AudioCapture
LogPluginManager: Mounting plugin CableComponent
LogPluginManager: Mounting plugin CustomMeshComponent
LogPluginManager: Mounting plugin ExampleDeviceProfileSelector
LogPluginManager: Mounting plugin GoogleCloudMessaging
LogPluginManager: Mounting plugin ImmediatePhysics
LogPluginManager: Mounting plugin IOSDeviceProfileSelector
LogPluginManager: Mounting plugin LinuxDeviceProfileSelector
LogPluginManager: Mounting plugin LocationServicesBPLibrary
LogPluginManager: Mounting plugin MobilePatchingUtils
LogPluginManager: Mounting plugin OculusVR
LogPluginManager: Plugin shader directory ../../../Engine/Plugins/Runtime/Oculus/OculusVR/Shaders found
LogPluginManager: Mapping shader source directory ../../../Engine/Plugins/Runtime/Oculus/OculusVR/Shaders to virtual directory /Plugin/OculusVR
LogPluginManager: Mounting plugin PhysXVehicles
LogPluginManager: Mounting plugin ProceduralMeshComponent
LogPluginManager: Mounting plugin RuntimePhysXCooking
LogPluginManager: Mounting plugin SteamVR
LogPluginManager: Mounting plugin WindowsMoviePlayer
LogStreaming: Display: Took  0.093s to configure plugins.
LogModuleManager: Display: Found up-to-date module file D:/game/GAME/Binaries/Win64/UE4Editor-ArenaBattle-6316.dll (API version 3944462).
LogModuleManager: Display: Found up-to-date module file ../../../Engine/Plugins/2D/Paper2D/Binaries/Win64/UE4Editor-Paper2D.dll (API version 3944462).
LogModuleManager: Display: Found up-to-date module file ../../../Engine/Plugins/2D/Paper2D/Binaries/Win64/UE4Editor-Paper2DEditor.dll (API version 3944462).
LogModuleManager: Display: Found up-to-date module file ../../../Engine/Plugins/2D/Paper2D/Binaries/Win64/UE4Editor-PaperSpriteSheetImporter.dll (API version 3944462).
LogModuleManager: Display: Found up-to-date module file ../../../Engine/Plugins/2D/Paper2D/Binaries/Win64/UE4Editor-PaperTiledImporter.dll (API version 3944462).
LogModuleManager: Display: Found up-to-date module file ../../../Engine/Plugins/2D/Paper2D/Binaries/Win64/UE4Editor-SmartSnapping.dll (API version 3944462).
LogModuleManager: Display: Found up-to-date module file ../../../Engine/Plugins/Animation/LiveLink/Binaries/Win64/UE4Editor-LiveLink.dll (API version 3944462).
LogModuleManager: Display: Found up-to-date module file ../../../Engine/Plugins/Animation/LiveLink/Binaries/Win64/UE4Editor-LiveLinkEditor.dll (API version 3944462).
LogModuleManager: Display: Found up-to-date module file ../../../Engine/Plugins/Blendables/LightPropagationVolume/Binaries/Win64/UE4Editor-LightPropagationVolumeRuntime.dll (API version 3944462).
LogModuleManager: Display: Found up-to-date module file ../../../Engine/Plugins/Blendables/LightPropagationVolume/Binaries/Win64/UE4Editor-LightPropagationVolumeEditor.dll (API version 3944462).
LogModuleManager: Display: Found up-to-date module file ../../../Engine/Plugins/Developer/CLionSourceCodeAccess/Binaries/Win64/UE4Editor-CLionSourceCodeAccess.dll (API version 3944462).
LogModuleManager: Display: Found up-to-date module file ../../../Engine/Plugins/Developer/GitSourceControl/Binaries/Win64/UE4Editor-GitSourceControl.dll (API version 3944462).
LogModuleManager: Display: Found up-to-date module file ../../../Engine/Plugins/Developer/PerforceSourceControl/Binaries/Win64/UE4Editor-PerforceSourceControl.dll (API version 3944462).
LogModuleManager: Display: Found up-to-date module file ../../../Engine/Plugins/Developer/SubversionSourceControl/Binaries/Win64/UE4Editor-SubversionSourceControl.dll (API version 3944462).
LogModuleManager: Display: Found up-to-date module file ../../../Engine/Plugins/Developer/UObjectPlugin/Binaries/Win64/UE4Editor-UObjectPlugin.dll (API version 3944462).
LogModuleManager: Display: Found up-to-date module file ../../../Engine/Plugins/Developer/VisualStudioCodeSourceCodeAccess/Binaries/Win64/UE4Editor-VisualStudioCodeSourceCodeAccess.dll (API version 3944462).
LogModuleManager: Display: Found up-to-date module file ../../../Engine/Plugins/Developer/VisualStudioSourceCodeAccess/Binaries/Win64/UE4Editor-VisualStudioSourceCodeAccess.dll (API version 3944462).
LogModuleManager: Display: Found up-to-date module file ../../../Engine/Plugins/Editor/AssetManagerEditor/Binaries/Win64/UE4Editor-AssetManagerEditor.dll (API version 3944462).
LogModuleManager: Display: Found up-to-date module file ../../../Engine/Plugins/Editor/CryptoKeys/Binaries/Win64/UE4Editor-CryptoKeys.dll (API version 3944462).
LogModuleManager: Display: Found up-to-date module file ../../../Engine/Plugins/Editor/CryptoKeys/Binaries/Win64/UE4Editor-CryptoKeysOpenSSL.dll (API version 3944462).
LogModuleManager: Display: Found up-to-date module file ../../../Engine/Plugins/Editor/DataValidation/Binaries/Win64/UE4Editor-DataValidation.dll (API version 3944462).
LogModuleManager: Display: Found up-to-date module file ../../../Engine/Plugins/Editor/FacialAnimation/Binaries/Win64/UE4Editor-FacialAnimation.dll (API version 3944462).
LogModuleManager: Display: Found up-to-date module file ../../../Engine/Plugins/Editor/FacialAnimation/Binaries/Win64/UE4Editor-FacialAnimationEditor.dll (API version 3944462).
LogModuleManager: Display: Found up-to-date module file ../../../Engine/Plugins/Editor/GameplayTagsEditor/Binaries/Win64/UE4Editor-GameplayTagsEditor.dll (API version 3944462).
LogModuleManager: Display: Found up-to-date module file ../../../Engine/Plugins/Editor/MobileLauncherProfileWizard/Binaries/Win64/UE4Editor-MobileLauncherProfileWizard.dll (API version 3944462).
LogModuleManager: Display: Found up-to-date module file ../../../Engine/Plugins/Editor/PluginBrowser/Binaries/Win64/UE4Editor-PluginBrowser.dll (API version 3944462).
LogModuleManager: Display: Found up-to-date module file ../../../Engine/Plugins/Editor/SpeedTreeImporter/Binaries/Win64/UE4Editor-SpeedTreeImporter.dll (API version 3944462).
LogModuleManager: Display: Found up-to-date module file ../../../Engine/Plugins/Enterprise/DatasmithContent/Binaries/Win64/UE4Editor-DatasmithContent.dll (API version 3944462).
LogModuleManager: Display: Found up-to-date module file ../../../Engine/Plugins/Experimental/AlembicImporter/Binaries/Win64/UE4Editor-AlembicImporter.dll (API version 3944462).
LogModuleManager: Display: Found up-to-date module file ../../../Engine/Plugins/Experimental/AlembicImporter/Binaries/Win64/UE4Editor-AlembicLibrary.dll (API version 3944462).
LogModuleManager: Display: Found up-to-date module file ../../../Engine/Plugins/Experimental/CharacterAI/Binaries/Win64/UE4Editor-CharacterAI.dll (API version 3944462).
LogModuleManager: Display: Found up-to-date module file ../../../Engine/Plugins/Experimental/HTML5Networking/Binaries/Win64/UE4Editor-HTML5Networking.dll (API version 3944462).
LogModuleManager: Display: Found up-to-date module file ../../../Engine/Plugins/Media/AndroidMedia/Binaries/Win64/UE4Editor-AndroidMediaEditor.dll (API version 3944462).
LogModuleManager: Display: Found up-to-date module file ../../../Engine/Plugins/Media/AndroidMedia/Binaries/Win64/UE4Editor-AndroidMediaFactory.dll (API version 3944462).
LogModuleManager: Display: Found up-to-date module file ../../../Engine/Plugins/Media/AvfMedia/Binaries/Win64/UE4Editor-AvfMediaEditor.dll (API version 3944462).
LogModuleManager: Display: Found up-to-date module file ../../../Engine/Plugins/Media/AvfMedia/Binaries/Win64/UE4Editor-AvfMediaFactory.dll (API version 3944462).
LogModuleManager: Display: Found up-to-date module file ../../../Engine/Plugins/Media/AvfMedia/Binaries/Win64/UE4Editor-AvfMediaFactory.dll (API version 3944462).
LogModuleManager: Display: Found up-to-date module file ../../../Engine/Plugins/Media/ImgMedia/Binaries/Win64/UE4Editor-ImgMedia.dll (API version 3944462).
LogModuleManager: Display: Found up-to-date module file ../../../Engine/Plugins/Media/ImgMedia/Binaries/Win64/UE4Editor-ImgMediaEditor.dll (API version 3944462).
LogModuleManager: Display: Found up-to-date module file ../../../Engine/Plugins/Media/ImgMedia/Binaries/Win64/UE4Editor-ImgMediaFactory.dll (API version 3944462).
LogModuleManager: Display: Found up-to-date module file ../../../Engine/Plugins/Media/ImgMedia/Binaries/Win64/UE4Editor-ImgMediaFactory.dll (API version 3944462).
LogModuleManager: Display: Found up-to-date module file ../../../Engine/Plugins/Media/ImgMedia/Binaries/Win64/UE4Editor-OpenExrWrapper.dll (API version 3944462).
LogModuleManager: Display: Found up-to-date module file ../../../Engine/Plugins/Media/LinearTimecode/Binaries/Win64/UE4Editor-LinearTimecode.dll (API version 3944462).
LogModuleManager: Display: Found up-to-date module file ../../../Engine/Plugins/Media/MediaCompositing/Binaries/Win64/UE4Editor-MediaCompositing.dll (API version 3944462).
LogModuleManager: Display: Found up-to-date module file ../../../Engine/Plugins/Media/MediaCompositing/Binaries/Win64/UE4Editor-MediaCompositingEditor.dll (API version 3944462).
LogModuleManager: Display: Found up-to-date module file ../../../Engine/Plugins/Media/MediaPlayerEditor/Binaries/Win64/UE4Editor-MediaPlayerEditor.dll (API version 3944462).
LogModuleManager: Display: Found up-to-date module file ../../../Engine/Plugins/Media/WmfMedia/Binaries/Win64/UE4Editor-WmfMedia.dll (API version 3944462).
LogModuleManager: Display: Found up-to-date module file ../../../Engine/Plugins/Media/WmfMedia/Binaries/Win64/UE4Editor-WmfMediaEditor.dll (API version 3944462).
LogModuleManager: Display: Found up-to-date module file ../../../Engine/Plugins/Media/WmfMedia/Binaries/Win64/UE4Editor-WmfMediaFactory.dll (API version 3944462).
LogModuleManager: Display: Found up-to-date module file ../../../Engine/Plugins/Media/WmfMedia/Binaries/Win64/UE4Editor-WmfMediaFactory.dll (API version 3944462).
LogModuleManager: Display: Found up-to-date module file ../../../Engine/Plugins/Messaging/TcpMessaging/Binaries/Win64/UE4Editor-TcpMessaging.dll (API version 3944462).
LogModuleManager: Display: Found up-to-date module file ../../../Engine/Plugins/Messaging/UdpMessaging/Binaries/Win64/UE4Editor-UdpMessaging.dll (API version 3944462).
LogModuleManager: Display: Found up-to-date module file ../../../Engine/Plugins/MovieScene/ActorSequence/Binaries/Win64/UE4Editor-ActorSequence.dll (API version 3944462).
LogModuleManager: Display: Found up-to-date module file ../../../Engine/Plugins/MovieScene/LevelSequenceEditor/Binaries/Win64/UE4Editor-LevelSequenceEditor.dll (API version 3944462).
LogModuleManager: Display: Found up-to-date module file ../../../Engine/Plugins/MovieScene/MatineeToLevelSequence/Binaries/Win64/UE4Editor-MatineeToLevelSequence.dll (API version 3944462).
LogModuleManager: Display: Found up-to-date module file ../../../Engine/Plugins/NetcodeUnitTest/NetcodeUnitTest/Binaries/Win64/UE4Editor-NetcodeUnitTest.dll (API version 3944462).
LogModuleManager: Display: Found up-to-date module file ../../../Engine/Plugins/NetcodeUnitTest/NUTUnrealEngine4/Binaries/Win64/UE4Editor-NUTUnrealEngine4.dll (API version 3944462).
LogModuleManager: Display: Found up-to-date module file ../../../Engine/Plugins/Online/OnlineSubsystem/Binaries/Win64/UE4Editor-OnlineSubsystem.dll (API version 3944462).
LogModuleManager: Display: Found up-to-date module file ../../../Engine/Plugins/Online/OnlineSubsystemNull/Binaries/Win64/UE4Editor-OnlineSubsystemNull.dll (API version 3944462).
LogModuleManager: Display: Found up-to-date module file ../../../Engine/Plugins/Online/OnlineSubsystemUtils/Binaries/Win64/UE4Editor-OnlineSubsystemUtils.dll (API version 3944462).
LogModuleManager: Display: Found up-to-date module file ../../../Engine/Plugins/Online/OnlineSubsystemUtils/Binaries/Win64/UE4Editor-OnlineBlueprintSupport.dll (API version 3944462).
LogModuleManager: Display: Found up-to-date module file ../../../Engine/Plugins/Runtime/AndroidDeviceProfileSelector/Binaries/Win64/UE4Editor-AndroidDeviceProfileSelector.dll (API version 3944462).
LogModuleManager: Display: Found up-to-date module file ../../../Engine/Plugins/Runtime/AndroidPermission/Binaries/Win64/UE4Editor-AndroidPermission.dll (API version 3944462).
LogModuleManager: Display: Found up-to-date module file ../../../Engine/Plugins/Runtime/AppleARKit/Binaries/Win64/UE4Editor-AppleARKit.dll (API version 3944462).
LogModuleManager: Display: Found up-to-date module file ../../../Engine/Plugins/Runtime/ArchVisCharacter/Binaries/Win64/UE4Editor-ArchVisCharacter.dll (API version 3944462).
LogModuleManager: Display: Found up-to-date module file ../../../Engine/Plugins/Runtime/AudioCapture/Binaries/Win64/UE4Editor-AudioCapture.dll (API version 3944462).
LogModuleManager: Display: Found up-to-date module file ../../../Engine/Plugins/Runtime/AudioCapture/Binaries/Win64/UE4Editor-AudioCaptureEditor.dll (API version 3944462).
LogModuleManager: Display: Found up-to-date module file ../../../Engine/Plugins/Runtime/CableComponent/Binaries/Win64/UE4Editor-CableComponent.dll (API version 3944462).
LogModuleManager: Display: Found up-to-date module file ../../../Engine/Plugins/Runtime/CustomMeshComponent/Binaries/Win64/UE4Editor-CustomMeshComponent.dll (API version 3944462).
LogModuleManager: Display: Found up-to-date module file ../../../Engine/Plugins/Runtime/ExampleDeviceProfileSelector/Binaries/Win64/UE4Editor-ExampleDeviceProfileSelector.dll (API version 3944462).
LogModuleManager: Display: Found up-to-date module file ../../../Engine/Plugins/Runtime/ImmediatePhysics/Binaries/Win64/UE4Editor-ImmediatePhysics.dll (API version 3944462).
LogModuleManager: Display: Found up-to-date module file ../../../Engine/Plugins/Runtime/ImmediatePhysics/Binaries/Win64/UE4Editor-ImmediatePhysicsEditor.dll (API version 3944462).
LogModuleManager: Display: Found up-to-date module file ../../../Engine/Plugins/Runtime/LocationServicesBPLibrary/Binaries/Win64/UE4Editor-LocationServicesBPLibrary.dll (API version 3944462).
LogModuleManager: Display: Found up-to-date module file ../../../Engine/Plugins/Runtime/MobilePatchingUtils/Binaries/Win64/UE4Editor-MobilePatchingUtils.dll (API version 3944462).
LogModuleManager: Display: Found up-to-date module file ../../../Engine/Plugins/Runtime/Oculus/OculusVR/Binaries/Win64/UE4Editor-OculusHMD.dll (API version 3944462).
LogModuleManager: Display: Found up-to-date module file ../../../Engine/Plugins/Runtime/Oculus/OculusVR/Binaries/Win64/UE4Editor-OculusInput.dll (API version 3944462).
LogModuleManager: Display: Found up-to-date module file ../../../Engine/Plugins/Runtime/Oculus/OculusVR/Binaries/Win64/UE4Editor-OculusEditor.dll (API version 3944462).
LogModuleManager: Display: Found up-to-date module file ../../../Engine/Plugins/Runtime/PhysXVehicles/Binaries/Win64/UE4Editor-PhysXVehicles.dll (API version 3944462).
LogModuleManager: Display: Found up-to-date module file ../../../Engine/Plugins/Runtime/PhysXVehicles/Binaries/Win64/UE4Editor-PhysXVehiclesEditor.dll (API version 3944462).
LogModuleManager: Display: Found up-to-date module file ../../../Engine/Plugins/Runtime/ProceduralMeshComponent/Binaries/Win64/UE4Editor-ProceduralMeshComponent.dll (API version 3944462).
LogModuleManager: Display: Found up-to-date module file ../../../Engine/Plugins/Runtime/ProceduralMeshComponent/Binaries/Win64/UE4Editor-ProceduralMeshComponentEditor.dll (API version 3944462).
LogModuleManager: Display: Found up-to-date module file ../../../Engine/Plugins/Runtime/RuntimePhysXCooking/Binaries/Win64/UE4Editor-RuntimePhysXCooking.dll (API version 3944462).
LogModuleManager: Display: Found up-to-date module file ../../../Engine/Plugins/Runtime/Steam/SteamVR/Binaries/Win64/UE4Editor-SteamVR.dll (API version 3944462).
LogModuleManager: Display: Found up-to-date module file ../../../Engine/Plugins/Runtime/Steam/SteamVR/Binaries/Win64/UE4Editor-SteamVRController.dll (API version 3944462).
LogModuleManager: Display: Found up-to-date module file ../../../Engine/Plugins/Runtime/WindowsMoviePlayer/Binaries/Win64/UE4Editor-WindowsMoviePlayer.dll (API version 3944462).
LogInit: Using libcurl 7.47.1
LogInit:  - built for x86_64-pc-win32
LogInit:  - supports SSL with OpenSSL/1.0.2g
LogInit:  - supports HTTP deflate (compression) using libz 1.2.8
LogInit:  - other features:
LogInit:      CURL_VERSION_SSL
LogInit:      CURL_VERSION_LIBZ
LogInit:      CURL_VERSION_IPV6
LogInit:      CURL_VERSION_ASYNCHDNS
LogInit:      CURL_VERSION_LARGEFILE
LogInit:      CURL_VERSION_IDN
LogInit:  CurlRequestOptions (configurable via config and command line):
LogInit:  - bVerifyPeer = false  - Libcurl will NOT verify peer certificate
LogInit:  - bUseHttpProxy = false  - Libcurl will NOT use HTTP proxy
LogInit:  - bDontReuseConnections = false  - Libcurl will reuse connections
LogInit:  - CertBundlePath = nullptr  - Libcurl will use whatever was configured at build time.
LogInit:  - MaxHostConnections = 16  - Libcurl will limit the number of connections to a host
LogInit:  - LocalHostAddr = Default
LogInit: WinSock: version 1.1 (2.2), MaxSocks=32767, MaxUdp=65467
LogInit: WinSock: I am DESKTOP-FMLP5DB (1.224.172.55:0)
LogInit: Build: ++UE4+Release-4.19-CL-4033788
LogInit: Engine Version: 4.19.2-4033788+++UE4+Release-4.19
LogInit: Compatible Engine Version: 4.19.0-3944462+++UE4+Release-4.19
LogInit: Net CL: 3944462
LogDevObjectVersion: Number of dev versions registered: 18
LogDevObjectVersion:   Dev-Blueprints (B0D832E4-1F89-4F0D-ACCF-7EB736FD4AA2): 10
LogDevObjectVersion:   Dev-Build (E1C64328-A22C-4D53-A36C-8E866417BD8C): 0
LogDevObjectVersion:   Dev-Core (375EC13C-06E4-48FB-B500-84F0262A717E): 2
LogDevObjectVersion:   Dev-Editor (E4B068ED-F494-42E9-A231-DA0B2E46BB41): 23
LogDevObjectVersion:   Dev-Framework (CFFC743F-43B0-4480-9391-14DF171D2073): 33
LogDevObjectVersion:   Dev-Mobile (B02B49B5-BB20-44E9-A304-32B752E40360): 2
LogDevObjectVersion:   Dev-Networking (A4E4105C-59A1-49B5-A7C5-40C4547EDFEE): 0
LogDevObjectVersion:   Dev-Online (39C831C9-5AE6-47DC-9A44-9C173E1C8E7C): 0
LogDevObjectVersion:   Dev-Physics (78F01B33-EBEA-4F98-B9B4-84EACCB95AA2): 0
LogDevObjectVersion:   Dev-Platform (6631380F-2D4D-43E0-8009-CF276956A95A): 0
LogDevObjectVersion:   Dev-Rendering (12F88B9F-8875-4AFC-A67C-D90C383ABD29): 25
LogDevObjectVersion:   Dev-Sequencer (7B5AE74C-D270-4C10-A958-57980B212A5A): 6
LogDevObjectVersion:   Dev-VR (D7296918-1DD6-4BDD-9DE2-64A83CC13884): 1
LogDevObjectVersion:   Dev-LoadTimes (C2A15278-BFE7-4AFE-6C17-90FF531DF755): 1
LogDevObjectVersion:   Private-Geometry (6EACA3D4-40EC-4CC1-B786-8BED09428FC5): 2
LogDevObjectVersion:   Dev-AnimPhys (29E575DD-E0A3-4627-9D10-D276232CDCEA): 16
LogDevObjectVersion:   Dev-ReflectionCapture (6B266CEC-1EC7-4B8F-A30B-E4D90942FC07): 1
LogDevObjectVersion:   Dev-Automation (0DF73D61-A23F-47EA-B727-89E90C41499A): 1
LogInit: Compiled (64-bit): Apr 27 2018 02:06:57
LogInit: Compiled with Visual C++: 19.00.24215.01
LogInit: Build Configuration: Development
LogInit: Branch Name: ++UE4+Release-4.19
LogInit: Command Line:  
LogInit: Base Directory: C:/Program Files/Epic Games/UE_4.19/Engine/Binaries/Win64/
LogInit: Installed Engine Build: 1
LogStreaming: Display: Took  0.000s to delete old logs.
LogInit: Presizing for max 8388607 objects, including 0 objects not considered by GC, pre-allocating 0 bytes for permanent pool.
LogInit: Object subsystem initialized
[2021.08.31-04.39.23:225][  0]LogInit: Selected Device Profile: [Windows]
[2021.08.31-04.39.23:225][  0]LogInit: Applying CVar settings loaded from the selected device profile: [Windows]
[2021.08.31-04.39.23:233][  0]LogInit: Computer: DESKTOP-FMLP5DB
[2021.08.31-04.39.23:233][  0]LogInit: User: HAEUN
[2021.08.31-04.39.23:233][  0]LogInit: CPU Page size=4096, Cores=6
[2021.08.31-04.39.23:233][  0]LogInit: High frequency timer resolution =10.000000 MHz
[2021.08.31-04.39.23:233][  0]LogMemory: Memory total: Physical=31.9GB (32GB approx)
[2021.08.31-04.39.23:233][  0]LogMemory: Platform Memory Stats for Windows
[2021.08.31-04.39.23:233][  0]LogMemory: Process Physical Memory: 274.41 MB used, 274.42 MB peak
[2021.08.31-04.39.23:233][  0]LogMemory: Process Virtual Memory: 262.43 MB used, 262.43 MB peak
[2021.08.31-04.39.23:233][  0]LogMemory: Physical Memory: 12148.69 MB used,  20565.87 MB free, 32714.55 MB total
[2021.08.31-04.39.23:233][  0]LogMemory: Virtual Memory: 4774.09 MB used,  20565.87 MB free, 134217728.00 MB total
[2021.08.31-04.39.23:323][  0]LogInit: Using OS detected language (ko-KR).
[2021.08.31-04.39.23:323][  0]LogInit: Using OS detected locale (ko-KR).
[2021.08.31-04.39.23:326][  0]LogTextLocalizationManager: No specific localization for 'ko-KR' exists, so the 'ko' localization will be used.
[2021.08.31-04.39.23:650][  0]LogStreaming: Display: Took  0.328s to EndInitTextLocalization.
[2021.08.31-04.39.23:650][  0]LogInit: Setting process to per monitor DPI aware
[2021.08.31-04.39.23:710][  0]LogSlate: New Slate User Created.  User Index 0, Is Virtual User: 0
[2021.08.31-04.39.23:710][  0]LogSlate: Slate User Registered.  User Index 0, Is Virtual User: 0
[2021.08.31-04.39.23:943][  0]LogD3D11RHI: D3D11 adapters:
[2021.08.31-04.39.24:049][  0]LogD3D11RHI:    0. 'NVIDIA GeForce RTX 2080' (Feature Level 11_0)
[2021.08.31-04.39.24:049][  0]LogD3D11RHI:       8010/0/16357 MB DedicatedVideo/DedicatedSystem/SharedSystem, Outputs:1, VendorId:0x10de
[2021.08.31-04.39.24:052][  0]LogD3D11RHI:    1. 'Microsoft Basic Render Driver' (Feature Level 11_0)
[2021.08.31-04.39.24:052][  0]LogD3D11RHI:       0/0/16357 MB DedicatedVideo/DedicatedSystem/SharedSystem, Outputs:0, VendorId:0x1414
[2021.08.31-04.39.24:052][  0]LogD3D11RHI: Chosen D3D11 Adapter: 0
[2021.08.31-04.39.24:059][  0]LogD3D11RHI: Creating new Direct3DDevice
[2021.08.31-04.39.24:059][  0]LogD3D11RHI:     GPU DeviceId: 0x1e87 (for the marketing name, search the web for "GPU Device Id")
[2021.08.31-04.39.24:059][  0]LogWindows: EnumDisplayDevices:
[2021.08.31-04.39.24:059][  0]LogWindows:    0. 'NVIDIA GeForce RTX 2080' (P:1 D:1)
[2021.08.31-04.39.24:060][  0]LogWindows:    1. 'NVIDIA GeForce RTX 2080' (P:0 D:0)
[2021.08.31-04.39.24:060][  0]LogWindows:    2. 'NVIDIA GeForce RTX 2080' (P:0 D:0)
[2021.08.31-04.39.24:061][  0]LogWindows:    3. 'NVIDIA GeForce RTX 2080' (P:0 D:0)
[2021.08.31-04.39.24:061][  0]LogWindows: DebugString: GetVideoDriverDetailsInvalid PrimaryIsNotTheChoosenAdapter GetVideoDriverDetailsInvalid PrimaryIsNotTheChoosenAdapter GetVideoDriverDetailsInvalid PrimaryIsNotTheChoosenAdapter GetVideoDriverDetailsInvalid PrimaryIsNotTheChoosenAdapter FoundDriverCount:0 
[2021.08.31-04.39.24:061][  0]LogD3D11RHI:     Adapter Name: NVIDIA GeForce RTX 2080
[2021.08.31-04.39.24:061][  0]LogD3D11RHI:   Driver Version: Unknown (internal:Unknown, unified:Unknown)
[2021.08.31-04.39.24:061][  0]LogD3D11RHI:      Driver Date: Unknown
[2021.08.31-04.39.24:061][  0]LogRHI: Texture pool is 5607 MB (70% of 8010 MB)
[2021.08.31-04.39.24:122][  0]LogD3D11RHI: [Aftermath] Aftermath enabled and primed
[2021.08.31-04.39.24:122][  0]LogD3D11RHI: [Aftermath] Aftermath enabled and primed
[2021.08.31-04.39.24:122][  0]LogD3D11RHI: Async texture creation enabled
[2021.08.31-04.39.24:135][  0]LogD3D11RHI: GPU Timing Frequency: 1000.000000 (Debug: 2 1)
[2021.08.31-04.39.24:138][  0]LogShaderCompilers: Guid format shader working directory is 34 characters bigger than the processId version (D:/game/GAME/Intermediate/Shaders/WorkingDirectory/1252/).
[2021.08.31-04.39.24:138][  0]LogShaderCompilers: Cleaned the shader compiler working directory 'C:/Users/HAEUN/AppData/Local/Temp/UnrealShaderWorkingDir/A4E8C0FF4FB9AD65877E598326E50586/'.
[2021.08.31-04.39.24:334][  0]LogTemp: Display: Loaded TP AllDesktopTargetPlatform
[2021.08.31-04.39.24:347][  0]LogTemp: Display: Loaded TP MacClientTargetPlatform
[2021.08.31-04.39.24:360][  0]LogTemp: Display: Loaded TP MacNoEditorTargetPlatform
[2021.08.31-04.39.24:373][  0]LogTemp: Display: Loaded TP MacServerTargetPlatform
[2021.08.31-04.39.24:386][  0]LogTemp: Display: Loaded TP MacTargetPlatform
[2021.08.31-04.39.24:398][  0]LogTemp: Display: Loaded TP WindowsClientTargetPlatform
[2021.08.31-04.39.24:411][  0]LogTemp: Display: Loaded TP WindowsNoEditorTargetPlatform
[2021.08.31-04.39.24:425][  0]LogTemp: Display: Loaded TP WindowsServerTargetPlatform
[2021.08.31-04.39.24:431][  0]LogTemp: Display: Loaded TP WindowsTargetPlatform
[2021.08.31-04.39.24:443][  0]LogTemp: Display: Loaded TP Android_ASTCTargetPlatform
[2021.08.31-04.39.24:454][  0]LogTemp: Display: Loaded TP Android_ATCTargetPlatform
[2021.08.31-04.39.24:466][  0]LogTemp: Display: Loaded TP Android_DXTTargetPlatform
[2021.08.31-04.39.24:477][  0]LogTemp: Display: Loaded TP Android_ETC1aTargetPlatform
[2021.08.31-04.39.24:488][  0]LogTemp: Display: Loaded TP Android_ETC1TargetPlatform
[2021.08.31-04.39.24:499][  0]LogTemp: Display: Loaded TP Android_ETC2TargetPlatform
[2021.08.31-04.39.24:522][  0]LogTemp: Display: Loaded TP Android_MultiTargetPlatform
[2021.08.31-04.39.24:522][  0]LogTemp: Display: Loaded TP Android_PVRTCTargetPlatform
[2021.08.31-04.39.24:535][  0]LogTemp: Display: Loaded TP AndroidTargetPlatform
[2021.08.31-04.39.24:537][  0]LogTemp: Display: Loaded TP HTML5TargetPlatform
[2021.08.31-04.39.24:575][  0]LogTemp: Display: Loaded TP IOSTargetPlatform
[2021.08.31-04.39.24:587][  0]LogTemp: Display: Loaded TP TVOSTargetPlatform
[2021.08.31-04.39.24:598][  0]LogTemp: Display: Loaded TP LinuxClientTargetPlatform
[2021.08.31-04.39.24:610][  0]LogTemp: Display: Loaded TP LinuxNoEditorTargetPlatform
[2021.08.31-04.39.24:621][  0]LogTemp: Display: Loaded TP LinuxServerTargetPlatform
[2021.08.31-04.39.24:633][  0]LogTemp: Display: Loaded TP LinuxTargetPlatform
[2021.08.31-04.39.24:633][  0]LogTargetPlatformManager: Display: Building Assets For Windows
[2021.08.31-04.39.24:749][  0]LogXGEController: Cleaning working directory: C:/Users/HAEUN/AppData/Local/Temp/UnrealXGEWorkingDir/
[2021.08.31-04.39.24:749][  0]LogXGEController: Cannot use XGE Controller as Incredibuild is not installed on this machine.
[2021.08.31-04.39.24:749][  0]LogShaderCompilers: Cannot use XGE Shader Compiler as Incredibuild is not installed on this machine.
[2021.08.31-04.39.24:749][  0]LogShaderCompilers: Display: Using Local Shader Compiler.
[2021.08.31-04.39.25:485][  0]LogDerivedDataCache: Display: Max Cache Size: 512 MB
[2021.08.31-04.39.25:540][  0]LogDerivedDataCache: Loaded boot cache 0.06s 76MB C:/Users/HAEUN/AppData/Local/UnrealEngine/4.19/DerivedDataCache/Boot.ddc.
[2021.08.31-04.39.25:540][  0]LogDerivedDataCache: Display: Loaded Boot cache: C:/Users/HAEUN/AppData/Local/UnrealEngine/4.19/DerivedDataCache/Boot.ddc
[2021.08.31-04.39.25:541][  0]LogDerivedDataCache: FDerivedDataBackendGraph:  Pak pak cache file D:/game/GAME/DerivedDataCache/DDC.ddp not found, will not use a pak cache.
[2021.08.31-04.39.25:541][  0]LogDerivedDataCache: Unable to find inner node Pak for hierarchical cache Hierarchy.
[2021.08.31-04.39.25:541][  0]LogDerivedDataCache: FDerivedDataBackendGraph:  CompressedPak pak cache file D:/game/GAME/DerivedDataCache/Compressed.ddp not found, will not use a pak cache.
[2021.08.31-04.39.25:541][  0]LogDerivedDataCache: Unable to find inner node CompressedPak for hierarchical cache Hierarchy.
[2021.08.31-04.39.25:554][  0]LogDerivedDataCache: Display: Pak cache opened for reading ../../../Engine/DerivedDataCache/Compressed.ddp.
[2021.08.31-04.39.25:566][  0]LogDerivedDataCache: Using Local data cache path C:/Users/HAEUN/AppData/Local/UnrealEngine/Common/DerivedDataCache: Writable
[2021.08.31-04.39.25:566][  0]LogDerivedDataCache: Shared data cache path not found in *engine.ini, will not use an Shared cache.
[2021.08.31-04.39.25:566][  0]LogDerivedDataCache: Unable to find inner node Shared for hierarchical cache Hierarchy.
[2021.08.31-04.39.25:576][  0]LogMaterial: Verifying Global Shaders for PCD3D_SM5
[2021.08.31-04.39.25:576][  0]LogSlate: Using Freetype 2.6.0
[2021.08.31-04.39.25:577][  0]LogSlate: SlateFontCache - WITH_FREETYPE: 1, WITH_HARFBUZZ: 1
[2021.08.31-04.39.25:577][  0]LogSlate: SlateFontCache - WITH_FREETYPE: 1, WITH_HARFBUZZ: 1
[2021.08.31-04.39.25:705][  0]LogAssetRegistry: FAssetRegistry took 0.0263 seconds to start up
[2021.08.31-04.39.25:967][  0]LogInit: Selected Device Profile: [Windows]
[2021.08.31-04.39.26:102][  0]LogSimplygon: Simplygon DLL not present - disabling.
[2021.08.31-04.39.26:105][  0]LogMeshReduction: Using SimplygonSwarm for distributed automatic mesh merging
[2021.08.31-04.39.26:105][  0]LogMeshReduction: Using QuadricMeshReduction for automatic static mesh reduction
[2021.08.31-04.39.26:105][  0]LogMeshReduction: No automatic skeletal mesh reduction module available
[2021.08.31-04.39.26:105][  0]LogMeshReduction: No automatic mesh merging module available
[2021.08.31-04.39.26:105][  0]LogMeshMerging: No automatic mesh merging module available
[2021.08.31-04.39.26:135][  0]LogNetVersion: ArenaBattle , NetCL: 3944462, EngineNetVer: 2, GameNetVer: 0 (Checksum: 3555152549)
[2021.08.31-04.39.26:499][  0]LogPackageLocalizationCache: Processed 9 localized package path(s) for 2 prioritized culture(s) in 0.045881 seconds
[2021.08.31-04.39.26:503][  0]LogUObjectArray: 36728 objects as part of root set at end of initial load.
[2021.08.31-04.39.26:503][  0]LogUObjectAllocator: 7314312 out of 0 bytes used by permanent object pool.
[2021.08.31-04.39.26:503][  0]LogUObjectArray: CloseDisregardForGC: 0/0 objects in disregard for GC pool
[2021.08.31-04.39.27:996][  0]LogTcpMessaging: Initializing TcpMessaging bridge
[2021.08.31-04.39.28:027][  0]LogUdpMessaging: Initializing bridge on interface 0.0.0.0:0 to multicast group 230.0.0.1:6666.
[2021.08.31-04.39.28:290][  0]LogSkeletalMesh: Skeletal Mesh found in DDC [0.253900ms] /Game/InfinityBladeWarriors/Character/CompleteCharacters/SK_CharM_Cardboard.SK_CharM_Cardboard
[2021.08.31-04.39.28:301][  0]LogUObjectGlobals: Created PersistentFrame Addr=0x0000020ee7563148, Size=20, Default__WarriorAnimBlueprint_C Function /Game/Book/Animations/WarriorAnimBlueprint.WarriorAnimBlueprint_C:ExecuteUbergraph_WarriorAnimBlueprint
[2021.08.31-04.39.28:307][  0]LogUObjectGlobals: Destroyed PersistentFrame Addr=0x0000020ee7563148, Size=20
[2021.08.31-04.39.28:307][  0]LogUObjectGlobals: Created PersistentFrame Addr=0x0000020ee7563148, Size=20, Default__WarriorAnimBlueprint_C Function /Engine/Transient.REINST_WarriorAnimBlueprint_C_0:ExecuteUbergraph_WarriorAnimBlueprint
[2021.08.31-04.39.28:313][  0]LogUObjectGlobals: Created PersistentFrame Addr=0x0000020ee757cb08, Size=20, Default__WarriorAnimBlueprint_C Function /Game/Book/Animations/WarriorAnimBlueprint.WarriorAnimBlueprint_C:ExecuteUbergraph_WarriorAnimBlueprint
[2021.08.31-04.39.28:367][  0]LogSkeletalMesh: Skeletal Mesh found in DDC [0.065300ms] /Game/InfinityBladeWeapons/Weapons/Blade/Swords/Blade_BlackKnight/SK_Blade_BlackKnight.SK_Blade_BlackKnight
[2021.08.31-04.39.28:511][  0]SourceControl: 소스 콘트롤이 꺼졌습니다.
[2021.08.31-04.39.28:511][  0]SourceControl: 소스 콘트롤이 꺼졌습니다.
[2021.08.31-04.39.28:530][  0]SourceControl: 소스 콘트롤이 꺼졌습니다.
[2021.08.31-04.39.28:547][  0]SourceControl: 소스 콘트롤이 꺼졌습니다.
[2021.08.31-04.39.29:042][  0]LogAndroidPermission: UAndroidPermissionCallbackProxy::GetInstance
[2021.08.31-04.39.29:321][  0]LogOcInput: OculusInput pre-init called
[2021.08.31-04.39.29:422][  0]LogEngine: Initializing Engine...
[2021.08.31-04.39.29:424][  0]LogHMD: Failed to initialize OpenVR with code 110
[2021.08.31-04.39.29:426][  0]LogStats: UGameplayTagsManager::ConstructGameplayTagTree: Construct from data asset -  0.000 s
[2021.08.31-04.39.29:426][  0]LogStats: UGameplayTagsManager::ConstructGameplayTagTree: GameplayTagTreeChangedEvent.Broadcast -  0.000 s
[2021.08.31-04.39.29:606][  0]LogAIModule: Creating AISystem for world Untitled
[2021.08.31-04.39.29:695][  0]LogInit: XAudio2 using 'Realtek HD Audio 2nd output(Realtek(R) Audio)' : 2 channels at 48 kHz using 32 bits per sample (channel mask 0x3)
[2021.08.31-04.39.29:776][  0]LogInit: FAudioDevice initialized.
[2021.08.31-04.39.29:849][  0]LogDerivedDataCache: Saved boot cache 0.07s 76MB C:/Users/HAEUN/AppData/Local/UnrealEngine/4.19/DerivedDataCache/Boot.ddc.
[2021.08.31-04.39.29:858][  0]LogInit: Texture streaming: Enabled
[2021.08.31-04.39.29:875][  0]LogEngineSessionManager: EngineSessionManager initialized
[2021.08.31-04.39.29:887][  0]LogInit: Transaction tracking system initialized
[2021.08.31-04.39.29:910][  0]BlueprintLog: New page: 에디터 로드
[2021.08.31-04.39.29:987][  0]LocalizationService: 현지화 서비스가 비활성화되었습니다.
[2021.08.31-04.39.30:079][  0]LogConsoleResponse: Display: 
[2021.08.31-04.39.30:214][  0]LogCook: Display: Max memory allowance for cook 16384mb min free memory 0mb
[2021.08.31-04.39.30:214][  0]LogCook: Display: Mobile HDR setting 1
[2021.08.31-04.39.30:214][  0]LogGameplayTags: Display: UGameplayTagsManager::DoneAddingNativeTags. DelegateIsBound: 0
[2021.08.31-04.39.30:214][  0]LogStats: UGameplayTagsManager::ConstructGameplayTagTree: Construct from data asset -  0.000 s
[2021.08.31-04.39.30:214][  0]LogStats: UGameplayTagsManager::ConstructGameplayTagTree: GameplayTagTreeChangedEvent.Broadcast -  0.000 s
[2021.08.31-04.39.30:588][  0]LogFileCache: Scanning file cache for directory 'D:/game/GAME/Content/' took 0.03s
[2021.08.31-04.39.30:588][  0]SourceControl: 소스 콘트롤이 꺼졌습니다.
[2021.08.31-04.39.30:588][  0]Cmd: MAP LOAD FILE="D:/game/GAME/Content/Book/Maps/Step3.umap" TEMPLATE=0 SHOWPROGRESS=1 FEATURELEVEL=3
[2021.08.31-04.39.30:588][  0]LightingResults: New page: 라이팅 빌드
[2021.08.31-04.39.30:591][  0]MapCheck: New page: 맵 체크
[2021.08.31-04.39.30:591][  0]LightingResults: New page: 라이팅 빌드
[2021.08.31-04.39.30:598][  0]LogUObjectGlobals: Destroyed PersistentFrame Addr=0x0000020ee7563148, Size=20
[2021.08.31-04.39.30:751][  0]LogSkeletalMesh: Skeletal Mesh found in DDC [0.297400ms] /Game/InfinityBladeWeapons/Weapons/Blade/Axes/Blade_GreatBlade/SK_Blade_GreatBlade.SK_Blade_GreatBlade
[2021.08.31-04.39.30:813][  0]LogAIModule: Creating AISystem for world Step3
[2021.08.31-04.39.30:820][  0]LogEditorServer: Finished looking for orphan Actors (0.000 secs)
[2021.08.31-04.39.30:830][  0]Cmd: MAP CHECKDEP NOCLEARLOG
[2021.08.31-04.39.30:902][  0]MapCheck: 맵 체크 완료: 오류 0 회, 경고 0 회, 소요 시간 72.259ms.
[2021.08.31-04.39.30:902][  0]LogFileHelpers: Loading map 'Step3' took 0.314
[2021.08.31-04.39.31:013][  0]LogCollectionManager: Loaded 0 collections in 0.001547 seconds
[2021.08.31-04.39.31:054][  0]LogFileCache: Scanning file cache for directory 'D:/game/GAME/Saved/Collections/' took 0.01s
[2021.08.31-04.39.31:054][  0]LogFileCache: Scanning file cache for directory 'D:/game/GAME/Content/Developers/HAEUN/Collections/' took 0.01s
[2021.08.31-04.39.31:054][  0]LogFileCache: Scanning file cache for directory 'D:/game/GAME/Content/Collections/' took 0.01s
[2021.08.31-04.39.31:054][  0]LogCollectionManager: Rebuilt the GUID cache for 0 collections in 0.000000 seconds
[2021.08.31-04.39.31:061][  0]LogContentBrowser: Native class hierarchy populated in 0.0083 seconds. Added 2468 classes and 560 folders.
[2021.08.31-04.39.31:067][  0]LogContentBrowser: Native class hierarchy updated for 'WidgetCarousel' in 0.0007 seconds. Added 0 classes and 0 folders.
[2021.08.31-04.39.31:112][  0]LogContentBrowser: Native class hierarchy updated for 'AddContentDialog' in 0.0007 seconds. Added 0 classes and 0 folders.
[2021.08.31-04.39.31:118][  0]LogContentBrowser: Native class hierarchy updated for 'SceneOutliner' in 0.0008 seconds. Added 1 classes and 2 folders.
[2021.08.31-04.39.31:139][  0]LogSlate: Took 0.000189 seconds to synchronously load lazily loaded font '../../../Engine/Content/Slate/Fonts/Roboto-Regular.ttf' (155K)
[2021.08.31-04.39.31:142][  0]LogSlate: Took 0.001969 seconds to synchronously load lazily loaded font '../../../Engine/Content/Editor/Slate/Fonts/NanumGothic.ttf' (4243K)
[2021.08.31-04.39.31:146][  0]LogSlate: Took 0.001847 seconds to synchronously load lazily loaded font '../../../Engine/Content/Editor/Slate/Fonts/NanumGothicBold.ttf' (4188K)
[2021.08.31-04.39.31:146][  0]LogSlate: Took 0.000171 seconds to synchronously load lazily loaded font '../../../Engine/Content/Slate/Fonts/Roboto-Bold.ttf' (160K)
[2021.08.31-04.39.31:148][  0]LogSlate: Took 0.000171 seconds to synchronously load lazily loaded font '../../../Engine/Content/Editor/Slate/Fonts/FontAwesome.ttf' (139K)
[2021.08.31-04.39.31:216][  0]LogRenderer: Reallocating scene render targets to support 2040x676 Format 10 NumSamples 1 (Frame:1).
[2021.08.31-04.39.31:373][  0]LogContentBrowser: Native class hierarchy updated for 'HierarchicalLODOutliner' in 0.0008 seconds. Added 0 classes and 0 folders.
[2021.08.31-04.39.31:373][  0]LogLoad: (Engine Initialization) Total time: 11.08 seconds
[2021.08.31-04.39.31:373][  0]LogLoad: (Engine Initialization) Total Blueprint compile time: 0.00 seconds
[2021.08.31-04.39.31:405][  0]LogContentStreaming: Texture pool size now 1000 MB
[2021.08.31-04.39.31:439][  0]LogSlate: Took 0.000208 seconds to synchronously load lazily loaded font '../../../Engine/Content/Slate/Fonts/Roboto-Light.ttf' (167K)
[2021.08.31-04.39.31:458][  1]LogAssetRegistry: Asset discovery search completed in 5.7756 seconds
[2021.08.31-04.39.31:460][  1]LogCollectionManager: Rebuilt the object cache for 0 collections in 0.000000 seconds (found 0 objects)
[2021.08.31-04.39.31:461][  1]LogCollectionManager: Fixed up redirectors for 0 collections in 0.000065 seconds (updated 0 objects)
[2021.08.31-04.46.33:745][631]LogEditorViewport: Clicking on Actor (LMB): StaticMeshActor (SM_SQUARE)
[2021.08.31-04.46.35:609][841]LogTemp: Repeating last play command: 선택된 뷰포트
[2021.08.31-04.46.35:618][841]LogPlayLevel: PlayLevel: No blueprints needed recompiling
[2021.08.31-04.46.35:618][841]PIE: New page: PIE 세션: Step3 (2021. 8. 31. 오후 10:46:35)
[2021.08.31-04.46.35:618][841]LogPlayLevel: Creating play world package: /Game/Book/Maps/UEDPIE_0_Step3
[2021.08.31-04.46.35:621][841]LogPlayLevel: PIE: StaticDuplicateObject took: (0.003234s)
[2021.08.31-04.46.35:622][841]LogAIModule: Creating AISystem for world Step3
[2021.08.31-04.46.35:622][841]LogPlayLevel: PIE: World Init took: (0.000819s)
[2021.08.31-04.46.35:622][841]LogPlayLevel: PIE: Created PIE world by copying editor world from /Game/Book/Maps/Step3.Step3 to /Game/Book/Maps/UEDPIE_0_Step3.Step3 (0.004222s)
[2021.08.31-04.46.35:701][841]LogInit: XAudio2 using 'Realtek HD Audio 2nd output(Realtek(R) Audio)' : 2 channels at 48 kHz using 32 bits per sample (channel mask 0x3)
[2021.08.31-04.46.35:731][841]LogInit: FAudioDevice initialized.
[2021.08.31-04.46.35:732][841]LogSlate: FSceneViewport::OnFocusLost() reason 2
[2021.08.31-04.46.35:772][841]LogLoad: Game class is 'ABGameMode'
[2021.08.31-04.46.35:774][841]LogWorld: Bringing World /Game/Book/Maps/UEDPIE_0_Step3.Step3 up for play (max tick rate 0) at 2021.08.31-13.46.35
[2021.08.31-04.46.35:775][841]LogWorld: Bringing up level for play took: 0.001930
[2021.08.31-04.46.35:775][841]ArenaBattle: Warning: AABPlayerController::PostInitializeComponents(8)
[2021.08.31-04.46.35:776][841]ArenaBattle: Warning: AABGameMode::PostLogin(15) PostLogin Begin
[2021.08.31-04.46.35:779][841]LogContentBrowser: Native class hierarchy updated for 'MovieSceneCapture' in 0.0008 seconds. Added 11 classes and 0 folders.
[2021.08.31-04.46.35:779][841]ArenaBattle: Warning: AABPlayerController::Possess(13)
[2021.08.31-04.46.35:780][841]ArenaBattle: Warning: AABGameMode::PostLogin(17) PostLogin End
[2021.08.31-04.46.35:780][841]PIE: /Game/Book/Maps/UEDPIE_0_Step3 에 대한 에디터에서 플레이 시작 시간: -0.172
[2021.08.31-04.46.38:477][153]LogTemp: Repeating last play command: 선택된 뷰포트
[2021.08.31-04.46.38:485][153]LogPlayLevel: PlayLevel: No blueprints needed recompiling
[2021.08.31-04.46.38:485][153]PIE: New page: PIE 세션: Step3 (2021. 8. 31. 오후 10:46:38)
[2021.08.31-04.46.38:485][153]LogPlayLevel: Creating play world package: /Game/Book/Maps/UEDPIE_0_Step3
[2021.08.31-04.46.38:487][153]LogPlayLevel: PIE: StaticDuplicateObject took: (0.002160s)
[2021.08.31-04.46.38:488][153]LogAIModule: Creating AISystem for world Step3
[2021.08.31-04.46.38:488][153]LogPlayLevel: PIE: World Init took: (0.000615s)
[2021.08.31-04.46.38:488][153]LogPlayLevel: PIE: Created PIE world by copying editor world from /Game/Book/Maps/Step3.Step3 to /Game/Book/Maps/UEDPIE_0_Step3.Step3 (0.002930s)
[2021.08.31-04.46.38:566][153]LogInit: XAudio2 using 'Realtek HD Audio 2nd output(Realtek(R) Audio)' : 2 channels at 48 kHz using 32 bits per sample (channel mask 0x3)
[2021.08.31-04.46.38:595][153]LogInit: FAudioDevice initialized.
[2021.08.31-04.46.38:595][153]LogSlate: FSceneViewport::OnFocusLost() reason 2
[2021.08.31-04.46.38:623][153]LogLoad: Game class is 'ABGameMode'
[2021.08.31-04.46.38:624][153]LogWorld: Bringing World /Game/Book/Maps/UEDPIE_0_Step3.Step3 up for play (max tick rate 0) at 2021.08.31-13.46.38
[2021.08.31-04.46.38:625][153]LogWorld: Bringing up level for play took: 0.001405
[2021.08.31-04.46.38:625][153]ArenaBattle: Warning: AABPlayerController::PostInitializeComponents(8)
[2021.08.31-04.46.38:625][153]ArenaBattle: Warning: AABGameMode::PostLogin(15) PostLogin Begin
[2021.08.31-04.46.38:626][153]ArenaBattle: Warning: AABPlayerController::Possess(13)
[2021.08.31-04.46.38:626][153]ArenaBattle: Warning: AABGameMode::PostLogin(17) PostLogin End
[2021.08.31-04.46.38:626][153]PIE: /Game/Book/Maps/UEDPIE_0_Step3 에 대한 에디터에서 플레이 시작 시간: 0.674
[2021.08.31-04.46.41:628][503]LogEditorViewport: Clicking on Actor (LMB): StaticMeshActor (SM_SQUARE)
[2021.08.31-04.46.42:441][593]LogEditorViewport: Clicking on Actor (context menu): StaticMeshActor (SM_SQUARE)
[2021.08.31-04.46.42:477][593]LogSlate: FSceneViewport::OnFocusLost() reason 2
[2021.08.31-04.46.46:683][ 87]LogTemp: Repeating last play command: 선택된 뷰포트
[2021.08.31-04.46.46:691][ 87]LogPlayLevel: PlayLevel: No blueprints needed recompiling
[2021.08.31-04.46.46:691][ 87]PIE: New page: PIE 세션: Step3 (2021. 8. 31. 오후 10:46:46)
[2021.08.31-04.46.46:691][ 87]LogPlayLevel: Creating play world package: /Game/Book/Maps/UEDPIE_0_Step3
[2021.08.31-04.46.46:693][ 87]LogPlayLevel: PIE: StaticDuplicateObject took: (0.002232s)
[2021.08.31-04.46.46:694][ 87]LogAIModule: Creating AISystem for world Step3
[2021.08.31-04.46.46:694][ 87]LogPlayLevel: PIE: World Init took: (0.000735s)
[2021.08.31-04.46.46:694][ 87]LogPlayLevel: PIE: Created PIE world by copying editor world from /Game/Book/Maps/Step3.Step3 to /Game/Book/Maps/UEDPIE_0_Step3.Step3 (0.003120s)
[2021.08.31-04.46.46:773][ 87]LogInit: XAudio2 using 'Realtek HD Audio 2nd output(Realtek(R) Audio)' : 2 channels at 48 kHz using 32 bits per sample (channel mask 0x3)
[2021.08.31-04.46.46:803][ 87]LogInit: FAudioDevice initialized.
[2021.08.31-04.46.46:832][ 87]LogLoad: Game class is 'ABGameMode'
[2021.08.31-04.46.46:833][ 87]LogWorld: Bringing World /Game/Book/Maps/UEDPIE_0_Step3.Step3 up for play (max tick rate 0) at 2021.08.31-13.46.46
[2021.08.31-04.46.46:834][ 87]LogWorld: Bringing up level for play took: 0.001403
[2021.08.31-04.46.46:834][ 87]ArenaBattle: Warning: AABPlayerController::PostInitializeComponents(8)
[2021.08.31-04.46.46:834][ 87]ArenaBattle: Warning: AABGameMode::PostLogin(15) PostLogin Begin
[2021.08.31-04.46.46:835][ 87]ArenaBattle: Warning: AABPlayerController::Possess(13)
[2021.08.31-04.46.46:835][ 87]ArenaBattle: Warning: AABGameMode::PostLogin(17) PostLogin End
[2021.08.31-04.46.46:835][ 87]PIE: /Game/Book/Maps/UEDPIE_0_Step3 에 대한 에디터에서 플레이 시작 시간: 0.883
[2021.08.31-04.46.49:543][401]LogSlate: FSceneViewport::OnFocusLost() reason 0
[2021.08.31-04.46.55:653][127]LogEditorViewport: Clicking on Actor (LMB): StaticMeshActor (SM_SQUARE)
[2021.08.31-04.47.07:729][569]LogSlate: FSceneViewport::OnFocusLost() reason 0
[2021.08.31-04.47.21:945][264]LogTemp: Repeating last play command: 선택된 뷰포트
[2021.08.31-04.47.21:953][264]LogPlayLevel: PlayLevel: No blueprints needed recompiling
[2021.08.31-04.47.21:953][264]PIE: New page: PIE 세션: Step3 (2021. 8. 31. 오후 10:47:21)
[2021.08.31-04.47.21:953][264]LogPlayLevel: Creating play world package: /Game/Book/Maps/UEDPIE_0_Step3
[2021.08.31-04.47.21:956][264]LogPlayLevel: PIE: StaticDuplicateObject took: (0.002475s)
[2021.08.31-04.47.21:956][264]LogAIModule: Creating AISystem for world Step3
[2021.08.31-04.47.21:957][264]LogPlayLevel: PIE: World Init took: (0.000658s)
[2021.08.31-04.47.21:957][264]LogPlayLevel: PIE: Created PIE world by copying editor world from /Game/Book/Maps/Step3.Step3 to /Game/Book/Maps/UEDPIE_0_Step3.Step3 (0.003282s)
[2021.08.31-04.47.22:034][264]LogInit: XAudio2 using 'Realtek HD Audio 2nd output(Realtek(R) Audio)' : 2 channels at 48 kHz using 32 bits per sample (channel mask 0x3)
[2021.08.31-04.47.22:064][264]LogInit: FAudioDevice initialized.
[2021.08.31-04.47.22:094][264]LogLoad: Game class is 'ABGameMode'
[2021.08.31-04.47.22:095][264]LogWorld: Bringing World /Game/Book/Maps/UEDPIE_0_Step3.Step3 up for play (max tick rate 0) at 2021.08.31-13.47.22
[2021.08.31-04.47.22:096][264]LogWorld: Bringing up level for play took: 0.001412
[2021.08.31-04.47.22:096][264]ArenaBattle: Warning: AABPlayerController::PostInitializeComponents(8)
[2021.08.31-04.47.22:096][264]ArenaBattle: Warning: AABGameMode::PostLogin(15) PostLogin Begin
[2021.08.31-04.47.22:097][264]ArenaBattle: Warning: AABPlayerController::Possess(13)
[2021.08.31-04.47.22:097][264]ArenaBattle: Warning: AABGameMode::PostLogin(17) PostLogin End
[2021.08.31-04.47.22:097][264]PIE: /Game/Book/Maps/UEDPIE_0_Step3 에 대한 에디터에서 플레이 시작 시간: 0.145
[2021.08.31-04.59.07:443][730]LogHotReload: New module detected: UE4Editor-ArenaBattle-6534.dll
[2021.08.31-04.59.08:796][735]LogHotReload: Starting Hot-Reload from IDE
[2021.08.31-04.59.08:805][735]LogSlate: Took 0.000280 seconds to synchronously load lazily loaded font '../../../Engine/Content/Slate/Fonts/Roboto-Light.ttf' (167K)
[2021.08.31-04.59.08:866][735]LogClass: Could not find existing class ABAIController in package /Script/ArenaBattle for HotReload, assuming new class
[2021.08.31-04.59.08:866][735]LogClass: Could not find existing class ABAnimInstance in package /Script/ArenaBattle for HotReload, assuming new class
[2021.08.31-04.59.08:866][735]LogClass: Function AnimNotify_AttackHitCheck is new.
[2021.08.31-04.59.08:866][735]LogClass: Function AnimNotify_NextAttackCheck is new.
[2021.08.31-04.59.08:866][735]LogClass: Could not find existing class ABCharacter in package /Script/ArenaBattle for HotReload, assuming new class
[2021.08.31-04.59.08:866][735]LogClass: Function OnAttackMontageEnded is new.
[2021.08.31-04.59.08:866][735]LogClass: Could not find existing class ABCharacterStatComponent in package /Script/ArenaBattle for HotReload, assuming new class
[2021.08.31-04.59.08:866][735]LogClass: Could not find existing class ABCharacterWidget in package /Script/ArenaBattle for HotReload, assuming new class
[2021.08.31-04.59.08:866][735]LogClass: Could not find existing class ABGameInstance in package /Script/ArenaBattle for HotReload, assuming new class
[2021.08.31-04.59.08:866][735]LogClass: Could not find existing class ABGameMode in package /Script/ArenaBattle for HotReload, assuming new class
[2021.08.31-04.59.08:866][735]LogClass: Could not find existing class ABItemBox in package /Script/ArenaBattle for HotReload, assuming new class
[2021.08.31-04.59.08:866][735]LogClass: Function OnCharacterOverlap is new.
[2021.08.31-04.59.08:866][735]LogClass: Function OnEffectFinished is new.
[2021.08.31-04.59.08:866][735]LogClass: Could not find existing class ABPawn in package /Script/ArenaBattle for HotReload, assuming new class
[2021.08.31-04.59.08:866][735]LogClass: Could not find existing class ABPlayerController in package /Script/ArenaBattle for HotReload, assuming new class
[2021.08.31-04.59.08:866][735]LogClass: Could not find existing class ABWeapon in package /Script/ArenaBattle for HotReload, assuming new class
[2021.08.31-04.59.08:866][735]LogClass: Could not find existing class BTDecorator_IsInAttackRange in package /Script/ArenaBattle for HotReload, assuming new class
[2021.08.31-04.59.08:866][735]LogClass: Could not find existing class BTService_Detect in package /Script/ArenaBattle for HotReload, assuming new class
[2021.08.31-04.59.08:866][735]LogClass: Could not find existing class BTTask_Attack in package /Script/ArenaBattle for HotReload, assuming new class
[2021.08.31-04.59.08:866][735]LogClass: Could not find existing class BTTask_FindPatrolPos in package /Script/ArenaBattle for HotReload, assuming new class
[2021.08.31-04.59.08:866][735]LogClass: Could not find existing class BTTask_TurnToTarget in package /Script/ArenaBattle for HotReload, assuming new class
[2021.08.31-04.59.08:871][735]LogHotReload: Re-instancing ABAIController after hot-reload.
[2021.08.31-04.59.08:908][735]LogHotReload: Re-instancing ABAnimInstance after hot-reload.
[2021.08.31-04.59.08:920][735]LogUObjectGlobals: Destroyed PersistentFrame Addr=0x0000020ee757cb08, Size=20
[2021.08.31-04.59.08:920][735]LogUObjectGlobals: Created PersistentFrame Addr=0x0000020ecd18d330, Size=20, Default__WarriorAnimBlueprint_C Function /Engine/Transient.REINST_WarriorAnimBlueprint_C_2:ExecuteUbergraph_WarriorAnimBlueprint
[2021.08.31-04.59.08:926][735]LogUObjectGlobals: Created PersistentFrame Addr=0x0000020ecd18ebc0, Size=20, Default__WarriorAnimBlueprint_C Function /Game/Book/Animations/WarriorAnimBlueprint.WarriorAnimBlueprint_C:ExecuteUbergraph_WarriorAnimBlueprint
[2021.08.31-04.59.08:997][735]LogHotReload: Re-instancing ABCharacter after hot-reload.
[2021.08.31-04.59.08:999][735]LogProperty: Warning: Serialized Class /Engine/Transient.HOTRELOADED_ABCharacterStatComponent_3 for a property of Class /Script/ArenaBattle.ABCharacterStatComponent. Reference will be nullptred.
    Property = ObjectProperty /Script/ArenaBattle.ABCharacter:CharacterStat
    Item = HOTRELOADED_ABCharacterStatComponent_3 /Game/Book/Maps/Step3.Step3:PersistentLevel.HOTRELOADED_ABCharacter_0.CHARACTERSTAT
[2021.08.31-04.59.09:071][735]LogHotReload: Re-instancing ABCharacterStatComponent after hot-reload.
[2021.08.31-04.59.09:107][735]LogHotReload: Re-instancing ABCharacterWidget after hot-reload.
[2021.08.31-04.59.09:187][735]LogHotReload: Re-instancing ABGameInstance after hot-reload.
[2021.08.31-04.59.09:221][735]LogHotReload: Re-instancing ABGameMode after hot-reload.
[2021.08.31-04.59.09:257][735]LogHotReload: Re-instancing ABItemBox after hot-reload.
[2021.08.31-04.59.09:331][735]LogHotReload: Re-instancing ABPawn after hot-reload.
[2021.08.31-04.59.09:367][735]LogHotReload: Re-instancing ABPlayerController after hot-reload.
[2021.08.31-04.59.09:403][735]LogHotReload: Re-instancing ABWeapon after hot-reload.
[2021.08.31-04.59.09:443][735]LogHotReload: Re-instancing BTDecorator_IsInAttackRange after hot-reload.
[2021.08.31-04.59.09:479][735]LogHotReload: Re-instancing BTService_Detect after hot-reload.
[2021.08.31-04.59.09:515][735]LogHotReload: Re-instancing BTTask_Attack after hot-reload.
[2021.08.31-04.59.09:551][735]LogHotReload: Re-instancing BTTask_FindPatrolPos after hot-reload.
[2021.08.31-04.59.09:586][735]LogHotReload: Re-instancing BTTask_TurnToTarget after hot-reload.
[2021.08.31-04.59.09:623][735]LogContentBrowser: Native class hierarchy updated for 'ArenaBattle' in 0.0011 seconds. Added 16 classes and 3 folders.
[2021.08.31-04.59.09:625][735]Display: HotReload successful (0 functions remapped  1 scriptstructs remapped)
[2021.08.31-04.59.09:632][735]LogUObjectGlobals: Destroyed PersistentFrame Addr=0x0000020ecd18d330, Size=20
[2021.08.31-04.59.09:645][735]LogContentBrowser: Native class hierarchy populated in 0.0098 seconds. Added 2469 classes and 563 folders.
[2021.08.31-04.59.09:650][735]Display: HotReload took  0.9s.
[2021.08.31-05.02.52:586][992]LogSlate: FSceneViewport::OnFocusLost() reason 0
[2021.08.31-05.02.59:661][802]LogSlate: FSceneViewport::OnFocusLost() reason 0
[2021.08.31-05.02.59:834][819]LogSlate: Window 'ArenaBattle - 언리얼 에디터' being destroyed
[2021.08.31-05.02.59:838][819]LogWindowsTextInputMethodSystem: Display: IME system now activated using TSF (Microsoft 입력기).
[2021.08.31-05.02.59:999][820]Cmd: QUIT_EDITOR
[2021.08.31-05.03.00:115][820]LogSlate: Slate User Destroyed.  User Index 0, Is Virtual User: 0
[2021.08.31-05.03.00:116][820]LogExit: Preparing to exit.
[2021.08.31-05.03.00:734][820]LogExit: Editor shut down
[2021.08.31-05.03.00:737][820]LogExit: Transaction tracking system shut down
[2021.08.31-05.03.00:738][820]LogUObjectGlobals: Destroyed PersistentFrame Addr=0x0000020ecd18ebc0, Size=20
[2021.08.31-05.03.00:962][820]LogDirectoryWatcher: A directory notification for '../../../Engine/Content/' was aborted.
[2021.08.31-05.03.00:963][820]LogDirectoryWatcher: A directory notification for 'D:/game/GAME/Content/' was aborted.
[2021.08.31-05.03.00:963][820]LogDirectoryWatcher: A directory notification for '../../Plugins/2D/Paper2D/Content/' was aborted.
[2021.08.31-05.03.00:963][820]LogDirectoryWatcher: A directory notification for '../../Plugins/Enterprise/DatasmithContent/Content/' was aborted.
[2021.08.31-05.03.00:963][820]LogDirectoryWatcher: A directory notification for '../../Plugins/Media/MediaCompositing/Content/' was aborted.
[2021.08.31-05.03.00:963][820]LogDirectoryWatcher: A directory notification for '../../Plugins/Runtime/AppleARKit/Content/' was aborted.
[2021.08.31-05.03.00:963][820]LogDirectoryWatcher: A directory notification for '../../Plugins/Runtime/Oculus/OculusVR/Content/' was aborted.
[2021.08.31-05.03.00:963][820]LogDirectoryWatcher: A directory notification for '../../Plugins/Runtime/Steam/SteamVR/Content/' was aborted.
[2021.08.31-05.03.01:010][820]LogExit: Object subsystem successfully closed.
[2021.08.31-05.03.01:029][820]LogShaderCompilers: Display: Shaders left to compile 0
[2021.08.31-05.03.01:032][820]LogD3D11RHI: Shutdown
[2021.08.31-05.03.01:032][820]LogD3D11RHI: CleanupD3DDevice
[2021.08.31-05.03.01:034][820]LogD3D11RHI: ~FD3D11DynamicRHI
[2021.08.31-05.03.01:058][820]LogModuleManager: Shutting down and abandoning module ArenaBattle (579)
[2021.08.31-05.03.01:058][820]LogModuleManager: Shutting down and abandoning module MovieSceneCapture (578)
[2021.08.31-05.03.01:058][820]LogModuleManager: Shutting down and abandoning module HierarchicalLODOutliner (576)
[2021.08.31-05.03.01:059][820]LogModuleManager: Shutting down and abandoning module DesktopPlatform (574)
[2021.08.31-05.03.01:059][820]LogModuleManager: Shutting down and abandoning module SceneOutliner (572)
[2021.08.31-05.03.01:059][820]LogModuleManager: Shutting down and abandoning module AddContentDialog (570)
[2021.08.31-05.03.01:059][820]LogDirectoryWatcher: A directory notification for 'C:/Program Files/Epic Games/UE_4.19/FeaturePacks/' was aborted.
[2021.08.31-05.03.01:060][820]LogModuleManager: Shutting down and abandoning module WidgetCarousel (569)
[2021.08.31-05.03.01:060][820]LogModuleManager: Shutting down and abandoning module EditorWidgets (566)
[2021.08.31-05.03.01:060][820]LogModuleManager: Shutting down and abandoning module CollectionManager (564)
[2021.08.31-05.03.01:060][820]LogDirectoryWatcher: A directory notification for 'D:/game/GAME/Content/Collections/' was aborted.
[2021.08.31-05.03.01:060][820]LogDirectoryWatcher: A directory notification for 'D:/game/GAME/Content/Developers/HAEUN/Collections/' was aborted.
[2021.08.31-05.03.01:060][820]LogDirectoryWatcher: A directory notification for 'D:/game/GAME/Saved/Collections/' was aborted.
[2021.08.31-05.03.01:060][820]LogModuleManager: Shutting down and abandoning module StatsViewer (562)
[2021.08.31-05.03.01:060][820]LogModuleManager: Shutting down and abandoning module FoliageEdit (560)
[2021.08.31-05.03.01:060][820]LogModuleManager: Shutting down and abandoning module LandscapeEditor (558)
[2021.08.31-05.03.01:060][820]LogModuleManager: Shutting down and abandoning module MeshPaintMode (556)
[2021.08.31-05.03.01:060][820]LogModuleManager: Shutting down and abandoning module SceneDepthPickerMode (554)
[2021.08.31-05.03.01:060][820]LogModuleManager: Shutting down and abandoning module ActorPickerMode (552)
[2021.08.31-05.03.01:060][820]LogModuleManager: Shutting down and abandoning module GeometryMode (550)
[2021.08.31-05.03.01:060][820]LogModuleManager: Shutting down and abandoning module TextureAlignMode (548)
[2021.08.31-05.03.01:060][820]LogModuleManager: Shutting down and abandoning module BspMode (546)
[2021.08.31-05.03.01:060][820]LogModuleManager: Shutting down and abandoning module PIEPreviewDeviceProfileSelector (544)
[2021.08.31-05.03.01:060][820]LogModuleManager: Shutting down and abandoning module HardwareSurvey (542)
[2021.08.31-05.03.01:060][820]LogModuleManager: Shutting down and abandoning module SequenceRecorderSections (540)
[2021.08.31-05.03.01:061][820]LogModuleManager: Shutting down and abandoning module AutomationWorker (538)
[2021.08.31-05.03.01:061][820]LogModuleManager: Shutting down and abandoning module AudioCaptureEditor (536)
[2021.08.31-05.03.01:061][820]LogModuleManager: Shutting down and abandoning module SequenceRecorder (535)
[2021.08.31-05.03.01:061][820]LogModuleManager: Shutting down and abandoning module MatineeToLevelSequence (532)
[2021.08.31-05.03.01:061][820]LogModuleManager: Shutting down and abandoning module LevelSequenceEditor (530)
[2021.08.31-05.03.01:061][820]LogModuleManager: Shutting down and abandoning module PlacementMode (529)
[2021.08.31-05.03.01:061][820]LogModuleManager: Shutting down and abandoning module MaterialEditor (528)
[2021.08.31-05.03.01:061][820]LogModuleManager: Shutting down and abandoning module WmfMediaFactory (524)
[2021.08.31-05.03.01:061][820]LogModuleManager: Shutting down and abandoning module WmfMediaEditor (522)
[2021.08.31-05.03.01:061][820]LogModuleManager: Shutting down and abandoning module MediaPlayerEditor (520)
[2021.08.31-05.03.01:061][820]LogModuleManager: Shutting down and abandoning module OpenExrWrapper (518)
[2021.08.31-05.03.01:061][820]LogModuleManager: Shutting down and abandoning module ImgMediaFactory (516)
[2021.08.31-05.03.01:061][820]LogModuleManager: Shutting down and abandoning module ImgMediaEditor (514)
[2021.08.31-05.03.01:061][820]LogModuleManager: Shutting down and abandoning module AvfMediaFactory (512)
[2021.08.31-05.03.01:061][820]LogModuleManager: Shutting down and abandoning module AvfMediaEditor (510)
[2021.08.31-05.03.01:061][820]LogModuleManager: Shutting down and abandoning module AndroidMediaFactory (508)
[2021.08.31-05.03.01:061][820]LogModuleManager: Shutting down and abandoning module AndroidMediaEditor (506)
[2021.08.31-05.03.01:061][820]LogModuleManager: Shutting down and abandoning module CharacterAI (504)
[2021.08.31-05.03.01:061][820]LogModuleManager: Shutting down and abandoning module SmartSnapping (502)
[2021.08.31-05.03.01:061][820]LogModuleManager: Shutting down and abandoning module SessionServices (500)
[2021.08.31-05.03.01:061][820]LogModuleManager: Shutting down and abandoning module ViewportSnapping (498)
[2021.08.31-05.03.01:061][820]LogModuleManager: Shutting down and abandoning module ViewportInteraction (496)
[2021.08.31-05.03.01:061][820]LogModuleManager: Shutting down and abandoning module ClothPainter (494)
[2021.08.31-05.03.01:061][820]LogModuleManager: Shutting down and abandoning module SkeletalMeshEditor (493)
[2021.08.31-05.03.01:061][820]LogModuleManager: Shutting down and abandoning module LogVisualizer (490)
[2021.08.31-05.03.01:061][820]LogModuleManager: Shutting down and abandoning module IntroTutorials (488)
[2021.08.31-05.03.01:061][820]LogModuleManager: Shutting down and abandoning module GameProjectGeneration (487)
[2021.08.31-05.03.01:061][820]LogModuleManager: Shutting down and abandoning module IOSPlatformEditor (484)
[2021.08.31-05.03.01:061][820]LogModuleManager: Shutting down and abandoning module HTML5PlatformEditor (482)
[2021.08.31-05.03.01:061][820]LogModuleManager: Shutting down and abandoning module AndroidPlatformEditor (480)
[2021.08.31-05.03.01:061][820]LogModuleManager: Shutting down and abandoning module AndroidDeviceDetection (479)
[2021.08.31-05.03.01:770][820]LogModuleManager: Shutting down and abandoning module WindowsPlatformEditor (476)
[2021.08.31-05.03.01:770][820]LogModuleManager: Shutting down and abandoning module IOSRuntimeSettings (474)
[2021.08.31-05.03.01:770][820]LogModuleManager: Shutting down and abandoning module AndroidRuntimeSettings (472)
[2021.08.31-05.03.01:770][820]LogModuleManager: Shutting down and abandoning module InputBindingEditor (470)
[2021.08.31-05.03.01:770][820]LogModuleManager: Shutting down and abandoning module MergeActors (468)
[2021.08.31-05.03.01:770][820]LogModuleManager: Shutting down and abandoning module LocalizationDashboard (466)
[2021.08.31-05.03.01:770][820]LogModuleManager: Shutting down and abandoning module LocalizationService (465)
[2021.08.31-05.03.01:770][820]LogModuleManager: Shutting down and abandoning module HardwareTargeting (462)
[2021.08.31-05.03.01:770][820]LogModuleManager: Shutting down and abandoning module DeviceProfileEditor (460)
[2021.08.31-05.03.01:770][820]LogModuleManager: Shutting down and abandoning module UndoHistory (458)
[2021.08.31-05.03.01:770][820]LogModuleManager: Shutting down and abandoning module XmlParser (456)
[2021.08.31-05.03.01:770][820]LogModuleManager: Shutting down and abandoning module Blutility (454)
[2021.08.31-05.03.01:770][820]LogModuleManager: Shutting down and abandoning module ProjectSettingsViewer (452)
[2021.08.31-05.03.01:770][820]LogModuleManager: Shutting down and abandoning module ProjectTargetPlatformEditor (451)
[2021.08.31-05.03.01:770][820]LogModuleManager: Shutting down and abandoning module EditorSettingsViewer (448)
[2021.08.31-05.03.01:770][820]LogModuleManager: Shutting down and abandoning module SettingsEditor (446)
[2021.08.31-05.03.01:771][820]LogModuleManager: Shutting down and abandoning module ProjectLauncher (444)
[2021.08.31-05.03.01:771][820]LogModuleManager: Shutting down and abandoning module SessionFrontend (442)
[2021.08.31-05.03.01:771][820]LogModuleManager: Shutting down and abandoning module ProfilerClient (440)
[2021.08.31-05.03.01:771][820]LogModuleManager: Shutting down and abandoning module DeviceManager (438)
[2021.08.31-05.03.01:771][820]LogModuleManager: Shutting down and abandoning module TargetDeviceServices (437)
[2021.08.31-05.03.01:823][820]LogModuleManager: Shutting down and abandoning module AutomationController (434)
[2021.08.31-05.03.01:823][820]LogModuleManager: Shutting down and abandoning module AutomationWindow (432)
[2021.08.31-05.03.01:823][820]LogModuleManager: Shutting down and abandoning module Layers (430)
[2021.08.31-05.03.01:823][820]LogModuleManager: Shutting down and abandoning module ComponentVisualizers (428)
[2021.08.31-05.03.01:823][820]LogModuleManager: Shutting down and abandoning module DetailCustomizations (426)
[2021.08.31-05.03.01:823][820]LogModuleManager: Shutting down and abandoning module PackagesDialog (424)
[2021.08.31-05.03.01:823][820]LogModuleManager: Shutting down and abandoning module Persona (422)
[2021.08.31-05.03.01:823][820]LogModuleManager: Shutting down and abandoning module AdvancedPreviewScene (421)
[2021.08.31-05.03.01:823][820]LogModuleManager: Shutting down and abandoning module AnimGraph (419)
[2021.08.31-05.03.01:823][820]LogModuleManager: Shutting down and abandoning module Kismet (416)
[2021.08.31-05.03.01:823][820]LogModuleManager: Shutting down and abandoning module GraphEditor (414)
[2021.08.31-05.03.01:823][820]LogModuleManager: Shutting down and abandoning module ClassViewer (412)
[2021.08.31-05.03.01:823][820]LogModuleManager: Shutting down and abandoning module Toolbox (410)
[2021.08.31-05.03.01:823][820]LogModuleManager: Shutting down and abandoning module ModuleUI (408)
[2021.08.31-05.03.01:823][820]LogModuleManager: Shutting down and abandoning module MovieSceneTools (406)
[2021.08.31-05.03.01:823][820]LogModuleManager: Shutting down and abandoning module OutputLog (404)
[2021.08.31-05.03.01:823][820]LogModuleManager: Shutting down and abandoning module GammaUI (402)
[2021.08.31-05.03.01:823][820]LogModuleManager: Shutting down and abandoning module Documentation (400)
[2021.08.31-05.03.01:823][820]LogModuleManager: Shutting down and abandoning module MovieSceneTracks (398)
[2021.08.31-05.03.01:823][820]LogModuleManager: Shutting down and abandoning module MovieScene (396)
[2021.08.31-05.03.01:823][820]LogModuleManager: Shutting down and abandoning module StreamingPauseRendering (394)
[2021.08.31-05.03.01:823][820]LogModuleManager: Shutting down and abandoning module LauncherPlatform (392)
[2021.08.31-05.03.01:823][820]LogModuleManager: Shutting down and abandoning module AnalyticsET (390)
[2021.08.31-05.03.01:823][820]LogModuleManager: Shutting down and abandoning module PortalServices (388)
[2021.08.31-05.03.01:824][820]LogModuleManager: Shutting down and abandoning module PortalRpc (386)
[2021.08.31-05.03.01:824][820]LogModuleManager: Shutting down and abandoning module MessagingRpc (384)
[2021.08.31-05.03.01:824][820]LogModuleManager: Shutting down and abandoning module AIModule (382)
[2021.08.31-05.03.01:824][820]LogModuleManager: Shutting down and abandoning module GameplayDebugger (381)
[2021.08.31-05.03.01:824][820]LogModuleManager: Shutting down and abandoning module AITestSuite (379)
[2021.08.31-05.03.01:824][820]LogModuleManager: Shutting down and abandoning module ProfilerService (376)
[2021.08.31-05.03.01:976][820]LogModuleManager: Shutting down and abandoning module TaskGraph (374)
[2021.08.31-05.03.01:976][820]LogModuleManager: Shutting down and abandoning module SteamVRController (372)
[2021.08.31-05.03.01:976][820]LogModuleManager: Shutting down and abandoning module ProceduralMeshComponentEditor (370)
[2021.08.31-05.03.01:976][820]LogModuleManager: Shutting down and abandoning module ProceduralMeshComponent (368)
[2021.08.31-05.03.01:976][820]LogModuleManager: Shutting down and abandoning module OculusInput (366)
[2021.08.31-05.03.01:976][820]LogModuleManager: Shutting down and abandoning module MobilePatchingUtils (364)
[2021.08.31-05.03.01:976][820]LogModuleManager: Shutting down and abandoning module CustomMeshComponent (362)
[2021.08.31-05.03.01:976][820]LogModuleManager: Shutting down and abandoning module CableComponent (360)
[2021.08.31-05.03.01:976][820]LogModuleManager: Shutting down and abandoning module AudioCapture (358)
[2021.08.31-05.03.01:976][820]LogModuleManager: Shutting down and abandoning module ArchVisCharacter (356)
[2021.08.31-05.03.01:976][820]LogModuleManager: Shutting down and abandoning module AndroidPermission (354)
[2021.08.31-05.03.01:976][820]LogModuleManager: Shutting down and abandoning module NUTUnrealEngine4 (350)
[2021.08.31-05.03.01:976][820]LogModuleManager: Shutting down and abandoning module NetcodeUnitTest (348)
[2021.08.31-05.03.01:976][820]LogModuleManager: Shutting down and abandoning module MediaCompositingEditor (346)
[2021.08.31-05.03.01:976][820]LogModuleManager: Shutting down and abandoning module MediaCompositing (344)
[2021.08.31-05.03.01:976][820]LogModuleManager: Shutting down and abandoning module LinearTimecode (342)
[2021.08.31-05.03.01:976][820]LogModuleManager: Shutting down and abandoning module ImgMedia (340)
[2021.08.31-05.03.01:979][820]LogModuleManager: Shutting down and abandoning module HTML5Networking (338)
[2021.08.31-05.03.01:979][820]LogModuleManager: Shutting down and abandoning module AlembicImporter (336)
[2021.08.31-05.03.01:979][820]LogModuleManager: Shutting down and abandoning module AlembicLibrary (335)
[2021.08.31-05.03.01:980][820]LogModuleManager: Shutting down and abandoning module GeometryCache (334)
[2021.08.31-05.03.01:980][820]LogModuleManager: Shutting down and abandoning module GeometryCacheEd (333)
[2021.08.31-05.03.01:980][820]LogModuleManager: Shutting down and abandoning module DatasmithContent (328)
[2021.08.31-05.03.01:980][820]LogModuleManager: Shutting down and abandoning module SpeedTreeImporter (326)
[2021.08.31-05.03.01:980][820]LogModuleManager: Shutting down and abandoning module PluginBrowser (324)
[2021.08.31-05.03.01:980][820]LogModuleManager: Shutting down and abandoning module MobileLauncherProfileWizard (322)
[2021.08.31-05.03.01:980][820]LogModuleManager: Shutting down and abandoning module CryptoKeysOpenSSL (320)
[2021.08.31-05.03.01:980][820]LogModuleManager: Shutting down and abandoning module CryptoKeys (318)
[2021.08.31-05.03.01:980][820]LogModuleManager: Shutting down and abandoning module VisualStudioSourceCodeAccess (316)
[2021.08.31-05.03.01:980][820]LogModuleManager: Shutting down and abandoning module VisualStudioCodeSourceCodeAccess (314)
[2021.08.31-05.03.01:980][820]LogModuleManager: Shutting down and abandoning module UObjectPlugin (312)
[2021.08.31-05.03.01:980][820]LogModuleManager: Shutting down and abandoning module SubversionSourceControl (310)
[2021.08.31-05.03.01:981][820]LogModuleManager: Shutting down and abandoning module PerforceSourceControl (308)
[2021.08.31-05.03.01:981][820]LogModuleManager: Shutting down and abandoning module GitSourceControl (306)
[2021.08.31-05.03.01:981][820]LogModuleManager: Shutting down and abandoning module SourceControl (305)
[2021.08.31-05.03.01:981][820]LogModuleManager: Shutting down and abandoning module CLionSourceCodeAccess (302)
[2021.08.31-05.03.01:981][820]LogModuleManager: Shutting down and abandoning module LightPropagationVolumeEditor (300)
[2021.08.31-05.03.01:981][820]LogModuleManager: Shutting down and abandoning module PaperTiledImporter (298)
[2021.08.31-05.03.01:981][820]LogModuleManager: Shutting down and abandoning module PaperSpriteSheetImporter (296)
[2021.08.31-05.03.01:981][820]LogModuleManager: Shutting down and abandoning module Paper2DEditor (294)
[2021.08.31-05.03.01:981][820]LogModuleManager: Shutting down and abandoning module MeshPaint (293)
[2021.08.31-05.03.01:981][820]LogModuleManager: Shutting down and abandoning module RuntimePhysXCooking (288)
[2021.08.31-05.03.01:982][820]LogModuleManager: Shutting down and abandoning module PhysXVehiclesEditor (286)
[2021.08.31-05.03.01:982][820]LogModuleManager: Shutting down and abandoning module PhysXVehicles (284)
[2021.08.31-05.03.01:982][820]LogModuleManager: Shutting down and abandoning module OculusEditor (282)
[2021.08.31-05.03.01:982][820]LogModuleManager: Shutting down and abandoning module LocationServicesBPLibrary (280)
[2021.08.31-05.03.01:982][820]LogModuleManager: Shutting down and abandoning module ImmediatePhysicsEditor (278)
[2021.08.31-05.03.01:982][820]LogModuleManager: Shutting down and abandoning module ImmediatePhysics (276)
[2021.08.31-05.03.01:982][820]LogModuleManager: Shutting down and abandoning module ActorSequence (274)
[2021.08.31-05.03.01:982][820]LogModuleManager: Shutting down and abandoning module UdpMessaging (272)
[2021.08.31-05.03.02:083][820]LogModuleManager: Shutting down and abandoning module TcpMessaging (270)
[2021.08.31-05.03.02:183][820]LogModuleManager: Shutting down and abandoning module GameplayTagsEditor (268)
[2021.08.31-05.03.02:183][820]LogModuleManager: Shutting down and abandoning module FacialAnimationEditor (266)
[2021.08.31-05.03.02:183][820]LogModuleManager: Shutting down and abandoning module FacialAnimation (264)
[2021.08.31-05.03.02:183][820]LogModuleManager: Shutting down and abandoning module DataValidation (262)
[2021.08.31-05.03.02:183][820]LogModuleManager: Shutting down and abandoning module AssetManagerEditor (260)
[2021.08.31-05.03.02:183][820]LogModuleManager: Shutting down and abandoning module LevelEditor (259)
[2021.08.31-05.03.02:183][820]LogModuleManager: Shutting down and abandoning module PixelInspectorModule (258)
[2021.08.31-05.03.02:183][820]LogModuleManager: Shutting down and abandoning module CommonMenuExtensions (256)
[2021.08.31-05.03.02:183][820]LogModuleManager: Shutting down and abandoning module MainFrame (254)
[2021.08.31-05.03.02:184][820]LogModuleManager: Shutting down and abandoning module HotReload (253)
[2021.08.31-05.03.02:184][820]LogDirectoryWatcher: A directory notification for 'D:/game/GAME/Binaries/Win64' was aborted.
[2021.08.31-05.03.02:184][820]LogModuleManager: Shutting down and abandoning module ContentBrowser (249)
[2021.08.31-05.03.02:185][820]LogModuleManager: Shutting down and abandoning module TreeMap (247)
[2021.08.31-05.03.02:185][820]LogModuleManager: Shutting down and abandoning module LightPropagationVolumeRuntime (244)
[2021.08.31-05.03.02:185][820]LogModuleManager: Shutting down and abandoning module LiveLinkEditor (242)
[2021.08.31-05.03.02:185][820]LogModuleManager: Shutting down and abandoning module LiveLink (240)
[2021.08.31-05.03.02:426][820]LogModuleManager: Shutting down and abandoning module Paper2D (238)
[2021.08.31-05.03.02:426][820]LogModuleManager: Shutting down and abandoning module WindowsMoviePlayer (236)
[2021.08.31-05.03.02:426][820]LogModuleManager: Shutting down and abandoning module WmfMedia (234)
[2021.08.31-05.03.02:427][820]LogModuleManager: Shutting down and abandoning module Media (233)
[2021.08.31-05.03.02:433][820]LogModuleManager: Shutting down and abandoning module PacketHandler (230)
[2021.08.31-05.03.02:433][820]LogModuleManager: Shutting down and abandoning module ClothingSystemEditor (228)
[2021.08.31-05.03.02:433][820]LogModuleManager: Shutting down and abandoning module ClothingSystemRuntime (226)
[2021.08.31-05.03.02:433][820]LogModuleManager: Shutting down and abandoning module MediaAssets (224)
[2021.08.31-05.03.02:433][820]LogModuleManager: Shutting down and abandoning module Overlay (222)
[2021.08.31-05.03.02:433][820]LogModuleManager: Shutting down and abandoning module OverlayEditor (221)
[2021.08.31-05.03.02:433][820]LogModuleManager: Shutting down and abandoning module VREditor (218)
[2021.08.31-05.03.02:433][820]LogModuleManager: Shutting down and abandoning module StringTableEditor (216)
[2021.08.31-05.03.02:433][820]LogModuleManager: Shutting down and abandoning module GameplayTasksEditor (214)
[2021.08.31-05.03.02:433][820]LogModuleManager: Shutting down and abandoning module BehaviorTreeEditor (212)
[2021.08.31-05.03.02:433][820]LogModuleManager: Shutting down and abandoning module FunctionalTesting (210)
[2021.08.31-05.03.02:433][820]LogModuleManager: Shutting down and abandoning module CollisionAnalyzer (208)
[2021.08.31-05.03.02:433][820]LogModuleManager: Shutting down and abandoning module WorkspaceMenuStructure (207)
[2021.08.31-05.03.02:433][820]LogModuleManager: Shutting down and abandoning module UMG (204)
[2021.08.31-05.03.02:433][820]LogModuleManager: Shutting down and abandoning module UMGEditor (203)
[2021.08.31-05.03.02:433][820]LogModuleManager: Shutting down and abandoning module Sequencer (202)
[2021.08.31-05.03.02:433][820]LogModuleManager: Shutting down and abandoning module MessageLog (199)
[2021.08.31-05.03.02:433][820]LogModuleManager: Shutting down and abandoning module SlateReflector (194)
[2021.08.31-05.03.02:433][820]LogModuleManager: Shutting down and abandoning module Slate (192)
[2021.08.31-05.03.02:433][820]LogModuleManager: Shutting down and abandoning module EditorStyle (190)
[2021.08.31-05.03.02:435][820]LogModuleManager: Shutting down and abandoning module MRMesh (188)
[2021.08.31-05.03.02:435][820]LogModuleManager: Shutting down and abandoning module SourceCodeAccess (186)
[2021.08.31-05.03.02:435][820]LogModuleManager: Shutting down and abandoning module HeadMountedDisplay (184)
[2021.08.31-05.03.02:435][820]LogModuleManager: Shutting down and abandoning module XAudio2 (182)
[2021.08.31-05.03.02:435][820]LogModuleManager: Shutting down and abandoning module Networking (180)
[2021.08.31-05.03.02:435][820]LogModuleManager: Shutting down and abandoning module Core (178)
[2021.08.31-05.03.02:435][820]LogModuleManager: Shutting down and abandoning module LevelSequence (176)
[2021.08.31-05.03.02:435][820]LogModuleManager: Shutting down and abandoning module KismetCompiler (174)
[2021.08.31-05.03.02:435][820]LogModuleManager: Shutting down and abandoning module MeshUtilities (172)
[2021.08.31-05.03.02:435][820]LogModuleManager: Shutting down and abandoning module MeshMergeUtilities (171)
[2021.08.31-05.03.02:435][820]LogModuleManager: Shutting down and abandoning module MeshReductionInterface (170)
[2021.08.31-05.03.02:435][820]LogModuleManager: Shutting down and abandoning module SimplygonSwarm (169)
[2021.08.31-05.03.02:435][820]LogModuleManager: Shutting down and abandoning module SimplygonMeshReduction (167)
[2021.08.31-05.03.02:435][820]LogModuleManager: Shutting down and abandoning module QuadricMeshReduction (165)
[2021.08.31-05.03.02:435][820]LogModuleManager: Shutting down and abandoning module MaterialBaking (161)
[2021.08.31-05.03.02:435][820]LogModuleManager: Shutting down and abandoning module DirectoryWatcher (157)
[2021.08.31-05.03.02:436][820]LogModuleManager: Shutting down and abandoning module DerivedDataCache (154)
[2021.08.31-05.03.02:512][820]LogDerivedDataCache: Shutdown
[2021.08.31-05.03.02:512][820]LogModuleManager: Shutting down and abandoning module XGEController (152)
[2021.08.31-05.03.02:512][820]LogXGEController: Cleaning working directory: C:/Users/HAEUN/AppData/Local/Temp/UnrealXGEWorkingDir/
[2021.08.31-05.03.02:512][820]LogModuleManager: Shutting down and abandoning module TargetPlatform (150)
[2021.08.31-05.03.02:512][820]LogModuleManager: Shutting down and abandoning module VulkanShaderFormat (149)
[2021.08.31-05.03.02:512][820]LogModuleManager: Shutting down and abandoning module ShaderFormatVectorVM (147)
[2021.08.31-05.03.02:512][820]LogModuleManager: Shutting down and abandoning module ShaderFormatOpenGL (145)
[2021.08.31-05.03.02:512][820]LogModuleManager: Shutting down and abandoning module ShaderFormatD3D (143)
[2021.08.31-05.03.02:512][820]LogModuleManager: Shutting down and abandoning module MetalShaderFormat (141)
[2021.08.31-05.03.02:512][820]LogModuleManager: Shutting down and abandoning module TextureFormatUncompressed (139)
[2021.08.31-05.03.02:512][820]LogModuleManager: Shutting down and abandoning module TextureFormatPVR (137)
[2021.08.31-05.03.02:512][820]LogModuleManager: Shutting down and abandoning module TextureFormatDXT (135)
[2021.08.31-05.03.02:512][820]LogModuleManager: Shutting down and abandoning module TextureFormatIntelISPCTexComp (133)
[2021.08.31-05.03.02:513][820]LogModuleManager: Shutting down and abandoning module TextureFormatASTC (131)
[2021.08.31-05.03.02:513][820]LogModuleManager: Shutting down and abandoning module ImageWrapper (130)
[2021.08.31-05.03.02:513][820]LogModuleManager: Shutting down and abandoning module TextureFormatAndroid (127)
[2021.08.31-05.03.02:513][820]LogModuleManager: Shutting down and abandoning module AudioFormatOpus (125)
[2021.08.31-05.03.02:513][820]LogModuleManager: Shutting down and abandoning module AudioFormatOgg (123)
[2021.08.31-05.03.02:513][820]LogModuleManager: Shutting down and abandoning module AudioFormatADPCM (121)
[2021.08.31-05.03.02:513][820]LogModuleManager: Shutting down and abandoning module LinuxTargetPlatform (119)
[2021.08.31-05.03.02:513][820]LogModuleManager: Shutting down and abandoning module LinuxServerTargetPlatform (117)
[2021.08.31-05.03.02:513][820]LogModuleManager: Shutting down and abandoning module LinuxNoEditorTargetPlatform (115)
[2021.08.31-05.03.02:513][820]LogModuleManager: Shutting down and abandoning module LinuxClientTargetPlatform (113)
[2021.08.31-05.03.02:513][820]LogModuleManager: Shutting down and abandoning module TVOSTargetPlatform (111)
[2021.08.31-05.03.02:513][820]LogModuleManager: Shutting down and abandoning module Messaging (109)
[2021.08.31-05.03.02:513][820]LogModuleManager: Shutting down and abandoning module IOSTargetPlatform (107)
[2021.08.31-05.03.02:513][820]LogModuleManager: Shutting down and abandoning module HTML5TargetPlatform (105)
[2021.08.31-05.03.02:513][820]LogModuleManager: Shutting down and abandoning module AndroidTargetPlatform (103)
[2021.08.31-05.03.02:513][820]LogModuleManager: Shutting down and abandoning module Android_PVRTCTargetPlatform (101)
[2021.08.31-05.03.02:513][820]LogModuleManager: Shutting down and abandoning module Android_MultiTargetPlatform (99)
[2021.08.31-05.03.02:513][820]LogModuleManager: Shutting down and abandoning module Android_ETC2TargetPlatform (97)
[2021.08.31-05.03.02:513][820]LogModuleManager: Shutting down and abandoning module Android_ETC1TargetPlatform (95)
[2021.08.31-05.03.02:513][820]LogModuleManager: Shutting down and abandoning module Android_ETC1aTargetPlatform (93)
[2021.08.31-05.03.02:513][820]LogModuleManager: Shutting down and abandoning module Android_DXTTargetPlatform (91)
[2021.08.31-05.03.02:513][820]LogModuleManager: Shutting down and abandoning module Android_ATCTargetPlatform (89)
[2021.08.31-05.03.02:513][820]LogModuleManager: Shutting down and abandoning module Android_ASTCTargetPlatform (87)
[2021.08.31-05.03.02:513][820]LogModuleManager: Shutting down and abandoning module WindowsTargetPlatform (85)
[2021.08.31-05.03.02:513][820]LogModuleManager: Shutting down and abandoning module WindowsServerTargetPlatform (83)
[2021.08.31-05.03.02:513][820]LogModuleManager: Shutting down and abandoning module WindowsNoEditorTargetPlatform (81)
[2021.08.31-05.03.02:513][820]LogModuleManager: Shutting down and abandoning module WindowsClientTargetPlatform (79)
[2021.08.31-05.03.02:513][820]LogModuleManager: Shutting down and abandoning module MacTargetPlatform (77)
[2021.08.31-05.03.02:513][820]LogModuleManager: Shutting down and abandoning module MacServerTargetPlatform (75)
[2021.08.31-05.03.02:513][820]LogModuleManager: Shutting down and abandoning module MacNoEditorTargetPlatform (73)
[2021.08.31-05.03.02:513][820]LogModuleManager: Shutting down and abandoning module MacClientTargetPlatform (71)
[2021.08.31-05.03.02:513][820]LogModuleManager: Shutting down and abandoning module AllDesktopTargetPlatform (69)
[2021.08.31-05.03.02:513][820]LogModuleManager: Shutting down and abandoning module InputCore (66)
[2021.08.31-05.03.02:513][820]LogModuleManager: Shutting down and abandoning module Settings (64)
[2021.08.31-05.03.02:513][820]LogModuleManager: Shutting down and abandoning module PhysXCooking (62)
[2021.08.31-05.03.02:513][820]LogModuleManager: Shutting down and abandoning module SteamVR (60)
[2021.08.31-05.03.02:513][820]LogModuleManager: Shutting down and abandoning module OculusHMD (58)
[2021.08.31-05.03.02:513][820]LogModuleManager: Shutting down and abandoning module ExampleDeviceProfileSelector (56)
[2021.08.31-05.03.02:513][820]LogModuleManager: Shutting down and abandoning module AppleARKit (54)
[2021.08.31-05.03.02:513][820]LogModuleManager: Shutting down and abandoning module AugmentedReality (51)
[2021.08.31-05.03.02:513][820]LogModuleManager: Shutting down and abandoning module OnlineBlueprintSupport (48)
[2021.08.31-05.03.02:513][820]LogModuleManager: Shutting down and abandoning module OnlineSubsystem (44)
[2021.08.31-05.03.02:513][820]LogModuleManager: Shutting down and abandoning module XMPP (43)
[2021.08.31-05.03.02:513][820]LogModuleManager: Shutting down and abandoning module HTTP (41)
[2021.08.31-05.03.02:513][820]LogHttp: Display: Http module shutting down, but needs to wait on 1 outstanding Http requests:
[2021.08.31-05.03.02:513][820]LogHttp: Display: 	verb=[POST] url=[https://datarouter.ol.epicgames.com/datarouter/api/v1/public/data?SessionID=%7B36F27F20-4C6B-4830-EC70-7BA73F0719AC%7D&AppID=UEEditor.Rocket.Release&AppVersion=4.19.2-4033788%2B%2B%2BUE4%2BRelease-4.19&UserID=792382ae41a1610223592583f9c0f101%7C7bd3228ea6524d7e9c97b50e572a39ff%7Ca8edcf6f-18b8-4554-88f7-8b7cb1c61182&AppEnvironment=datacollector-binary&UploadType=eteventstream] status=Processing
[2021.08.31-05.03.02:535][820]LogModuleManager: Shutting down and abandoning module SSL (40)
[2021.08.31-05.03.02:536][820]LogModuleManager: Shutting down and abandoning module AnimationModifiers (36)
[2021.08.31-05.03.02:536][820]LogModuleManager: Shutting down and abandoning module PropertyEditor (35)
[2021.08.31-05.03.02:536][820]LogModuleManager: Shutting down and abandoning module AudioEditor (32)
[2021.08.31-05.03.02:536][820]LogModuleManager: Shutting down and abandoning module TextureCompressor (30)
[2021.08.31-05.03.02:536][820]LogModuleManager: Shutting down and abandoning module ShaderCore (28)
[2021.08.31-05.03.02:536][820]LogModuleManager: Shutting down and abandoning module Landscape (26)
[2021.08.31-05.03.02:536][820]LogModuleManager: Shutting down and abandoning module SlateRHIRenderer (24)
[2021.08.31-05.03.02:538][820]LogModuleManager: Shutting down and abandoning module OpenGLDrv (22)
[2021.08.31-05.03.02:538][820]LogModuleManager: Shutting down and abandoning module D3D11RHI (20)
[2021.08.31-05.03.02:538][820]LogModuleManager: Shutting down and abandoning module AnimGraphRuntime (18)
[2021.08.31-05.03.02:538][820]LogModuleManager: Shutting down and abandoning module Renderer (16)
[2021.08.31-05.03.02:538][820]LogModuleManager: Shutting down and abandoning module Engine (14)
[2021.08.31-05.03.02:538][820]LogModuleManager: Shutting down and abandoning module CoreUObject (12)
[2021.08.31-05.03.02:538][820]LogModuleManager: Shutting down and abandoning module NetworkFile (10)
[2021.08.31-05.03.02:538][820]LogModuleManager: Shutting down and abandoning module CookedIterativeFile (8)
[2021.08.31-05.03.02:538][820]LogModuleManager: Shutting down and abandoning module StreamingFile (6)
[2021.08.31-05.03.02:538][820]LogModuleManager: Shutting down and abandoning module SandboxFile (4)
[2021.08.31-05.03.02:538][820]LogModuleManager: Shutting down and abandoning module PakFile (2)
[2021.08.31-05.03.02:544][820]LogExit: Exiting.
[2021.08.31-05.03.02:549][820]Log file closed, 08/31/21 14:03:02
