Log file open, 08/30/21 22:28:33
LogWindows: Failed to load 'aqProf.dll' (GetLastError=126)
LogWindows: File 'aqProf.dll' does not exist
LogWindows: Failed to load 'VtuneApi.dll' (GetLastError=126)
LogWindows: File 'VtuneApi.dll' does not exist
LogWindows: Failed to load 'VtuneApi32e.dll' (GetLastError=126)
LogWindows: File 'VtuneApi32e.dll' does not exist
LogInit: Display: Running engine for game: ArenaBattle
LogPlatformFile: Not using cached read wrapper
LogInit: Display: RandInit(84268607) SRandInit(84268607).
LogInit: Read version file with build ID '3944462'
LogInit: Overriding engine version to CL 4033788, compatible CL 3944462
LogInit: Registered custom module enumerator with build ID '3944462'
LogTaskGraph: Started task graph with 5 named threads and 20 total threads with 3 sets of task threads.
LogStats: Stats thread started at 0.304445
LogD3D11RHI: Aftermath initialized
LogICUInternationalization: Display: ICU TimeZone Detection - Raw Offset: +9:00, Platform Override: ''
LogPluginManager: Mounting plugin Paper2D
LogPluginManager: Mounting plugin LiveLink
LogPluginManager: Mounting plugin LightPropagationVolume
LogPluginManager: Mounting plugin CLionSourceCodeAccess
LogPluginManager: Mounting plugin CodeLiteSourceCodeAccess
LogPluginManager: Mounting plugin GitSourceControl
LogPluginManager: Mounting plugin KDevelopSourceCodeAccess
LogPluginManager: Mounting plugin NullSourceCodeAccess
LogPluginManager: Mounting plugin PerforceSourceControl
LogPluginManager: Mounting plugin SubversionSourceControl
LogPluginManager: Mounting plugin UObjectPlugin
LogPluginManager: Mounting plugin VisualStudioCodeSourceCodeAccess
LogPluginManager: Mounting plugin VisualStudioSourceCodeAccess
LogPluginManager: Mounting plugin XCodeSourceCodeAccess
LogPluginManager: Mounting plugin AssetManagerEditor
LogPluginManager: Mounting plugin CryptoKeys
LogPluginManager: Mounting plugin DataValidation
LogPluginManager: Mounting plugin FacialAnimation
LogPluginManager: Mounting plugin GameplayTagsEditor
LogPluginManager: Mounting plugin MobileLauncherProfileWizard
LogPluginManager: Mounting plugin PluginBrowser
LogPluginManager: Mounting plugin SpeedTreeImporter
LogPluginManager: Mounting plugin DatasmithContent
LogPluginManager: Mounting plugin AlembicImporter
LogPluginManager: Mounting plugin CharacterAI
LogPluginManager: Mounting plugin HTML5Networking
LogPluginManager: Mounting plugin AndroidMedia
LogPluginManager: Mounting plugin AvfMedia
LogPluginManager: Mounting plugin ImgMedia
LogPluginManager: Mounting plugin LinearTimecode
LogPluginManager: Mounting plugin MediaCompositing
LogPluginManager: Mounting plugin MediaPlayerEditor
LogPluginManager: Mounting plugin WmfMedia
LogPluginManager: Mounting plugin TcpMessaging
LogPluginManager: Mounting plugin UdpMessaging
LogPluginManager: Mounting plugin ActorSequence
LogPluginManager: Mounting plugin LevelSequenceEditor
LogPluginManager: Mounting plugin MatineeToLevelSequence
LogPluginManager: Mounting plugin NetcodeUnitTest
LogPluginManager: Mounting plugin NUTUnrealEngine4
LogPluginManager: Mounting plugin OnlineSubsystemGooglePlay
LogPluginManager: Mounting plugin OnlineSubsystemIOS
LogPluginManager: Mounting plugin OnlineSubsystem
LogPluginManager: Mounting plugin OnlineSubsystemNull
LogPluginManager: Mounting plugin OnlineSubsystemUtils
LogPluginManager: Mounting plugin AndroidDeviceProfileSelector
LogPluginManager: Mounting plugin AndroidMoviePlayer
LogPluginManager: Mounting plugin AndroidPermission
LogPluginManager: Mounting plugin AppleARKit
LogPluginManager: Mounting plugin AppleMoviePlayer
LogPluginManager: Mounting plugin ArchVisCharacter
LogPluginManager: Mounting plugin AudioCapture
LogPluginManager: Mounting plugin CableComponent
LogPluginManager: Mounting plugin CustomMeshComponent
LogPluginManager: Mounting plugin ExampleDeviceProfileSelector
LogPluginManager: Mounting plugin GoogleCloudMessaging
LogPluginManager: Mounting plugin ImmediatePhysics
LogPluginManager: Mounting plugin IOSDeviceProfileSelector
LogPluginManager: Mounting plugin LinuxDeviceProfileSelector
LogPluginManager: Mounting plugin LocationServicesBPLibrary
LogPluginManager: Mounting plugin MobilePatchingUtils
LogPluginManager: Mounting plugin OculusVR
LogPluginManager: Plugin shader directory ../../../Engine/Plugins/Runtime/Oculus/OculusVR/Shaders found
LogPluginManager: Mapping shader source directory ../../../Engine/Plugins/Runtime/Oculus/OculusVR/Shaders to virtual directory /Plugin/OculusVR
LogPluginManager: Mounting plugin PhysXVehicles
LogPluginManager: Mounting plugin ProceduralMeshComponent
LogPluginManager: Mounting plugin RuntimePhysXCooking
LogPluginManager: Mounting plugin SteamVR
LogPluginManager: Mounting plugin WindowsMoviePlayer
LogStreaming: Display: Took  0.356s to configure plugins.
LogModuleManager: Display: Found up-to-date module file D:/game/GAME/Binaries/Win64/UE4Editor-ArenaBattle.dll (API version 3944462).
LogModuleManager: Display: Found up-to-date module file ../../../Engine/Plugins/2D/Paper2D/Binaries/Win64/UE4Editor-Paper2D.dll (API version 3944462).
LogModuleManager: Display: Found up-to-date module file ../../../Engine/Plugins/2D/Paper2D/Binaries/Win64/UE4Editor-Paper2DEditor.dll (API version 3944462).
LogModuleManager: Display: Found up-to-date module file ../../../Engine/Plugins/2D/Paper2D/Binaries/Win64/UE4Editor-PaperSpriteSheetImporter.dll (API version 3944462).
LogModuleManager: Display: Found up-to-date module file ../../../Engine/Plugins/2D/Paper2D/Binaries/Win64/UE4Editor-PaperTiledImporter.dll (API version 3944462).
LogModuleManager: Display: Found up-to-date module file ../../../Engine/Plugins/2D/Paper2D/Binaries/Win64/UE4Editor-SmartSnapping.dll (API version 3944462).
LogModuleManager: Display: Found up-to-date module file ../../../Engine/Plugins/Animation/LiveLink/Binaries/Win64/UE4Editor-LiveLink.dll (API version 3944462).
LogModuleManager: Display: Found up-to-date module file ../../../Engine/Plugins/Animation/LiveLink/Binaries/Win64/UE4Editor-LiveLinkEditor.dll (API version 3944462).
LogModuleManager: Display: Found up-to-date module file ../../../Engine/Plugins/Blendables/LightPropagationVolume/Binaries/Win64/UE4Editor-LightPropagationVolumeRuntime.dll (API version 3944462).
LogModuleManager: Display: Found up-to-date module file ../../../Engine/Plugins/Blendables/LightPropagationVolume/Binaries/Win64/UE4Editor-LightPropagationVolumeEditor.dll (API version 3944462).
LogModuleManager: Display: Found up-to-date module file ../../../Engine/Plugins/Developer/CLionSourceCodeAccess/Binaries/Win64/UE4Editor-CLionSourceCodeAccess.dll (API version 3944462).
LogModuleManager: Display: Found up-to-date module file ../../../Engine/Plugins/Developer/GitSourceControl/Binaries/Win64/UE4Editor-GitSourceControl.dll (API version 3944462).
LogModuleManager: Display: Found up-to-date module file ../../../Engine/Plugins/Developer/PerforceSourceControl/Binaries/Win64/UE4Editor-PerforceSourceControl.dll (API version 3944462).
LogModuleManager: Display: Found up-to-date module file ../../../Engine/Plugins/Developer/SubversionSourceControl/Binaries/Win64/UE4Editor-SubversionSourceControl.dll (API version 3944462).
LogModuleManager: Display: Found up-to-date module file ../../../Engine/Plugins/Developer/UObjectPlugin/Binaries/Win64/UE4Editor-UObjectPlugin.dll (API version 3944462).
LogModuleManager: Display: Found up-to-date module file ../../../Engine/Plugins/Developer/VisualStudioCodeSourceCodeAccess/Binaries/Win64/UE4Editor-VisualStudioCodeSourceCodeAccess.dll (API version 3944462).
LogModuleManager: Display: Found up-to-date module file ../../../Engine/Plugins/Developer/VisualStudioSourceCodeAccess/Binaries/Win64/UE4Editor-VisualStudioSourceCodeAccess.dll (API version 3944462).
LogModuleManager: Display: Found up-to-date module file ../../../Engine/Plugins/Editor/AssetManagerEditor/Binaries/Win64/UE4Editor-AssetManagerEditor.dll (API version 3944462).
LogModuleManager: Display: Found up-to-date module file ../../../Engine/Plugins/Editor/CryptoKeys/Binaries/Win64/UE4Editor-CryptoKeys.dll (API version 3944462).
LogModuleManager: Display: Found up-to-date module file ../../../Engine/Plugins/Editor/CryptoKeys/Binaries/Win64/UE4Editor-CryptoKeysOpenSSL.dll (API version 3944462).
LogModuleManager: Display: Found up-to-date module file ../../../Engine/Plugins/Editor/DataValidation/Binaries/Win64/UE4Editor-DataValidation.dll (API version 3944462).
LogModuleManager: Display: Found up-to-date module file ../../../Engine/Plugins/Editor/FacialAnimation/Binaries/Win64/UE4Editor-FacialAnimation.dll (API version 3944462).
LogModuleManager: Display: Found up-to-date module file ../../../Engine/Plugins/Editor/FacialAnimation/Binaries/Win64/UE4Editor-FacialAnimationEditor.dll (API version 3944462).
LogModuleManager: Display: Found up-to-date module file ../../../Engine/Plugins/Editor/GameplayTagsEditor/Binaries/Win64/UE4Editor-GameplayTagsEditor.dll (API version 3944462).
LogModuleManager: Display: Found up-to-date module file ../../../Engine/Plugins/Editor/MobileLauncherProfileWizard/Binaries/Win64/UE4Editor-MobileLauncherProfileWizard.dll (API version 3944462).
LogModuleManager: Display: Found up-to-date module file ../../../Engine/Plugins/Editor/PluginBrowser/Binaries/Win64/UE4Editor-PluginBrowser.dll (API version 3944462).
LogModuleManager: Display: Found up-to-date module file ../../../Engine/Plugins/Editor/SpeedTreeImporter/Binaries/Win64/UE4Editor-SpeedTreeImporter.dll (API version 3944462).
LogModuleManager: Display: Found up-to-date module file ../../../Engine/Plugins/Enterprise/DatasmithContent/Binaries/Win64/UE4Editor-DatasmithContent.dll (API version 3944462).
LogModuleManager: Display: Found up-to-date module file ../../../Engine/Plugins/Experimental/AlembicImporter/Binaries/Win64/UE4Editor-AlembicImporter.dll (API version 3944462).
LogModuleManager: Display: Found up-to-date module file ../../../Engine/Plugins/Experimental/AlembicImporter/Binaries/Win64/UE4Editor-AlembicLibrary.dll (API version 3944462).
LogModuleManager: Display: Found up-to-date module file ../../../Engine/Plugins/Experimental/CharacterAI/Binaries/Win64/UE4Editor-CharacterAI.dll (API version 3944462).
LogModuleManager: Display: Found up-to-date module file ../../../Engine/Plugins/Experimental/HTML5Networking/Binaries/Win64/UE4Editor-HTML5Networking.dll (API version 3944462).
LogModuleManager: Display: Found up-to-date module file ../../../Engine/Plugins/Media/AndroidMedia/Binaries/Win64/UE4Editor-AndroidMediaEditor.dll (API version 3944462).
LogModuleManager: Display: Found up-to-date module file ../../../Engine/Plugins/Media/AndroidMedia/Binaries/Win64/UE4Editor-AndroidMediaFactory.dll (API version 3944462).
LogModuleManager: Display: Found up-to-date module file ../../../Engine/Plugins/Media/AvfMedia/Binaries/Win64/UE4Editor-AvfMediaEditor.dll (API version 3944462).
LogModuleManager: Display: Found up-to-date module file ../../../Engine/Plugins/Media/AvfMedia/Binaries/Win64/UE4Editor-AvfMediaFactory.dll (API version 3944462).
LogModuleManager: Display: Found up-to-date module file ../../../Engine/Plugins/Media/AvfMedia/Binaries/Win64/UE4Editor-AvfMediaFactory.dll (API version 3944462).
LogModuleManager: Display: Found up-to-date module file ../../../Engine/Plugins/Media/ImgMedia/Binaries/Win64/UE4Editor-ImgMedia.dll (API version 3944462).
LogModuleManager: Display: Found up-to-date module file ../../../Engine/Plugins/Media/ImgMedia/Binaries/Win64/UE4Editor-ImgMediaEditor.dll (API version 3944462).
LogModuleManager: Display: Found up-to-date module file ../../../Engine/Plugins/Media/ImgMedia/Binaries/Win64/UE4Editor-ImgMediaFactory.dll (API version 3944462).
LogModuleManager: Display: Found up-to-date module file ../../../Engine/Plugins/Media/ImgMedia/Binaries/Win64/UE4Editor-ImgMediaFactory.dll (API version 3944462).
LogModuleManager: Display: Found up-to-date module file ../../../Engine/Plugins/Media/ImgMedia/Binaries/Win64/UE4Editor-OpenExrWrapper.dll (API version 3944462).
LogModuleManager: Display: Found up-to-date module file ../../../Engine/Plugins/Media/LinearTimecode/Binaries/Win64/UE4Editor-LinearTimecode.dll (API version 3944462).
LogModuleManager: Display: Found up-to-date module file ../../../Engine/Plugins/Media/MediaCompositing/Binaries/Win64/UE4Editor-MediaCompositing.dll (API version 3944462).
LogModuleManager: Display: Found up-to-date module file ../../../Engine/Plugins/Media/MediaCompositing/Binaries/Win64/UE4Editor-MediaCompositingEditor.dll (API version 3944462).
LogModuleManager: Display: Found up-to-date module file ../../../Engine/Plugins/Media/MediaPlayerEditor/Binaries/Win64/UE4Editor-MediaPlayerEditor.dll (API version 3944462).
LogModuleManager: Display: Found up-to-date module file ../../../Engine/Plugins/Media/WmfMedia/Binaries/Win64/UE4Editor-WmfMedia.dll (API version 3944462).
LogModuleManager: Display: Found up-to-date module file ../../../Engine/Plugins/Media/WmfMedia/Binaries/Win64/UE4Editor-WmfMediaEditor.dll (API version 3944462).
LogModuleManager: Display: Found up-to-date module file ../../../Engine/Plugins/Media/WmfMedia/Binaries/Win64/UE4Editor-WmfMediaFactory.dll (API version 3944462).
LogModuleManager: Display: Found up-to-date module file ../../../Engine/Plugins/Media/WmfMedia/Binaries/Win64/UE4Editor-WmfMediaFactory.dll (API version 3944462).
LogModuleManager: Display: Found up-to-date module file ../../../Engine/Plugins/Messaging/TcpMessaging/Binaries/Win64/UE4Editor-TcpMessaging.dll (API version 3944462).
LogModuleManager: Display: Found up-to-date module file ../../../Engine/Plugins/Messaging/UdpMessaging/Binaries/Win64/UE4Editor-UdpMessaging.dll (API version 3944462).
LogModuleManager: Display: Found up-to-date module file ../../../Engine/Plugins/MovieScene/ActorSequence/Binaries/Win64/UE4Editor-ActorSequence.dll (API version 3944462).
LogModuleManager: Display: Found up-to-date module file ../../../Engine/Plugins/MovieScene/LevelSequenceEditor/Binaries/Win64/UE4Editor-LevelSequenceEditor.dll (API version 3944462).
LogModuleManager: Display: Found up-to-date module file ../../../Engine/Plugins/MovieScene/MatineeToLevelSequence/Binaries/Win64/UE4Editor-MatineeToLevelSequence.dll (API version 3944462).
LogModuleManager: Display: Found up-to-date module file ../../../Engine/Plugins/NetcodeUnitTest/NetcodeUnitTest/Binaries/Win64/UE4Editor-NetcodeUnitTest.dll (API version 3944462).
LogModuleManager: Display: Found up-to-date module file ../../../Engine/Plugins/NetcodeUnitTest/NUTUnrealEngine4/Binaries/Win64/UE4Editor-NUTUnrealEngine4.dll (API version 3944462).
LogModuleManager: Display: Found up-to-date module file ../../../Engine/Plugins/Online/OnlineSubsystem/Binaries/Win64/UE4Editor-OnlineSubsystem.dll (API version 3944462).
LogModuleManager: Display: Found up-to-date module file ../../../Engine/Plugins/Online/OnlineSubsystemNull/Binaries/Win64/UE4Editor-OnlineSubsystemNull.dll (API version 3944462).
LogModuleManager: Display: Found up-to-date module file ../../../Engine/Plugins/Online/OnlineSubsystemUtils/Binaries/Win64/UE4Editor-OnlineSubsystemUtils.dll (API version 3944462).
LogModuleManager: Display: Found up-to-date module file ../../../Engine/Plugins/Online/OnlineSubsystemUtils/Binaries/Win64/UE4Editor-OnlineBlueprintSupport.dll (API version 3944462).
LogModuleManager: Display: Found up-to-date module file ../../../Engine/Plugins/Runtime/AndroidDeviceProfileSelector/Binaries/Win64/UE4Editor-AndroidDeviceProfileSelector.dll (API version 3944462).
LogModuleManager: Display: Found up-to-date module file ../../../Engine/Plugins/Runtime/AndroidPermission/Binaries/Win64/UE4Editor-AndroidPermission.dll (API version 3944462).
LogModuleManager: Display: Found up-to-date module file ../../../Engine/Plugins/Runtime/AppleARKit/Binaries/Win64/UE4Editor-AppleARKit.dll (API version 3944462).
LogModuleManager: Display: Found up-to-date module file ../../../Engine/Plugins/Runtime/ArchVisCharacter/Binaries/Win64/UE4Editor-ArchVisCharacter.dll (API version 3944462).
LogModuleManager: Display: Found up-to-date module file ../../../Engine/Plugins/Runtime/AudioCapture/Binaries/Win64/UE4Editor-AudioCapture.dll (API version 3944462).
LogModuleManager: Display: Found up-to-date module file ../../../Engine/Plugins/Runtime/AudioCapture/Binaries/Win64/UE4Editor-AudioCaptureEditor.dll (API version 3944462).
LogModuleManager: Display: Found up-to-date module file ../../../Engine/Plugins/Runtime/CableComponent/Binaries/Win64/UE4Editor-CableComponent.dll (API version 3944462).
LogModuleManager: Display: Found up-to-date module file ../../../Engine/Plugins/Runtime/CustomMeshComponent/Binaries/Win64/UE4Editor-CustomMeshComponent.dll (API version 3944462).
LogModuleManager: Display: Found up-to-date module file ../../../Engine/Plugins/Runtime/ExampleDeviceProfileSelector/Binaries/Win64/UE4Editor-ExampleDeviceProfileSelector.dll (API version 3944462).
LogModuleManager: Display: Found up-to-date module file ../../../Engine/Plugins/Runtime/ImmediatePhysics/Binaries/Win64/UE4Editor-ImmediatePhysics.dll (API version 3944462).
LogModuleManager: Display: Found up-to-date module file ../../../Engine/Plugins/Runtime/ImmediatePhysics/Binaries/Win64/UE4Editor-ImmediatePhysicsEditor.dll (API version 3944462).
LogModuleManager: Display: Found up-to-date module file ../../../Engine/Plugins/Runtime/LocationServicesBPLibrary/Binaries/Win64/UE4Editor-LocationServicesBPLibrary.dll (API version 3944462).
LogModuleManager: Display: Found up-to-date module file ../../../Engine/Plugins/Runtime/MobilePatchingUtils/Binaries/Win64/UE4Editor-MobilePatchingUtils.dll (API version 3944462).
LogModuleManager: Display: Found up-to-date module file ../../../Engine/Plugins/Runtime/Oculus/OculusVR/Binaries/Win64/UE4Editor-OculusHMD.dll (API version 3944462).
LogModuleManager: Display: Found up-to-date module file ../../../Engine/Plugins/Runtime/Oculus/OculusVR/Binaries/Win64/UE4Editor-OculusInput.dll (API version 3944462).
LogModuleManager: Display: Found up-to-date module file ../../../Engine/Plugins/Runtime/Oculus/OculusVR/Binaries/Win64/UE4Editor-OculusEditor.dll (API version 3944462).
LogModuleManager: Display: Found up-to-date module file ../../../Engine/Plugins/Runtime/PhysXVehicles/Binaries/Win64/UE4Editor-PhysXVehicles.dll (API version 3944462).
LogModuleManager: Display: Found up-to-date module file ../../../Engine/Plugins/Runtime/PhysXVehicles/Binaries/Win64/UE4Editor-PhysXVehiclesEditor.dll (API version 3944462).
LogModuleManager: Display: Found up-to-date module file ../../../Engine/Plugins/Runtime/ProceduralMeshComponent/Binaries/Win64/UE4Editor-ProceduralMeshComponent.dll (API version 3944462).
LogModuleManager: Display: Found up-to-date module file ../../../Engine/Plugins/Runtime/ProceduralMeshComponent/Binaries/Win64/UE4Editor-ProceduralMeshComponentEditor.dll (API version 3944462).
LogModuleManager: Display: Found up-to-date module file ../../../Engine/Plugins/Runtime/RuntimePhysXCooking/Binaries/Win64/UE4Editor-RuntimePhysXCooking.dll (API version 3944462).
LogModuleManager: Display: Found up-to-date module file ../../../Engine/Plugins/Runtime/Steam/SteamVR/Binaries/Win64/UE4Editor-SteamVR.dll (API version 3944462).
LogModuleManager: Display: Found up-to-date module file ../../../Engine/Plugins/Runtime/Steam/SteamVR/Binaries/Win64/UE4Editor-SteamVRController.dll (API version 3944462).
LogModuleManager: Display: Found up-to-date module file ../../../Engine/Plugins/Runtime/WindowsMoviePlayer/Binaries/Win64/UE4Editor-WindowsMoviePlayer.dll (API version 3944462).
LogInit: Using libcurl 7.47.1
LogInit:  - built for x86_64-pc-win32
LogInit:  - supports SSL with OpenSSL/1.0.2g
LogInit:  - supports HTTP deflate (compression) using libz 1.2.8
LogInit:  - other features:
LogInit:      CURL_VERSION_SSL
LogInit:      CURL_VERSION_LIBZ
LogInit:      CURL_VERSION_IPV6
LogInit:      CURL_VERSION_ASYNCHDNS
LogInit:      CURL_VERSION_LARGEFILE
LogInit:      CURL_VERSION_IDN
LogInit:  CurlRequestOptions (configurable via config and command line):
LogInit:  - bVerifyPeer = false  - Libcurl will NOT verify peer certificate
LogInit:  - bUseHttpProxy = false  - Libcurl will NOT use HTTP proxy
LogInit:  - bDontReuseConnections = false  - Libcurl will reuse connections
LogInit:  - CertBundlePath = nullptr  - Libcurl will use whatever was configured at build time.
LogInit:  - MaxHostConnections = 16  - Libcurl will limit the number of connections to a host
LogInit:  - LocalHostAddr = Default
LogInit: WinSock: version 1.1 (2.2), MaxSocks=32767, MaxUdp=65467
LogInit: WinSock: I am DESKTOP-FMLP5DB (1.224.172.55:0)
LogInit: Build: ++UE4+Release-4.19-CL-4033788
LogInit: Engine Version: 4.19.2-4033788+++UE4+Release-4.19
LogInit: Compatible Engine Version: 4.19.0-3944462+++UE4+Release-4.19
LogInit: Net CL: 3944462
LogDevObjectVersion: Number of dev versions registered: 18
LogDevObjectVersion:   Dev-Blueprints (B0D832E4-1F89-4F0D-ACCF-7EB736FD4AA2): 10
LogDevObjectVersion:   Dev-Build (E1C64328-A22C-4D53-A36C-8E866417BD8C): 0
LogDevObjectVersion:   Dev-Core (375EC13C-06E4-48FB-B500-84F0262A717E): 2
LogDevObjectVersion:   Dev-Editor (E4B068ED-F494-42E9-A231-DA0B2E46BB41): 23
LogDevObjectVersion:   Dev-Framework (CFFC743F-43B0-4480-9391-14DF171D2073): 33
LogDevObjectVersion:   Dev-Mobile (B02B49B5-BB20-44E9-A304-32B752E40360): 2
LogDevObjectVersion:   Dev-Networking (A4E4105C-59A1-49B5-A7C5-40C4547EDFEE): 0
LogDevObjectVersion:   Dev-Online (39C831C9-5AE6-47DC-9A44-9C173E1C8E7C): 0
LogDevObjectVersion:   Dev-Physics (78F01B33-EBEA-4F98-B9B4-84EACCB95AA2): 0
LogDevObjectVersion:   Dev-Platform (6631380F-2D4D-43E0-8009-CF276956A95A): 0
LogDevObjectVersion:   Dev-Rendering (12F88B9F-8875-4AFC-A67C-D90C383ABD29): 25
LogDevObjectVersion:   Dev-Sequencer (7B5AE74C-D270-4C10-A958-57980B212A5A): 6
LogDevObjectVersion:   Dev-VR (D7296918-1DD6-4BDD-9DE2-64A83CC13884): 1
LogDevObjectVersion:   Dev-LoadTimes (C2A15278-BFE7-4AFE-6C17-90FF531DF755): 1
LogDevObjectVersion:   Private-Geometry (6EACA3D4-40EC-4CC1-B786-8BED09428FC5): 2
LogDevObjectVersion:   Dev-AnimPhys (29E575DD-E0A3-4627-9D10-D276232CDCEA): 16
LogDevObjectVersion:   Dev-ReflectionCapture (6B266CEC-1EC7-4B8F-A30B-E4D90942FC07): 1
LogDevObjectVersion:   Dev-Automation (0DF73D61-A23F-47EA-B727-89E90C41499A): 1
LogInit: Compiled (64-bit): Apr 27 2018 02:06:57
LogInit: Compiled with Visual C++: 19.00.24215.01
LogInit: Build Configuration: Development
LogInit: Branch Name: ++UE4+Release-4.19
LogInit: Command Line:  
LogInit: Base Directory: C:/Program Files/Epic Games/UE_4.19/Engine/Binaries/Win64/
LogInit: Installed Engine Build: 1
LogStreaming: Display: Took  0.000s to delete old logs.
LogInit: Presizing for max 8388607 objects, including 0 objects not considered by GC, pre-allocating 0 bytes for permanent pool.
LogInit: Object subsystem initialized
[2021.08.30-13.28.35:327][  0]LogInit: Selected Device Profile: [Windows]
[2021.08.30-13.28.35:327][  0]LogInit: Applying CVar settings loaded from the selected device profile: [Windows]
[2021.08.30-13.28.35:335][  0]LogInit: Computer: DESKTOP-FMLP5DB
[2021.08.30-13.28.35:335][  0]LogInit: User: HAEUN
[2021.08.30-13.28.35:335][  0]LogInit: CPU Page size=4096, Cores=6
[2021.08.30-13.28.35:335][  0]LogInit: High frequency timer resolution =10.000000 MHz
[2021.08.30-13.28.35:335][  0]LogMemory: Memory total: Physical=31.9GB (32GB approx)
[2021.08.30-13.28.35:335][  0]LogMemory: Platform Memory Stats for Windows
[2021.08.30-13.28.35:335][  0]LogMemory: Process Physical Memory: 275.88 MB used, 275.88 MB peak
[2021.08.30-13.28.35:335][  0]LogMemory: Process Virtual Memory: 270.60 MB used, 270.60 MB peak
[2021.08.30-13.28.35:335][  0]LogMemory: Physical Memory: 12461.29 MB used,  20253.27 MB free, 32714.55 MB total
[2021.08.30-13.28.35:335][  0]LogMemory: Virtual Memory: 4782.09 MB used,  20253.27 MB free, 134217728.00 MB total
[2021.08.30-13.28.35:427][  0]LogInit: Using OS detected language (ko-KR).
[2021.08.30-13.28.35:427][  0]LogInit: Using OS detected locale (ko-KR).
[2021.08.30-13.28.35:430][  0]LogTextLocalizationManager: No specific localization for 'ko-KR' exists, so the 'ko' localization will be used.
[2021.08.30-13.28.35:759][  0]LogStreaming: Display: Took  0.333s to EndInitTextLocalization.
[2021.08.30-13.28.35:759][  0]LogInit: Setting process to per monitor DPI aware
[2021.08.30-13.28.35:808][  0]LogSlate: New Slate User Created.  User Index 0, Is Virtual User: 0
[2021.08.30-13.28.35:808][  0]LogSlate: Slate User Registered.  User Index 0, Is Virtual User: 0
[2021.08.30-13.28.36:043][  0]LogD3D11RHI: D3D11 adapters:
[2021.08.30-13.28.36:148][  0]LogD3D11RHI:    0. 'NVIDIA GeForce RTX 2080' (Feature Level 11_0)
[2021.08.30-13.28.36:148][  0]LogD3D11RHI:       8010/0/16357 MB DedicatedVideo/DedicatedSystem/SharedSystem, Outputs:1, VendorId:0x10de
[2021.08.30-13.28.36:151][  0]LogD3D11RHI:    1. 'Microsoft Basic Render Driver' (Feature Level 11_0)
[2021.08.30-13.28.36:151][  0]LogD3D11RHI:       0/0/16357 MB DedicatedVideo/DedicatedSystem/SharedSystem, Outputs:0, VendorId:0x1414
[2021.08.30-13.28.36:151][  0]LogD3D11RHI: Chosen D3D11 Adapter: 0
[2021.08.30-13.28.36:159][  0]LogD3D11RHI: Creating new Direct3DDevice
[2021.08.30-13.28.36:159][  0]LogD3D11RHI:     GPU DeviceId: 0x1e87 (for the marketing name, search the web for "GPU Device Id")
[2021.08.30-13.28.36:159][  0]LogWindows: EnumDisplayDevices:
[2021.08.30-13.28.36:159][  0]LogWindows:    0. 'NVIDIA GeForce RTX 2080' (P:1 D:1)
[2021.08.30-13.28.36:159][  0]LogWindows:    1. 'NVIDIA GeForce RTX 2080' (P:0 D:0)
[2021.08.30-13.28.36:160][  0]LogWindows:    2. 'NVIDIA GeForce RTX 2080' (P:0 D:0)
[2021.08.30-13.28.36:160][  0]LogWindows:    3. 'NVIDIA GeForce RTX 2080' (P:0 D:0)
[2021.08.30-13.28.36:161][  0]LogWindows: DebugString: GetVideoDriverDetailsInvalid PrimaryIsNotTheChoosenAdapter GetVideoDriverDetailsInvalid PrimaryIsNotTheChoosenAdapter GetVideoDriverDetailsInvalid PrimaryIsNotTheChoosenAdapter GetVideoDriverDetailsInvalid PrimaryIsNotTheChoosenAdapter FoundDriverCount:0 
[2021.08.30-13.28.36:161][  0]LogD3D11RHI:     Adapter Name: NVIDIA GeForce RTX 2080
[2021.08.30-13.28.36:161][  0]LogD3D11RHI:   Driver Version: Unknown (internal:Unknown, unified:Unknown)
[2021.08.30-13.28.36:161][  0]LogD3D11RHI:      Driver Date: Unknown
[2021.08.30-13.28.36:161][  0]LogRHI: Texture pool is 5607 MB (70% of 8010 MB)
[2021.08.30-13.28.36:222][  0]LogD3D11RHI: [Aftermath] Aftermath enabled and primed
[2021.08.30-13.28.36:222][  0]LogD3D11RHI: [Aftermath] Aftermath enabled and primed
[2021.08.30-13.28.36:222][  0]LogD3D11RHI: Async texture creation enabled
[2021.08.30-13.28.36:233][  0]LogD3D11RHI: GPU Timing Frequency: 1000.000000 (Debug: 2 1)
[2021.08.30-13.28.36:236][  0]LogShaderCompilers: Guid format shader working directory is 34 characters bigger than the processId version (D:/game/GAME/Intermediate/Shaders/WorkingDirectory/6552/).
[2021.08.30-13.28.36:237][  0]LogShaderCompilers: Cleaned the shader compiler working directory 'C:/Users/HAEUN/AppData/Local/Temp/UnrealShaderWorkingDir/85C09C224E60BE03D3808B9FDA179AE9/'.
[2021.08.30-13.28.36:454][  0]LogTemp: Display: Loaded TP AllDesktopTargetPlatform
[2021.08.30-13.28.36:467][  0]LogTemp: Display: Loaded TP MacClientTargetPlatform
[2021.08.30-13.28.36:480][  0]LogTemp: Display: Loaded TP MacNoEditorTargetPlatform
[2021.08.30-13.28.36:494][  0]LogTemp: Display: Loaded TP MacServerTargetPlatform
[2021.08.30-13.28.36:507][  0]LogTemp: Display: Loaded TP MacTargetPlatform
[2021.08.30-13.28.36:520][  0]LogTemp: Display: Loaded TP WindowsClientTargetPlatform
[2021.08.30-13.28.36:533][  0]LogTemp: Display: Loaded TP WindowsNoEditorTargetPlatform
[2021.08.30-13.28.36:546][  0]LogTemp: Display: Loaded TP WindowsServerTargetPlatform
[2021.08.30-13.28.36:552][  0]LogTemp: Display: Loaded TP WindowsTargetPlatform
[2021.08.30-13.28.36:564][  0]LogTemp: Display: Loaded TP Android_ASTCTargetPlatform
[2021.08.30-13.28.36:576][  0]LogTemp: Display: Loaded TP Android_ATCTargetPlatform
[2021.08.30-13.28.36:587][  0]LogTemp: Display: Loaded TP Android_DXTTargetPlatform
[2021.08.30-13.28.36:599][  0]LogTemp: Display: Loaded TP Android_ETC1aTargetPlatform
[2021.08.30-13.28.36:610][  0]LogTemp: Display: Loaded TP Android_ETC1TargetPlatform
[2021.08.30-13.28.36:622][  0]LogTemp: Display: Loaded TP Android_ETC2TargetPlatform
[2021.08.30-13.28.36:646][  0]LogTemp: Display: Loaded TP Android_MultiTargetPlatform
[2021.08.30-13.28.36:646][  0]LogTemp: Display: Loaded TP Android_PVRTCTargetPlatform
[2021.08.30-13.28.36:658][  0]LogTemp: Display: Loaded TP AndroidTargetPlatform
[2021.08.30-13.28.36:660][  0]LogTemp: Display: Loaded TP HTML5TargetPlatform
[2021.08.30-13.28.36:697][  0]LogTemp: Display: Loaded TP IOSTargetPlatform
[2021.08.30-13.28.36:708][  0]LogTemp: Display: Loaded TP TVOSTargetPlatform
[2021.08.30-13.28.36:720][  0]LogTemp: Display: Loaded TP LinuxClientTargetPlatform
[2021.08.30-13.28.36:732][  0]LogTemp: Display: Loaded TP LinuxNoEditorTargetPlatform
[2021.08.30-13.28.36:745][  0]LogTemp: Display: Loaded TP LinuxServerTargetPlatform
[2021.08.30-13.28.36:757][  0]LogTemp: Display: Loaded TP LinuxTargetPlatform
[2021.08.30-13.28.36:757][  0]LogTargetPlatformManager: Display: Building Assets For Windows
[2021.08.30-13.28.36:875][  0]LogXGEController: Cannot use XGE Controller as Incredibuild is not installed on this machine.
[2021.08.30-13.28.36:875][  0]LogShaderCompilers: Cannot use XGE Shader Compiler as Incredibuild is not installed on this machine.
[2021.08.30-13.28.36:875][  0]LogShaderCompilers: Display: Using Local Shader Compiler.
[2021.08.30-13.28.37:627][  0]LogDerivedDataCache: Display: Max Cache Size: 512 MB
[2021.08.30-13.28.37:692][  0]LogDerivedDataCache: Loaded boot cache 0.07s 76MB C:/Users/HAEUN/AppData/Local/UnrealEngine/4.19/DerivedDataCache/Boot.ddc.
[2021.08.30-13.28.37:692][  0]LogDerivedDataCache: Display: Loaded Boot cache: C:/Users/HAEUN/AppData/Local/UnrealEngine/4.19/DerivedDataCache/Boot.ddc
[2021.08.30-13.28.37:692][  0]LogDerivedDataCache: FDerivedDataBackendGraph:  Pak pak cache file D:/game/GAME/DerivedDataCache/DDC.ddp not found, will not use a pak cache.
[2021.08.30-13.28.37:692][  0]LogDerivedDataCache: Unable to find inner node Pak for hierarchical cache Hierarchy.
[2021.08.30-13.28.37:692][  0]LogDerivedDataCache: FDerivedDataBackendGraph:  CompressedPak pak cache file D:/game/GAME/DerivedDataCache/Compressed.ddp not found, will not use a pak cache.
[2021.08.30-13.28.37:692][  0]LogDerivedDataCache: Unable to find inner node CompressedPak for hierarchical cache Hierarchy.
[2021.08.30-13.28.37:705][  0]LogDerivedDataCache: Display: Pak cache opened for reading ../../../Engine/DerivedDataCache/Compressed.ddp.
[2021.08.30-13.28.37:718][  0]LogDerivedDataCache: Using Local data cache path C:/Users/HAEUN/AppData/Local/UnrealEngine/Common/DerivedDataCache: Writable
[2021.08.30-13.28.37:718][  0]LogDerivedDataCache: Shared data cache path not found in *engine.ini, will not use an Shared cache.
[2021.08.30-13.28.37:718][  0]LogDerivedDataCache: Unable to find inner node Shared for hierarchical cache Hierarchy.
[2021.08.30-13.28.37:728][  0]LogMaterial: Verifying Global Shaders for PCD3D_SM5
[2021.08.30-13.28.37:728][  0]LogSlate: Using Freetype 2.6.0
[2021.08.30-13.28.37:729][  0]LogSlate: SlateFontCache - WITH_FREETYPE: 1, WITH_HARFBUZZ: 1
[2021.08.30-13.28.37:729][  0]LogSlate: SlateFontCache - WITH_FREETYPE: 1, WITH_HARFBUZZ: 1
[2021.08.30-13.28.37:863][  0]LogAssetRegistry: FAssetRegistry took 0.0255 seconds to start up
[2021.08.30-13.28.38:128][  0]LogInit: Selected Device Profile: [Windows]
[2021.08.30-13.28.38:269][  0]LogSimplygon: Simplygon DLL not present - disabling.
[2021.08.30-13.28.38:272][  0]LogMeshReduction: Using SimplygonSwarm for distributed automatic mesh merging
[2021.08.30-13.28.38:272][  0]LogMeshReduction: Using QuadricMeshReduction for automatic static mesh reduction
[2021.08.30-13.28.38:272][  0]LogMeshReduction: No automatic skeletal mesh reduction module available
[2021.08.30-13.28.38:272][  0]LogMeshReduction: No automatic mesh merging module available
[2021.08.30-13.28.38:272][  0]LogMeshMerging: No automatic mesh merging module available
[2021.08.30-13.28.38:303][  0]LogNetVersion: ArenaBattle , NetCL: 3944462, EngineNetVer: 2, GameNetVer: 0 (Checksum: 3555152549)
[2021.08.30-13.28.38:683][  0]LogPackageLocalizationCache: Processed 9 localized package path(s) for 2 prioritized culture(s) in 0.048508 seconds
[2021.08.30-13.28.38:688][  0]LogUObjectArray: 36728 objects as part of root set at end of initial load.
[2021.08.30-13.28.38:688][  0]LogUObjectAllocator: 7314312 out of 0 bytes used by permanent object pool.
[2021.08.30-13.28.38:688][  0]LogUObjectArray: CloseDisregardForGC: 0/0 objects in disregard for GC pool
[2021.08.30-13.28.40:229][  0]LogTcpMessaging: Initializing TcpMessaging bridge
[2021.08.30-13.28.40:261][  0]LogUdpMessaging: Initializing bridge on interface 0.0.0.0:0 to multicast group 230.0.0.1:6666.
[2021.08.30-13.28.40:587][  0]LogSkeletalMesh: Skeletal Mesh found in DDC [0.320600ms] /Game/InfinityBladeWarriors/Character/CompleteCharacters/SK_CharM_Cardboard.SK_CharM_Cardboard
[2021.08.30-13.28.40:631][  0]LogUObjectGlobals: Created PersistentFrame Addr=0x000001b393a9f0a0, Size=20, Default__WarriorAnimBlueprint_C Function /Game/Book/Animations/WarriorAnimBlueprint.WarriorAnimBlueprint_C:ExecuteUbergraph_WarriorAnimBlueprint
[2021.08.30-13.28.40:638][  0]LogUObjectGlobals: Destroyed PersistentFrame Addr=0x000001b393a9f0a0, Size=20
[2021.08.30-13.28.40:638][  0]LogUObjectGlobals: Created PersistentFrame Addr=0x000001b393a9f0a0, Size=20, Default__WarriorAnimBlueprint_C Function /Engine/Transient.REINST_WarriorAnimBlueprint_C_0:ExecuteUbergraph_WarriorAnimBlueprint
[2021.08.30-13.28.40:644][  0]LogUObjectGlobals: Created PersistentFrame Addr=0x000001b393ae49b8, Size=20, Default__WarriorAnimBlueprint_C Function /Game/Book/Animations/WarriorAnimBlueprint.WarriorAnimBlueprint_C:ExecuteUbergraph_WarriorAnimBlueprint
[2021.08.30-13.28.40:806][  0]LogSkeletalMesh: Skeletal Mesh found in DDC [0.064300ms] /Game/InfinityBladeWeapons/Weapons/Blade/Swords/Blade_BlackKnight/SK_Blade_BlackKnight.SK_Blade_BlackKnight
[2021.08.30-13.28.40:950][  0]SourceControl: 소스 콘트롤이 꺼졌습니다.
[2021.08.30-13.28.40:950][  0]SourceControl: 소스 콘트롤이 꺼졌습니다.
[2021.08.30-13.28.40:970][  0]SourceControl: 소스 콘트롤이 꺼졌습니다.
[2021.08.30-13.28.40:990][  0]SourceControl: 소스 콘트롤이 꺼졌습니다.
[2021.08.30-13.28.41:497][  0]LogAndroidPermission: UAndroidPermissionCallbackProxy::GetInstance
[2021.08.30-13.28.41:783][  0]LogOcInput: OculusInput pre-init called
[2021.08.30-13.28.41:888][  0]LogEngine: Initializing Engine...
[2021.08.30-13.28.41:890][  0]LogHMD: Failed to initialize OpenVR with code 110
[2021.08.30-13.28.41:892][  0]LogStats: UGameplayTagsManager::ConstructGameplayTagTree: Construct from data asset -  0.000 s
[2021.08.30-13.28.41:892][  0]LogStats: UGameplayTagsManager::ConstructGameplayTagTree: GameplayTagTreeChangedEvent.Broadcast -  0.000 s
[2021.08.30-13.28.42:076][  0]LogAIModule: Creating AISystem for world Untitled
[2021.08.30-13.28.42:162][  0]LogInit: XAudio2 using 'Realtek HD Audio 2nd output(Realtek(R) Audio)' : 2 channels at 48 kHz using 32 bits per sample (channel mask 0x3)
[2021.08.30-13.28.42:204][  0]LogInit: FAudioDevice initialized.
[2021.08.30-13.28.42:275][  0]LogDerivedDataCache: Saved boot cache 0.07s 76MB C:/Users/HAEUN/AppData/Local/UnrealEngine/4.19/DerivedDataCache/Boot.ddc.
[2021.08.30-13.28.42:287][  0]LogInit: Texture streaming: Enabled
[2021.08.30-13.28.42:305][  0]LogEngineSessionManager: EngineSessionManager initialized
[2021.08.30-13.28.42:318][  0]LogInit: Transaction tracking system initialized
[2021.08.30-13.28.42:340][  0]BlueprintLog: New page: 에디터 로드
[2021.08.30-13.28.42:417][  0]LocalizationService: 현지화 서비스가 비활성화되었습니다.
[2021.08.30-13.28.42:511][  0]LogConsoleResponse: Display: 
[2021.08.30-13.28.42:644][  0]LogCook: Display: Max memory allowance for cook 16384mb min free memory 0mb
[2021.08.30-13.28.42:644][  0]LogCook: Display: Mobile HDR setting 1
[2021.08.30-13.28.42:644][  0]LogGameplayTags: Display: UGameplayTagsManager::DoneAddingNativeTags. DelegateIsBound: 0
[2021.08.30-13.28.42:644][  0]LogStats: UGameplayTagsManager::ConstructGameplayTagTree: Construct from data asset -  0.000 s
[2021.08.30-13.28.42:644][  0]LogStats: UGameplayTagsManager::ConstructGameplayTagTree: GameplayTagTreeChangedEvent.Broadcast -  0.000 s
[2021.08.30-13.28.43:021][  0]LogFileCache: Scanning file cache for directory 'D:/game/GAME/Content/' took 0.02s
[2021.08.30-13.28.43:021][  0]SourceControl: 소스 콘트롤이 꺼졌습니다.
[2021.08.30-13.28.43:021][  0]Cmd: MAP LOAD FILE="D:/game/GAME/Content/Book/Maps/Step3.umap" TEMPLATE=0 SHOWPROGRESS=1 FEATURELEVEL=3
[2021.08.30-13.28.43:025][  0]LightingResults: New page: 라이팅 빌드
[2021.08.30-13.28.43:028][  0]MapCheck: New page: 맵 체크
[2021.08.30-13.28.43:028][  0]LightingResults: New page: 라이팅 빌드
[2021.08.30-13.28.43:035][  0]LogUObjectGlobals: Destroyed PersistentFrame Addr=0x000001b393a9f0a0, Size=20
[2021.08.30-13.28.43:317][  0]LogSkeletalMesh: Skeletal Mesh found in DDC [0.304400ms] /Game/InfinityBladeWeapons/Weapons/Blade/Axes/Blade_GreatBlade/SK_Blade_GreatBlade.SK_Blade_GreatBlade
[2021.08.30-13.28.43:329][  0]LogAIModule: Creating AISystem for world Step3
[2021.08.30-13.28.43:336][  0]LogEditorServer: Finished looking for orphan Actors (0.000 secs)
[2021.08.30-13.28.43:347][  0]Cmd: MAP CHECKDEP NOCLEARLOG
[2021.08.30-13.28.43:420][  0]MapCheck: 맵 체크 완료: 오류 0 회, 경고 0 회, 소요 시간 72.625ms.
[2021.08.30-13.28.43:420][  0]LogFileHelpers: Loading map 'Step3' took 0.399
[2021.08.30-13.28.43:534][  0]LogCollectionManager: Loaded 0 collections in 0.001481 seconds
[2021.08.30-13.28.43:576][  0]LogFileCache: Scanning file cache for directory 'D:/game/GAME/Saved/Collections/' took 0.01s
[2021.08.30-13.28.43:576][  0]LogFileCache: Scanning file cache for directory 'D:/game/GAME/Content/Developers/HAEUN/Collections/' took 0.01s
[2021.08.30-13.28.43:576][  0]LogFileCache: Scanning file cache for directory 'D:/game/GAME/Content/Collections/' took 0.01s
[2021.08.30-13.28.43:576][  0]LogCollectionManager: Rebuilt the GUID cache for 0 collections in 0.000000 seconds
[2021.08.30-13.28.43:584][  0]LogContentBrowser: Native class hierarchy populated in 0.0080 seconds. Added 2468 classes and 560 folders.
[2021.08.30-13.28.43:590][  0]LogContentBrowser: Native class hierarchy updated for 'WidgetCarousel' in 0.0005 seconds. Added 0 classes and 0 folders.
[2021.08.30-13.28.43:634][  0]LogContentBrowser: Native class hierarchy updated for 'AddContentDialog' in 0.0005 seconds. Added 0 classes and 0 folders.
[2021.08.30-13.28.43:640][  0]LogContentBrowser: Native class hierarchy updated for 'SceneOutliner' in 0.0006 seconds. Added 1 classes and 2 folders.
[2021.08.30-13.28.43:660][  0]LogSlate: Took 0.000179 seconds to synchronously load lazily loaded font '../../../Engine/Content/Slate/Fonts/Roboto-Regular.ttf' (155K)
[2021.08.30-13.28.43:663][  0]LogSlate: Took 0.001900 seconds to synchronously load lazily loaded font '../../../Engine/Content/Editor/Slate/Fonts/NanumGothic.ttf' (4243K)
[2021.08.30-13.28.43:667][  0]LogSlate: Took 0.001946 seconds to synchronously load lazily loaded font '../../../Engine/Content/Editor/Slate/Fonts/NanumGothicBold.ttf' (4188K)
[2021.08.30-13.28.43:667][  0]LogSlate: Took 0.000172 seconds to synchronously load lazily loaded font '../../../Engine/Content/Slate/Fonts/Roboto-Bold.ttf' (160K)
[2021.08.30-13.28.43:669][  0]LogSlate: Took 0.000196 seconds to synchronously load lazily loaded font '../../../Engine/Content/Editor/Slate/Fonts/FontAwesome.ttf' (139K)
[2021.08.30-13.28.43:736][  0]LogRenderer: Reallocating scene render targets to support 2040x676 Format 10 NumSamples 1 (Frame:1).
[2021.08.30-13.28.43:848][  0]LogContentBrowser: Native class hierarchy updated for 'HierarchicalLODOutliner' in 0.0005 seconds. Added 0 classes and 0 folders.
[2021.08.30-13.28.43:848][  0]LogLoad: (Engine Initialization) Total time: 11.78 seconds
[2021.08.30-13.28.43:848][  0]LogLoad: (Engine Initialization) Total Blueprint compile time: 0.00 seconds
[2021.08.30-13.28.43:882][  0]LogContentStreaming: Texture pool size now 1000 MB
[2021.08.30-13.28.43:927][  0]LogSlate: Took 0.000216 seconds to synchronously load lazily loaded font '../../../Engine/Content/Slate/Fonts/Roboto-Light.ttf' (167K)
[2021.08.30-13.28.43:946][  1]LogAssetRegistry: Asset discovery search completed in 6.1052 seconds
[2021.08.30-13.28.43:949][  1]LogCollectionManager: Rebuilt the object cache for 0 collections in 0.000000 seconds (found 0 objects)
[2021.08.30-13.28.43:949][  1]LogCollectionManager: Fixed up redirectors for 0 collections in 0.000069 seconds (updated 0 objects)
[2021.08.30-13.28.46:323][283]LogSlate: FSceneViewport::OnFocusLost() reason 0
[2021.08.30-13.28.55:609][386]ArenaBattle: Warning: AABPawn::PostInitializeComponents(63)
[2021.08.30-13.28.55:643][388]ArenaBattle: Error: UABCharacterStatComponent::SetNewLevel(34) ASSERTION : 'nullptr != ABGameInstance'
[2021.08.30-13.28.59:566][854]LogTemp: Repeating last play command: 선택된 뷰포트
[2021.08.30-13.28.59:573][854]LogPlayLevel: PlayLevel: No blueprints needed recompiling
[2021.08.30-13.28.59:573][854]PIE: New page: PIE 세션: Step3 (2021. 8. 31. 오전 7:28:59)
[2021.08.30-13.28.59:573][854]LogPlayLevel: Creating play world package: /Game/Book/Maps/UEDPIE_0_Step3
[2021.08.30-13.28.59:576][854]LogPlayLevel: PIE: StaticDuplicateObject took: (0.002954s)
[2021.08.30-13.28.59:577][854]LogAIModule: Creating AISystem for world Step3
[2021.08.30-13.28.59:577][854]LogPlayLevel: PIE: World Init took: (0.000571s)
[2021.08.30-13.28.59:577][854]LogPlayLevel: PIE: Created PIE world by copying editor world from /Game/Book/Maps/Step3.Step3 to /Game/Book/Maps/UEDPIE_0_Step3.Step3 (0.003682s)
[2021.08.30-13.28.59:655][854]LogInit: XAudio2 using 'Realtek HD Audio 2nd output(Realtek(R) Audio)' : 2 channels at 48 kHz using 32 bits per sample (channel mask 0x3)
[2021.08.30-13.28.59:685][854]LogInit: FAudioDevice initialized.
[2021.08.30-13.28.59:730][854]LogLoad: Game class is 'ABGameMode'
[2021.08.30-13.28.59:732][854]LogWorld: Bringing World /Game/Book/Maps/UEDPIE_0_Step3.Step3 up for play (max tick rate 0) at 2021.08.30-22.28.59
[2021.08.30-13.28.59:733][854]LogWorld: Bringing up level for play took: 0.001759
[2021.08.30-13.28.59:733][854]ArenaBattle: Warning: AABPlayerController::PostInitializeComponents(8)
[2021.08.30-13.28.59:734][854]ArenaBattle: Warning: AABGameMode::PostLogin(15) PostLogin Begin
[2021.08.30-13.28.59:736][854]LogContentBrowser: Native class hierarchy updated for 'MovieSceneCapture' in 0.0006 seconds. Added 11 classes and 0 folders.
[2021.08.30-13.28.59:737][854]ArenaBattle: Warning: AABPlayerController::Possess(13)
[2021.08.30-13.28.59:737][854]ArenaBattle: Warning: AABGameMode::PostLogin(17) PostLogin End
[2021.08.30-13.28.59:738][854]PIE: /Game/Book/Maps/UEDPIE_0_Step3 에 대한 에디터에서 플레이 시작 시간: -0.215
[2021.08.30-13.29.07:550][788]ArenaBattle: Warning: AABCharacter::AttackCheck(385) Hit Actor Name : ABCharacter_2
[2021.08.30-13.29.07:551][788]ArenaBattle: Warning: AABCharacter::TakeDamage(188) Actor : ABCharacter_2 took Damage : 10.000000
[2021.08.30-13.29.07:917][832]ArenaBattle: Warning: AABCharacter::PostInitializeComponents::<lambda_5056bbe89f1e2035684a4010de3ec51d>::operator ()(160) OnNextAttackCheck
[2021.08.30-13.29.10:667][162]ArenaBattle: Warning: AABCharacter::AttackCheck(385) Hit Actor Name : ABCharacter_2
[2021.08.30-13.29.10:667][162]ArenaBattle: Warning: AABCharacter::TakeDamage(188) Actor : ABCharacter_2 took Damage : 10.000000
[2021.08.30-13.29.11:034][206]ArenaBattle: Warning: AABCharacter::PostInitializeComponents::<lambda_5056bbe89f1e2035684a4010de3ec51d>::operator ()(160) OnNextAttackCheck
[2021.08.30-13.29.12:959][437]ArenaBattle: Warning: AABCharacter::PostInitializeComponents::<lambda_5056bbe89f1e2035684a4010de3ec51d>::operator ()(160) OnNextAttackCheck
[2021.08.30-13.29.13:108][455]ArenaBattle: Warning: AABCharacter::PostInitializeComponents::<lambda_5056bbe89f1e2035684a4010de3ec51d>::operator ()(160) OnNextAttackCheck
[2021.08.30-13.29.14:159][581]ArenaBattle: Warning: AABCharacter::AttackCheck(385) Hit Actor Name : ABCharacter_2
[2021.08.30-13.29.14:159][581]ArenaBattle: Warning: AABCharacter::TakeDamage(188) Actor : ABCharacter_2 took Damage : 10.000000
[2021.08.30-13.29.14:526][625]ArenaBattle: Warning: AABCharacter::PostInitializeComponents::<lambda_5056bbe89f1e2035684a4010de3ec51d>::operator ()(160) OnNextAttackCheck
[2021.08.30-13.29.14:526][625]ArenaBattle: Warning: AABCharacter::AttackCheck(385) Hit Actor Name : ABCharacter_0
[2021.08.30-13.29.14:526][625]ArenaBattle: Warning: AABCharacter::TakeDamage(188) Actor : ABCharacter_0 took Damage : 10.000000
[2021.08.30-13.29.14:892][669]ArenaBattle: Warning: AABCharacter::PostInitializeComponents::<lambda_5056bbe89f1e2035684a4010de3ec51d>::operator ()(160) OnNextAttackCheck
[2021.08.30-13.29.16:485][860]ArenaBattle: Warning: AABCharacter::PostInitializeComponents::<lambda_5056bbe89f1e2035684a4010de3ec51d>::operator ()(160) OnNextAttackCheck
[2021.08.30-13.29.18:442][ 95]ArenaBattle: Warning: AABCharacter::AttackCheck(385) Hit Actor Name : ABCharacter_2
[2021.08.30-13.29.18:442][ 95]ArenaBattle: Warning: AABCharacter::TakeDamage(188) Actor : ABCharacter_2 took Damage : 10.000000
[2021.08.30-13.29.18:568][110]ArenaBattle: Warning: AABCharacter::AttackCheck(385) Hit Actor Name : ABCharacter_0
[2021.08.30-13.29.18:568][110]ArenaBattle: Warning: AABCharacter::TakeDamage(188) Actor : ABCharacter_0 took Damage : 10.000000
[2021.08.30-13.29.18:809][139]ArenaBattle: Warning: AABCharacter::PostInitializeComponents::<lambda_5056bbe89f1e2035684a4010de3ec51d>::operator ()(160) OnNextAttackCheck
[2021.08.30-13.29.18:934][154]ArenaBattle: Warning: AABCharacter::PostInitializeComponents::<lambda_5056bbe89f1e2035684a4010de3ec51d>::operator ()(160) OnNextAttackCheck
[2021.08.30-13.29.20:209][307]ArenaBattle: Warning: AABCharacter::AttackCheck(385) Hit Actor Name : ABCharacter_2
[2021.08.30-13.29.20:209][307]ArenaBattle: Warning: AABCharacter::TakeDamage(188) Actor : ABCharacter_2 took Damage : 10.000000
[2021.08.30-13.29.20:435][334]ArenaBattle: Warning: AABCharacter::AttackCheck(385) Hit Actor Name : ABCharacter_0
[2021.08.30-13.29.20:435][334]ArenaBattle: Warning: AABCharacter::TakeDamage(188) Actor : ABCharacter_0 took Damage : 10.000000
[2021.08.30-13.29.20:576][351]ArenaBattle: Warning: AABCharacter::PostInitializeComponents::<lambda_5056bbe89f1e2035684a4010de3ec51d>::operator ()(160) OnNextAttackCheck
[2021.08.30-13.29.20:801][378]ArenaBattle: Warning: AABCharacter::PostInitializeComponents::<lambda_5056bbe89f1e2035684a4010de3ec51d>::operator ()(160) OnNextAttackCheck
[2021.08.30-13.29.22:168][542]ArenaBattle: Warning: AABCharacter::PostInitializeComponents::<lambda_5056bbe89f1e2035684a4010de3ec51d>::operator ()(160) OnNextAttackCheck
[2021.08.30-13.29.24:735][850]ArenaBattle: Warning: AABCharacter::AttackCheck(385) Hit Actor Name : ABCharacter_2
[2021.08.30-13.29.24:735][850]ArenaBattle: Warning: AABCharacter::TakeDamage(188) Actor : ABCharacter_2 took Damage : 10.000000
[2021.08.30-13.29.25:102][894]ArenaBattle: Warning: AABCharacter::PostInitializeComponents::<lambda_5056bbe89f1e2035684a4010de3ec51d>::operator ()(160) OnNextAttackCheck
[2021.08.30-13.29.25:285][916]ArenaBattle: Warning: AABCharacter::PostInitializeComponents::<lambda_5056bbe89f1e2035684a4010de3ec51d>::operator ()(160) OnNextAttackCheck
[2021.08.30-13.29.26:651][ 80]ArenaBattle: Warning: AABCharacter::PostInitializeComponents::<lambda_5056bbe89f1e2035684a4010de3ec51d>::operator ()(160) OnNextAttackCheck
[2021.08.30-13.29.27:935][234]ArenaBattle: Warning: AABCharacter::AttackCheck(385) Hit Actor Name : ABCharacter_2
[2021.08.30-13.29.27:935][234]ArenaBattle: Warning: AABCharacter::TakeDamage(188) Actor : ABCharacter_2 took Damage : 10.000000
[2021.08.30-13.29.28:061][249]ArenaBattle: Warning: AABCharacter::AttackCheck(385) Hit Actor Name : ABCharacter_0
[2021.08.30-13.29.28:061][249]ArenaBattle: Warning: AABCharacter::TakeDamage(188) Actor : ABCharacter_0 took Damage : 10.000000
[2021.08.30-13.29.28:302][278]ArenaBattle: Warning: AABCharacter::PostInitializeComponents::<lambda_5056bbe89f1e2035684a4010de3ec51d>::operator ()(160) OnNextAttackCheck
[2021.08.30-13.29.28:427][293]ArenaBattle: Warning: AABCharacter::PostInitializeComponents::<lambda_5056bbe89f1e2035684a4010de3ec51d>::operator ()(160) OnNextAttackCheck
[2021.08.30-13.29.30:421][532]ArenaBattle: Warning: AABCharacter::PostInitializeComponents::<lambda_5056bbe89f1e2035684a4010de3ec51d>::operator ()(160) OnNextAttackCheck
[2021.08.30-13.29.31:888][708]ArenaBattle: Warning: AABCharacter::PostInitializeComponents::<lambda_5056bbe89f1e2035684a4010de3ec51d>::operator ()(160) OnNextAttackCheck
[2021.08.30-13.29.33:730][929]ArenaBattle: Warning: AABItemBox::OnCharacterOverlap(61)
[2021.08.30-13.29.34:488][ 20]ArenaBattle: Warning: AABCharacter::AttackCheck(385) Hit Actor Name : ABCharacter_2
[2021.08.30-13.29.34:488][ 20]ArenaBattle: Warning: AABCharacter::TakeDamage(188) Actor : ABCharacter_2 took Damage : 10.000000
[2021.08.30-13.29.34:730][ 49]ArenaBattle: Warning: AABCharacter::AttackCheck(385) Hit Actor Name : ABCharacter_0
[2021.08.30-13.29.34:730][ 49]ArenaBattle: Warning: AABCharacter::TakeDamage(188) Actor : ABCharacter_0 took Damage : 10.000000
[2021.08.30-13.29.34:854][ 64]ArenaBattle: Warning: AABCharacter::PostInitializeComponents::<lambda_5056bbe89f1e2035684a4010de3ec51d>::operator ()(160) OnNextAttackCheck
[2021.08.30-13.29.35:096][ 93]ArenaBattle: Warning: AABCharacter::PostInitializeComponents::<lambda_5056bbe89f1e2035684a4010de3ec51d>::operator ()(160) OnNextAttackCheck
[2021.08.30-13.29.36:704][286]ArenaBattle: Warning: AABCharacter::AttackCheck(385) Hit Actor Name : ABCharacter_2
[2021.08.30-13.29.36:704][286]ArenaBattle: Warning: AABCharacter::TakeDamage(188) Actor : ABCharacter_2 took Damage : 10.000000
[2021.08.30-13.29.36:954][316]ArenaBattle: Warning: AABCharacter::AttackCheck(385) Hit Actor Name : ABCharacter_0
[2021.08.30-13.29.36:955][316]ArenaBattle: Warning: AABCharacter::TakeDamage(188) Actor : ABCharacter_0 took Damage : 10.000000
[2021.08.30-13.29.37:071][330]ArenaBattle: Warning: AABCharacter::PostInitializeComponents::<lambda_5056bbe89f1e2035684a4010de3ec51d>::operator ()(160) OnNextAttackCheck
[2021.08.30-13.29.37:321][360]ArenaBattle: Warning: AABCharacter::PostInitializeComponents::<lambda_5056bbe89f1e2035684a4010de3ec51d>::operator ()(160) OnNextAttackCheck
[2021.08.30-13.29.38:788][536]ArenaBattle: Warning: AABCharacter::PostInitializeComponents::<lambda_5056bbe89f1e2035684a4010de3ec51d>::operator ()(160) OnNextAttackCheck
[2021.08.30-13.29.40:113][695]ArenaBattle: Warning: AABCharacter::AttackCheck(385) Hit Actor Name : ABCharacter_0
[2021.08.30-13.29.40:113][695]ArenaBattle: Warning: AABCharacter::TakeDamage(188) Actor : ABCharacter_0 took Damage : 10.000000
[2021.08.30-13.29.40:480][739]ArenaBattle: Warning: AABCharacter::PostInitializeComponents::<lambda_5056bbe89f1e2035684a4010de3ec51d>::operator ()(160) OnNextAttackCheck
[2021.08.30-13.29.41:922][912]ArenaBattle: Warning: AABCharacter::AttackCheck(385) Hit Actor Name : ABCharacter_2
[2021.08.30-13.29.41:922][912]ArenaBattle: Warning: AABCharacter::TakeDamage(188) Actor : ABCharacter_2 took Damage : 10.000000
[2021.08.30-13.29.41:922][912]ArenaBattle: Warning: AABCharacter::PostInitializeComponents::<lambda_84b82617fc142543da42cb0c7d84a0ae>::operator ()(173) OnHPIsZero
[2021.08.30-13.29.42:055][928]ArenaBattle: Warning: AABCharacter::AttackCheck(385) Hit Actor Name : ABCharacter_0
[2021.08.30-13.29.42:055][928]ArenaBattle: Warning: AABCharacter::TakeDamage(188) Actor : ABCharacter_0 took Damage : 10.000000
[2021.08.30-13.29.42:289][956]ArenaBattle: Warning: AABCharacter::PostInitializeComponents::<lambda_5056bbe89f1e2035684a4010de3ec51d>::operator ()(160) OnNextAttackCheck
[2021.08.30-13.29.42:422][972]ArenaBattle: Warning: AABCharacter::PostInitializeComponents::<lambda_5056bbe89f1e2035684a4010de3ec51d>::operator ()(160) OnNextAttackCheck
[2021.08.31-03.53.38:303][ 34]LogSlate: FSceneViewport::OnFocusLost() reason 0
[2021.08.31-03.53.38:429][ 49]LogTemp: Repeating last play command: 선택된 뷰포트
[2021.08.31-03.53.38:435][ 49]LogPlayLevel: PlayLevel: No blueprints needed recompiling
[2021.08.31-03.53.38:436][ 49]PIE: New page: PIE 세션: Step3 (2021. 8. 31. 오후 9:53:38)
[2021.08.31-03.53.38:436][ 49]LogPlayLevel: Creating play world package: /Game/Book/Maps/UEDPIE_0_Step3
[2021.08.31-03.53.38:442][ 49]LogPlayLevel: PIE: StaticDuplicateObject took: (0.006138s)
[2021.08.31-03.53.38:442][ 49]LogAIModule: Creating AISystem for world Step3
[2021.08.31-03.53.38:443][ 49]LogPlayLevel: PIE: World Init took: (0.000746s)
[2021.08.31-03.53.38:443][ 49]LogPlayLevel: PIE: Created PIE world by copying editor world from /Game/Book/Maps/Step3.Step3 to /Game/Book/Maps/UEDPIE_0_Step3.Step3 (0.007053s)
[2021.08.31-03.53.38:522][ 49]LogInit: XAudio2 using 'Realtek HD Audio 2nd output(Realtek(R) Audio)' : 2 channels at 48 kHz using 32 bits per sample (channel mask 0x3)
[2021.08.31-03.53.38:553][ 49]LogInit: FAudioDevice initialized.
[2021.08.31-03.53.38:584][ 49]LogLoad: Game class is 'ABGameMode'
[2021.08.31-03.53.38:585][ 49]LogWorld: Bringing World /Game/Book/Maps/UEDPIE_0_Step3.Step3 up for play (max tick rate 0) at 2021.08.31-12.53.38
[2021.08.31-03.53.38:586][ 49]LogWorld: Bringing up level for play took: 0.001610
[2021.08.31-03.53.38:586][ 49]ArenaBattle: Warning: AABPlayerController::PostInitializeComponents(8)
[2021.08.31-03.53.38:587][ 49]ArenaBattle: Warning: AABGameMode::PostLogin(15) PostLogin Begin
[2021.08.31-03.53.38:587][ 49]ArenaBattle: Warning: AABPlayerController::Possess(13)
[2021.08.31-03.53.38:587][ 49]ArenaBattle: Warning: AABGameMode::PostLogin(17) PostLogin End
[2021.08.31-03.53.38:588][ 49]PIE: /Game/Book/Maps/UEDPIE_0_Step3 에 대한 에디터에서 플레이 시작 시간: 0.635
[2021.08.31-03.53.41:491][395]ArenaBattle: Warning: AABItemBox::OnCharacterOverlap(61)
[2021.08.31-03.53.44:235][724]ArenaBattle: Warning: AABCharacter::AttackCheck(385) Hit Actor Name : ABCharacter_0
[2021.08.31-03.53.44:235][724]ArenaBattle: Warning: AABCharacter::TakeDamage(188) Actor : ABCharacter_0 took Damage : 10.000000
[2021.08.31-03.53.44:602][768]ArenaBattle: Warning: AABCharacter::PostInitializeComponents::<lambda_5056bbe89f1e2035684a4010de3ec51d>::operator ()(160) OnNextAttackCheck
[2021.08.31-03.53.45:730][903]ArenaBattle: Warning: AABCharacter::AttackCheck(385) Hit Actor Name : ABCharacter_0
[2021.08.31-03.53.45:730][903]ArenaBattle: Warning: AABCharacter::TakeDamage(188) Actor : ABCharacter_0 took Damage : 10.000000
[2021.08.31-03.53.46:097][947]ArenaBattle: Warning: AABCharacter::PostInitializeComponents::<lambda_5056bbe89f1e2035684a4010de3ec51d>::operator ()(160) OnNextAttackCheck
[2021.08.31-04.17.45:863][582]LogSlate: Window 'ArenaBattle - 언리얼 에디터' being destroyed
[2021.08.31-04.17.45:867][582]LogWindowsTextInputMethodSystem: Display: IME system now activated using TSF (Microsoft 입력기).
[2021.08.31-04.17.46:053][583]Cmd: QUIT_EDITOR
[2021.08.31-04.17.46:305][583]LogSlate: Slate User Destroyed.  User Index 0, Is Virtual User: 0
[2021.08.31-04.17.46:305][583]LogExit: Preparing to exit.
[2021.08.31-04.17.46:491][583]LogUObjectGlobals: Destroyed PersistentFrame Addr=0x000001b393ae49b8, Size=20
[2021.08.31-04.17.46:492][583]LogExit: Editor shut down
[2021.08.31-04.17.46:495][583]LogExit: Transaction tracking system shut down
[2021.08.31-04.17.46:669][583]LogDirectoryWatcher: A directory notification for '../../../Engine/Content/' was aborted.
[2021.08.31-04.17.46:669][583]LogDirectoryWatcher: A directory notification for 'D:/game/GAME/Content/' was aborted.
[2021.08.31-04.17.46:669][583]LogDirectoryWatcher: A directory notification for '../../Plugins/2D/Paper2D/Content/' was aborted.
[2021.08.31-04.17.46:669][583]LogDirectoryWatcher: A directory notification for '../../Plugins/Enterprise/DatasmithContent/Content/' was aborted.
[2021.08.31-04.17.46:669][583]LogDirectoryWatcher: A directory notification for '../../Plugins/Media/MediaCompositing/Content/' was aborted.
[2021.08.31-04.17.46:669][583]LogDirectoryWatcher: A directory notification for '../../Plugins/Runtime/AppleARKit/Content/' was aborted.
[2021.08.31-04.17.46:669][583]LogDirectoryWatcher: A directory notification for '../../Plugins/Runtime/Oculus/OculusVR/Content/' was aborted.
[2021.08.31-04.17.46:669][583]LogDirectoryWatcher: A directory notification for '../../Plugins/Runtime/Steam/SteamVR/Content/' was aborted.
[2021.08.31-04.17.46:712][583]LogExit: Object subsystem successfully closed.
[2021.08.31-04.17.46:725][583]LogShaderCompilers: Display: Shaders left to compile 0
[2021.08.31-04.17.46:728][583]LogD3D11RHI: Shutdown
[2021.08.31-04.17.46:728][583]LogD3D11RHI: CleanupD3DDevice
[2021.08.31-04.17.46:729][583]LogD3D11RHI: ~FD3D11DynamicRHI
[2021.08.31-04.17.46:755][583]LogModuleManager: Shutting down and abandoning module MovieSceneCapture (578)
[2021.08.31-04.17.46:755][583]LogModuleManager: Shutting down and abandoning module HierarchicalLODOutliner (576)
[2021.08.31-04.17.46:755][583]LogModuleManager: Shutting down and abandoning module DesktopPlatform (574)
[2021.08.31-04.17.46:755][583]LogModuleManager: Shutting down and abandoning module SceneOutliner (572)
[2021.08.31-04.17.46:755][583]LogModuleManager: Shutting down and abandoning module AddContentDialog (570)
[2021.08.31-04.17.46:755][583]LogDirectoryWatcher: A directory notification for 'C:/Program Files/Epic Games/UE_4.19/FeaturePacks/' was aborted.
[2021.08.31-04.17.46:755][583]LogModuleManager: Shutting down and abandoning module WidgetCarousel (569)
[2021.08.31-04.17.46:755][583]LogModuleManager: Shutting down and abandoning module EditorWidgets (566)
[2021.08.31-04.17.46:756][583]LogModuleManager: Shutting down and abandoning module CollectionManager (564)
[2021.08.31-04.17.46:756][583]LogDirectoryWatcher: A directory notification for 'D:/game/GAME/Content/Collections/' was aborted.
[2021.08.31-04.17.46:756][583]LogDirectoryWatcher: A directory notification for 'D:/game/GAME/Content/Developers/HAEUN/Collections/' was aborted.
[2021.08.31-04.17.46:756][583]LogDirectoryWatcher: A directory notification for 'D:/game/GAME/Saved/Collections/' was aborted.
[2021.08.31-04.17.46:756][583]LogModuleManager: Shutting down and abandoning module StatsViewer (562)
[2021.08.31-04.17.46:756][583]LogModuleManager: Shutting down and abandoning module FoliageEdit (560)
[2021.08.31-04.17.46:756][583]LogModuleManager: Shutting down and abandoning module LandscapeEditor (558)
[2021.08.31-04.17.46:756][583]LogModuleManager: Shutting down and abandoning module MeshPaintMode (556)
[2021.08.31-04.17.46:756][583]LogModuleManager: Shutting down and abandoning module SceneDepthPickerMode (554)
[2021.08.31-04.17.46:756][583]LogModuleManager: Shutting down and abandoning module ActorPickerMode (552)
[2021.08.31-04.17.46:756][583]LogModuleManager: Shutting down and abandoning module GeometryMode (550)
[2021.08.31-04.17.46:756][583]LogModuleManager: Shutting down and abandoning module TextureAlignMode (548)
[2021.08.31-04.17.46:756][583]LogModuleManager: Shutting down and abandoning module BspMode (546)
[2021.08.31-04.17.46:756][583]LogModuleManager: Shutting down and abandoning module PIEPreviewDeviceProfileSelector (544)
[2021.08.31-04.17.46:756][583]LogModuleManager: Shutting down and abandoning module HardwareSurvey (542)
[2021.08.31-04.17.46:756][583]LogModuleManager: Shutting down and abandoning module SequenceRecorderSections (540)
[2021.08.31-04.17.46:756][583]LogModuleManager: Shutting down and abandoning module AutomationWorker (538)
[2021.08.31-04.17.46:756][583]LogModuleManager: Shutting down and abandoning module AudioCaptureEditor (536)
[2021.08.31-04.17.46:756][583]LogModuleManager: Shutting down and abandoning module SequenceRecorder (535)
[2021.08.31-04.17.46:756][583]LogModuleManager: Shutting down and abandoning module MatineeToLevelSequence (532)
[2021.08.31-04.17.46:756][583]LogModuleManager: Shutting down and abandoning module LevelSequenceEditor (530)
[2021.08.31-04.17.46:756][583]LogModuleManager: Shutting down and abandoning module PlacementMode (529)
[2021.08.31-04.17.46:756][583]LogModuleManager: Shutting down and abandoning module MaterialEditor (528)
[2021.08.31-04.17.46:756][583]LogModuleManager: Shutting down and abandoning module WmfMediaFactory (524)
[2021.08.31-04.17.46:756][583]LogModuleManager: Shutting down and abandoning module WmfMediaEditor (522)
[2021.08.31-04.17.46:756][583]LogModuleManager: Shutting down and abandoning module MediaPlayerEditor (520)
[2021.08.31-04.17.46:756][583]LogModuleManager: Shutting down and abandoning module OpenExrWrapper (518)
[2021.08.31-04.17.46:756][583]LogModuleManager: Shutting down and abandoning module ImgMediaFactory (516)
[2021.08.31-04.17.46:756][583]LogModuleManager: Shutting down and abandoning module ImgMediaEditor (514)
[2021.08.31-04.17.46:756][583]LogModuleManager: Shutting down and abandoning module AvfMediaFactory (512)
[2021.08.31-04.17.46:756][583]LogModuleManager: Shutting down and abandoning module AvfMediaEditor (510)
[2021.08.31-04.17.46:756][583]LogModuleManager: Shutting down and abandoning module AndroidMediaFactory (508)
[2021.08.31-04.17.46:756][583]LogModuleManager: Shutting down and abandoning module AndroidMediaEditor (506)
[2021.08.31-04.17.46:756][583]LogModuleManager: Shutting down and abandoning module CharacterAI (504)
[2021.08.31-04.17.46:757][583]LogModuleManager: Shutting down and abandoning module SmartSnapping (502)
[2021.08.31-04.17.46:757][583]LogModuleManager: Shutting down and abandoning module SessionServices (500)
[2021.08.31-04.17.46:757][583]LogModuleManager: Shutting down and abandoning module ViewportSnapping (498)
[2021.08.31-04.17.46:757][583]LogModuleManager: Shutting down and abandoning module ViewportInteraction (496)
[2021.08.31-04.17.46:757][583]LogModuleManager: Shutting down and abandoning module ClothPainter (494)
[2021.08.31-04.17.46:757][583]LogModuleManager: Shutting down and abandoning module SkeletalMeshEditor (493)
[2021.08.31-04.17.46:757][583]LogModuleManager: Shutting down and abandoning module LogVisualizer (490)
[2021.08.31-04.17.46:757][583]LogModuleManager: Shutting down and abandoning module IntroTutorials (488)
[2021.08.31-04.17.46:757][583]LogModuleManager: Shutting down and abandoning module GameProjectGeneration (487)
[2021.08.31-04.17.46:757][583]LogModuleManager: Shutting down and abandoning module IOSPlatformEditor (484)
[2021.08.31-04.17.46:757][583]LogModuleManager: Shutting down and abandoning module HTML5PlatformEditor (482)
[2021.08.31-04.17.46:757][583]LogModuleManager: Shutting down and abandoning module AndroidPlatformEditor (480)
[2021.08.31-04.17.46:757][583]LogModuleManager: Shutting down and abandoning module AndroidDeviceDetection (479)
[2021.08.31-04.17.47:446][583]LogModuleManager: Shutting down and abandoning module WindowsPlatformEditor (476)
[2021.08.31-04.17.47:446][583]LogModuleManager: Shutting down and abandoning module IOSRuntimeSettings (474)
[2021.08.31-04.17.47:446][583]LogModuleManager: Shutting down and abandoning module AndroidRuntimeSettings (472)
[2021.08.31-04.17.47:446][583]LogModuleManager: Shutting down and abandoning module InputBindingEditor (470)
[2021.08.31-04.17.47:446][583]LogModuleManager: Shutting down and abandoning module MergeActors (468)
[2021.08.31-04.17.47:446][583]LogModuleManager: Shutting down and abandoning module LocalizationDashboard (466)
[2021.08.31-04.17.47:446][583]LogModuleManager: Shutting down and abandoning module LocalizationService (465)
[2021.08.31-04.17.47:446][583]LogModuleManager: Shutting down and abandoning module HardwareTargeting (462)
[2021.08.31-04.17.47:446][583]LogModuleManager: Shutting down and abandoning module DeviceProfileEditor (460)
[2021.08.31-04.17.47:446][583]LogModuleManager: Shutting down and abandoning module UndoHistory (458)
[2021.08.31-04.17.47:446][583]LogModuleManager: Shutting down and abandoning module XmlParser (456)
[2021.08.31-04.17.47:446][583]LogModuleManager: Shutting down and abandoning module Blutility (454)
[2021.08.31-04.17.47:446][583]LogModuleManager: Shutting down and abandoning module ProjectSettingsViewer (452)
[2021.08.31-04.17.47:446][583]LogModuleManager: Shutting down and abandoning module ProjectTargetPlatformEditor (451)
[2021.08.31-04.17.47:446][583]LogModuleManager: Shutting down and abandoning module EditorSettingsViewer (448)
[2021.08.31-04.17.47:447][583]LogModuleManager: Shutting down and abandoning module SettingsEditor (446)
[2021.08.31-04.17.47:447][583]LogModuleManager: Shutting down and abandoning module ProjectLauncher (444)
[2021.08.31-04.17.47:447][583]LogModuleManager: Shutting down and abandoning module SessionFrontend (442)
[2021.08.31-04.17.47:447][583]LogModuleManager: Shutting down and abandoning module ProfilerClient (440)
[2021.08.31-04.17.47:447][583]LogModuleManager: Shutting down and abandoning module DeviceManager (438)
[2021.08.31-04.17.47:447][583]LogModuleManager: Shutting down and abandoning module TargetDeviceServices (437)
[2021.08.31-04.17.47:500][583]LogModuleManager: Shutting down and abandoning module AutomationController (434)
[2021.08.31-04.17.47:500][583]LogModuleManager: Shutting down and abandoning module AutomationWindow (432)
[2021.08.31-04.17.47:500][583]LogModuleManager: Shutting down and abandoning module Layers (430)
[2021.08.31-04.17.47:500][583]LogModuleManager: Shutting down and abandoning module ComponentVisualizers (428)
[2021.08.31-04.17.47:500][583]LogModuleManager: Shutting down and abandoning module DetailCustomizations (426)
[2021.08.31-04.17.47:500][583]LogModuleManager: Shutting down and abandoning module PackagesDialog (424)
[2021.08.31-04.17.47:500][583]LogModuleManager: Shutting down and abandoning module Persona (422)
[2021.08.31-04.17.47:500][583]LogModuleManager: Shutting down and abandoning module AdvancedPreviewScene (421)
[2021.08.31-04.17.47:500][583]LogModuleManager: Shutting down and abandoning module AnimGraph (419)
[2021.08.31-04.17.47:500][583]LogModuleManager: Shutting down and abandoning module Kismet (416)
[2021.08.31-04.17.47:500][583]LogModuleManager: Shutting down and abandoning module GraphEditor (414)
[2021.08.31-04.17.47:500][583]LogModuleManager: Shutting down and abandoning module ClassViewer (412)
[2021.08.31-04.17.47:500][583]LogModuleManager: Shutting down and abandoning module Toolbox (410)
[2021.08.31-04.17.47:500][583]LogModuleManager: Shutting down and abandoning module ModuleUI (408)
[2021.08.31-04.17.47:500][583]LogModuleManager: Shutting down and abandoning module MovieSceneTools (406)
[2021.08.31-04.17.47:500][583]LogModuleManager: Shutting down and abandoning module OutputLog (404)
[2021.08.31-04.17.47:500][583]LogModuleManager: Shutting down and abandoning module GammaUI (402)
[2021.08.31-04.17.47:500][583]LogModuleManager: Shutting down and abandoning module Documentation (400)
[2021.08.31-04.17.47:500][583]LogModuleManager: Shutting down and abandoning module MovieSceneTracks (398)
[2021.08.31-04.17.47:500][583]LogModuleManager: Shutting down and abandoning module MovieScene (396)
[2021.08.31-04.17.47:500][583]LogModuleManager: Shutting down and abandoning module StreamingPauseRendering (394)
[2021.08.31-04.17.47:500][583]LogModuleManager: Shutting down and abandoning module LauncherPlatform (392)
[2021.08.31-04.17.47:500][583]LogModuleManager: Shutting down and abandoning module AnalyticsET (390)
[2021.08.31-04.17.47:501][583]LogModuleManager: Shutting down and abandoning module PortalServices (388)
[2021.08.31-04.17.47:501][583]LogModuleManager: Shutting down and abandoning module PortalRpc (386)
[2021.08.31-04.17.47:501][583]LogModuleManager: Shutting down and abandoning module MessagingRpc (384)
[2021.08.31-04.17.47:501][583]LogModuleManager: Shutting down and abandoning module AIModule (382)
[2021.08.31-04.17.47:501][583]LogModuleManager: Shutting down and abandoning module GameplayDebugger (381)
[2021.08.31-04.17.47:501][583]LogModuleManager: Shutting down and abandoning module AITestSuite (379)
[2021.08.31-04.17.47:501][583]LogModuleManager: Shutting down and abandoning module ProfilerService (376)
[2021.08.31-04.17.47:591][583]LogModuleManager: Shutting down and abandoning module TaskGraph (374)
[2021.08.31-04.17.47:591][583]LogModuleManager: Shutting down and abandoning module SteamVRController (372)
[2021.08.31-04.17.47:591][583]LogModuleManager: Shutting down and abandoning module ProceduralMeshComponentEditor (370)
[2021.08.31-04.17.47:591][583]LogModuleManager: Shutting down and abandoning module ProceduralMeshComponent (368)
[2021.08.31-04.17.47:591][583]LogModuleManager: Shutting down and abandoning module OculusInput (366)
[2021.08.31-04.17.47:591][583]LogModuleManager: Shutting down and abandoning module MobilePatchingUtils (364)
[2021.08.31-04.17.47:591][583]LogModuleManager: Shutting down and abandoning module CustomMeshComponent (362)
[2021.08.31-04.17.47:591][583]LogModuleManager: Shutting down and abandoning module CableComponent (360)
[2021.08.31-04.17.47:591][583]LogModuleManager: Shutting down and abandoning module AudioCapture (358)
[2021.08.31-04.17.47:591][583]LogModuleManager: Shutting down and abandoning module ArchVisCharacter (356)
[2021.08.31-04.17.47:591][583]LogModuleManager: Shutting down and abandoning module AndroidPermission (354)
[2021.08.31-04.17.47:591][583]LogModuleManager: Shutting down and abandoning module NUTUnrealEngine4 (350)
[2021.08.31-04.17.47:591][583]LogModuleManager: Shutting down and abandoning module NetcodeUnitTest (348)
[2021.08.31-04.17.47:591][583]LogModuleManager: Shutting down and abandoning module MediaCompositingEditor (346)
[2021.08.31-04.17.47:591][583]LogModuleManager: Shutting down and abandoning module MediaCompositing (344)
[2021.08.31-04.17.47:591][583]LogModuleManager: Shutting down and abandoning module LinearTimecode (342)
[2021.08.31-04.17.47:591][583]LogModuleManager: Shutting down and abandoning module ImgMedia (340)
[2021.08.31-04.17.47:594][583]LogModuleManager: Shutting down and abandoning module HTML5Networking (338)
[2021.08.31-04.17.47:594][583]LogModuleManager: Shutting down and abandoning module AlembicImporter (336)
[2021.08.31-04.17.47:594][583]LogModuleManager: Shutting down and abandoning module AlembicLibrary (335)
[2021.08.31-04.17.47:594][583]LogModuleManager: Shutting down and abandoning module GeometryCache (334)
[2021.08.31-04.17.47:594][583]LogModuleManager: Shutting down and abandoning module GeometryCacheEd (333)
[2021.08.31-04.17.47:594][583]LogModuleManager: Shutting down and abandoning module DatasmithContent (328)
[2021.08.31-04.17.47:594][583]LogModuleManager: Shutting down and abandoning module SpeedTreeImporter (326)
[2021.08.31-04.17.47:594][583]LogModuleManager: Shutting down and abandoning module PluginBrowser (324)
[2021.08.31-04.17.47:594][583]LogModuleManager: Shutting down and abandoning module MobileLauncherProfileWizard (322)
[2021.08.31-04.17.47:594][583]LogModuleManager: Shutting down and abandoning module CryptoKeysOpenSSL (320)
[2021.08.31-04.17.47:594][583]LogModuleManager: Shutting down and abandoning module CryptoKeys (318)
[2021.08.31-04.17.47:594][583]LogModuleManager: Shutting down and abandoning module VisualStudioSourceCodeAccess (316)
[2021.08.31-04.17.47:594][583]LogModuleManager: Shutting down and abandoning module VisualStudioCodeSourceCodeAccess (314)
[2021.08.31-04.17.47:594][583]LogModuleManager: Shutting down and abandoning module UObjectPlugin (312)
[2021.08.31-04.17.47:595][583]LogModuleManager: Shutting down and abandoning module SubversionSourceControl (310)
[2021.08.31-04.17.47:595][583]LogModuleManager: Shutting down and abandoning module PerforceSourceControl (308)
[2021.08.31-04.17.47:595][583]LogModuleManager: Shutting down and abandoning module GitSourceControl (306)
[2021.08.31-04.17.47:595][583]LogModuleManager: Shutting down and abandoning module SourceControl (305)
[2021.08.31-04.17.47:595][583]LogModuleManager: Shutting down and abandoning module CLionSourceCodeAccess (302)
[2021.08.31-04.17.47:595][583]LogModuleManager: Shutting down and abandoning module LightPropagationVolumeEditor (300)
[2021.08.31-04.17.47:595][583]LogModuleManager: Shutting down and abandoning module PaperTiledImporter (298)
[2021.08.31-04.17.47:595][583]LogModuleManager: Shutting down and abandoning module PaperSpriteSheetImporter (296)
[2021.08.31-04.17.47:595][583]LogModuleManager: Shutting down and abandoning module Paper2DEditor (294)
[2021.08.31-04.17.47:595][583]LogModuleManager: Shutting down and abandoning module MeshPaint (293)
[2021.08.31-04.17.47:595][583]LogModuleManager: Shutting down and abandoning module ArenaBattle (290)
[2021.08.31-04.17.47:595][583]LogModuleManager: Shutting down and abandoning module RuntimePhysXCooking (288)
[2021.08.31-04.17.47:595][583]LogModuleManager: Shutting down and abandoning module PhysXVehiclesEditor (286)
[2021.08.31-04.17.47:595][583]LogModuleManager: Shutting down and abandoning module PhysXVehicles (284)
[2021.08.31-04.17.47:595][583]LogModuleManager: Shutting down and abandoning module OculusEditor (282)
[2021.08.31-04.17.47:595][583]LogModuleManager: Shutting down and abandoning module LocationServicesBPLibrary (280)
[2021.08.31-04.17.47:595][583]LogModuleManager: Shutting down and abandoning module ImmediatePhysicsEditor (278)
[2021.08.31-04.17.47:595][583]LogModuleManager: Shutting down and abandoning module ImmediatePhysics (276)
[2021.08.31-04.17.47:595][583]LogModuleManager: Shutting down and abandoning module ActorSequence (274)
[2021.08.31-04.17.47:595][583]LogModuleManager: Shutting down and abandoning module UdpMessaging (272)
[2021.08.31-04.17.47:696][583]LogModuleManager: Shutting down and abandoning module TcpMessaging (270)
[2021.08.31-04.17.47:796][583]LogModuleManager: Shutting down and abandoning module GameplayTagsEditor (268)
[2021.08.31-04.17.47:796][583]LogModuleManager: Shutting down and abandoning module FacialAnimationEditor (266)
[2021.08.31-04.17.47:796][583]LogModuleManager: Shutting down and abandoning module FacialAnimation (264)
[2021.08.31-04.17.47:796][583]LogModuleManager: Shutting down and abandoning module DataValidation (262)
[2021.08.31-04.17.47:796][583]LogModuleManager: Shutting down and abandoning module AssetManagerEditor (260)
[2021.08.31-04.17.47:796][583]LogModuleManager: Shutting down and abandoning module LevelEditor (259)
[2021.08.31-04.17.47:796][583]LogModuleManager: Shutting down and abandoning module PixelInspectorModule (258)
[2021.08.31-04.17.47:796][583]LogModuleManager: Shutting down and abandoning module CommonMenuExtensions (256)
[2021.08.31-04.17.47:797][583]LogModuleManager: Shutting down and abandoning module MainFrame (254)
[2021.08.31-04.17.47:797][583]LogModuleManager: Shutting down and abandoning module HotReload (253)
[2021.08.31-04.17.47:797][583]LogDirectoryWatcher: A directory notification for 'D:/game/GAME/Binaries/Win64' was aborted.
[2021.08.31-04.17.47:797][583]LogModuleManager: Shutting down and abandoning module ContentBrowser (249)
[2021.08.31-04.17.47:798][583]LogModuleManager: Shutting down and abandoning module TreeMap (247)
[2021.08.31-04.17.47:798][583]LogModuleManager: Shutting down and abandoning module LightPropagationVolumeRuntime (244)
[2021.08.31-04.17.47:798][583]LogModuleManager: Shutting down and abandoning module LiveLinkEditor (242)
[2021.08.31-04.17.47:798][583]LogModuleManager: Shutting down and abandoning module LiveLink (240)
[2021.08.31-04.17.47:908][583]LogModuleManager: Shutting down and abandoning module Paper2D (238)
[2021.08.31-04.17.47:908][583]LogModuleManager: Shutting down and abandoning module WindowsMoviePlayer (236)
[2021.08.31-04.17.47:908][583]LogModuleManager: Shutting down and abandoning module WmfMedia (234)
[2021.08.31-04.17.47:909][583]LogModuleManager: Shutting down and abandoning module Media (233)
[2021.08.31-04.17.47:915][583]LogModuleManager: Shutting down and abandoning module PacketHandler (230)
[2021.08.31-04.17.47:915][583]LogModuleManager: Shutting down and abandoning module ClothingSystemEditor (228)
[2021.08.31-04.17.47:915][583]LogModuleManager: Shutting down and abandoning module ClothingSystemRuntime (226)
[2021.08.31-04.17.47:915][583]LogModuleManager: Shutting down and abandoning module MediaAssets (224)
[2021.08.31-04.17.47:915][583]LogModuleManager: Shutting down and abandoning module Overlay (222)
[2021.08.31-04.17.47:915][583]LogModuleManager: Shutting down and abandoning module OverlayEditor (221)
[2021.08.31-04.17.47:915][583]LogModuleManager: Shutting down and abandoning module VREditor (218)
[2021.08.31-04.17.47:915][583]LogModuleManager: Shutting down and abandoning module StringTableEditor (216)
[2021.08.31-04.17.47:915][583]LogModuleManager: Shutting down and abandoning module GameplayTasksEditor (214)
[2021.08.31-04.17.47:915][583]LogModuleManager: Shutting down and abandoning module BehaviorTreeEditor (212)
[2021.08.31-04.17.47:915][583]LogModuleManager: Shutting down and abandoning module FunctionalTesting (210)
[2021.08.31-04.17.47:915][583]LogModuleManager: Shutting down and abandoning module CollisionAnalyzer (208)
[2021.08.31-04.17.47:915][583]LogModuleManager: Shutting down and abandoning module WorkspaceMenuStructure (207)
[2021.08.31-04.17.47:915][583]LogModuleManager: Shutting down and abandoning module UMG (204)
[2021.08.31-04.17.47:915][583]LogModuleManager: Shutting down and abandoning module UMGEditor (203)
[2021.08.31-04.17.47:915][583]LogModuleManager: Shutting down and abandoning module Sequencer (202)
[2021.08.31-04.17.47:915][583]LogModuleManager: Shutting down and abandoning module MessageLog (199)
[2021.08.31-04.17.47:915][583]LogModuleManager: Shutting down and abandoning module SlateReflector (194)
[2021.08.31-04.17.47:915][583]LogModuleManager: Shutting down and abandoning module Slate (192)
[2021.08.31-04.17.47:915][583]LogModuleManager: Shutting down and abandoning module EditorStyle (190)
[2021.08.31-04.17.47:917][583]LogModuleManager: Shutting down and abandoning module MRMesh (188)
[2021.08.31-04.17.47:917][583]LogModuleManager: Shutting down and abandoning module SourceCodeAccess (186)
[2021.08.31-04.17.47:917][583]LogModuleManager: Shutting down and abandoning module HeadMountedDisplay (184)
[2021.08.31-04.17.47:917][583]LogModuleManager: Shutting down and abandoning module XAudio2 (182)
[2021.08.31-04.17.47:917][583]LogModuleManager: Shutting down and abandoning module Networking (180)
[2021.08.31-04.17.47:917][583]LogModuleManager: Shutting down and abandoning module Core (178)
[2021.08.31-04.17.47:917][583]LogModuleManager: Shutting down and abandoning module LevelSequence (176)
[2021.08.31-04.17.47:917][583]LogModuleManager: Shutting down and abandoning module KismetCompiler (174)
[2021.08.31-04.17.47:917][583]LogModuleManager: Shutting down and abandoning module MeshUtilities (172)
[2021.08.31-04.17.47:917][583]LogModuleManager: Shutting down and abandoning module MeshMergeUtilities (171)
[2021.08.31-04.17.47:917][583]LogModuleManager: Shutting down and abandoning module MeshReductionInterface (170)
[2021.08.31-04.17.47:917][583]LogModuleManager: Shutting down and abandoning module SimplygonSwarm (169)
[2021.08.31-04.17.47:917][583]LogModuleManager: Shutting down and abandoning module SimplygonMeshReduction (167)
[2021.08.31-04.17.47:917][583]LogModuleManager: Shutting down and abandoning module QuadricMeshReduction (165)
[2021.08.31-04.17.47:917][583]LogModuleManager: Shutting down and abandoning module MaterialBaking (161)
[2021.08.31-04.17.47:917][583]LogModuleManager: Shutting down and abandoning module DirectoryWatcher (157)
[2021.08.31-04.17.47:918][583]LogModuleManager: Shutting down and abandoning module DerivedDataCache (154)
[2021.08.31-04.17.47:944][583]LogDerivedDataCache: Shutdown
[2021.08.31-04.17.47:944][583]LogModuleManager: Shutting down and abandoning module XGEController (152)
[2021.08.31-04.17.47:944][583]LogModuleManager: Shutting down and abandoning module TargetPlatform (150)
[2021.08.31-04.17.47:944][583]LogModuleManager: Shutting down and abandoning module VulkanShaderFormat (149)
[2021.08.31-04.17.47:944][583]LogModuleManager: Shutting down and abandoning module ShaderFormatVectorVM (147)
[2021.08.31-04.17.47:944][583]LogModuleManager: Shutting down and abandoning module ShaderFormatOpenGL (145)
[2021.08.31-04.17.47:944][583]LogModuleManager: Shutting down and abandoning module ShaderFormatD3D (143)
[2021.08.31-04.17.47:944][583]LogModuleManager: Shutting down and abandoning module MetalShaderFormat (141)
[2021.08.31-04.17.47:944][583]LogModuleManager: Shutting down and abandoning module TextureFormatUncompressed (139)
[2021.08.31-04.17.47:944][583]LogModuleManager: Shutting down and abandoning module TextureFormatPVR (137)
[2021.08.31-04.17.47:944][583]LogModuleManager: Shutting down and abandoning module TextureFormatDXT (135)
[2021.08.31-04.17.47:944][583]LogModuleManager: Shutting down and abandoning module TextureFormatIntelISPCTexComp (133)
[2021.08.31-04.17.47:944][583]LogModuleManager: Shutting down and abandoning module TextureFormatASTC (131)
[2021.08.31-04.17.47:944][583]LogModuleManager: Shutting down and abandoning module ImageWrapper (130)
[2021.08.31-04.17.47:944][583]LogModuleManager: Shutting down and abandoning module TextureFormatAndroid (127)
[2021.08.31-04.17.47:944][583]LogModuleManager: Shutting down and abandoning module AudioFormatOpus (125)
[2021.08.31-04.17.47:945][583]LogModuleManager: Shutting down and abandoning module AudioFormatOgg (123)
[2021.08.31-04.17.47:945][583]LogModuleManager: Shutting down and abandoning module AudioFormatADPCM (121)
[2021.08.31-04.17.47:945][583]LogModuleManager: Shutting down and abandoning module LinuxTargetPlatform (119)
[2021.08.31-04.17.47:945][583]LogModuleManager: Shutting down and abandoning module LinuxServerTargetPlatform (117)
[2021.08.31-04.17.47:945][583]LogModuleManager: Shutting down and abandoning module LinuxNoEditorTargetPlatform (115)
[2021.08.31-04.17.47:945][583]LogModuleManager: Shutting down and abandoning module LinuxClientTargetPlatform (113)
[2021.08.31-04.17.47:945][583]LogModuleManager: Shutting down and abandoning module TVOSTargetPlatform (111)
[2021.08.31-04.17.47:945][583]LogModuleManager: Shutting down and abandoning module Messaging (109)
[2021.08.31-04.17.47:945][583]LogModuleManager: Shutting down and abandoning module IOSTargetPlatform (107)
[2021.08.31-04.17.47:945][583]LogModuleManager: Shutting down and abandoning module HTML5TargetPlatform (105)
[2021.08.31-04.17.47:945][583]LogModuleManager: Shutting down and abandoning module AndroidTargetPlatform (103)
[2021.08.31-04.17.47:945][583]LogModuleManager: Shutting down and abandoning module Android_PVRTCTargetPlatform (101)
[2021.08.31-04.17.47:945][583]LogModuleManager: Shutting down and abandoning module Android_MultiTargetPlatform (99)
[2021.08.31-04.17.47:945][583]LogModuleManager: Shutting down and abandoning module Android_ETC2TargetPlatform (97)
[2021.08.31-04.17.47:945][583]LogModuleManager: Shutting down and abandoning module Android_ETC1TargetPlatform (95)
[2021.08.31-04.17.47:945][583]LogModuleManager: Shutting down and abandoning module Android_ETC1aTargetPlatform (93)
[2021.08.31-04.17.47:945][583]LogModuleManager: Shutting down and abandoning module Android_DXTTargetPlatform (91)
[2021.08.31-04.17.47:945][583]LogModuleManager: Shutting down and abandoning module Android_ATCTargetPlatform (89)
[2021.08.31-04.17.47:945][583]LogModuleManager: Shutting down and abandoning module Android_ASTCTargetPlatform (87)
[2021.08.31-04.17.47:945][583]LogModuleManager: Shutting down and abandoning module WindowsTargetPlatform (85)
[2021.08.31-04.17.47:945][583]LogModuleManager: Shutting down and abandoning module WindowsServerTargetPlatform (83)
[2021.08.31-04.17.47:945][583]LogModuleManager: Shutting down and abandoning module WindowsNoEditorTargetPlatform (81)
[2021.08.31-04.17.47:945][583]LogModuleManager: Shutting down and abandoning module WindowsClientTargetPlatform (79)
[2021.08.31-04.17.47:945][583]LogModuleManager: Shutting down and abandoning module MacTargetPlatform (77)
[2021.08.31-04.17.47:945][583]LogModuleManager: Shutting down and abandoning module MacServerTargetPlatform (75)
[2021.08.31-04.17.47:945][583]LogModuleManager: Shutting down and abandoning module MacNoEditorTargetPlatform (73)
[2021.08.31-04.17.47:945][583]LogModuleManager: Shutting down and abandoning module MacClientTargetPlatform (71)
[2021.08.31-04.17.47:945][583]LogModuleManager: Shutting down and abandoning module AllDesktopTargetPlatform (69)
[2021.08.31-04.17.47:945][583]LogModuleManager: Shutting down and abandoning module InputCore (66)
[2021.08.31-04.17.47:945][583]LogModuleManager: Shutting down and abandoning module Settings (64)
[2021.08.31-04.17.47:945][583]LogModuleManager: Shutting down and abandoning module PhysXCooking (62)
[2021.08.31-04.17.47:945][583]LogModuleManager: Shutting down and abandoning module SteamVR (60)
[2021.08.31-04.17.47:945][583]LogModuleManager: Shutting down and abandoning module OculusHMD (58)
[2021.08.31-04.17.47:945][583]LogModuleManager: Shutting down and abandoning module ExampleDeviceProfileSelector (56)
[2021.08.31-04.17.47:945][583]LogModuleManager: Shutting down and abandoning module AppleARKit (54)
[2021.08.31-04.17.47:945][583]LogModuleManager: Shutting down and abandoning module AugmentedReality (51)
[2021.08.31-04.17.47:945][583]LogModuleManager: Shutting down and abandoning module OnlineBlueprintSupport (48)
[2021.08.31-04.17.47:945][583]LogModuleManager: Shutting down and abandoning module OnlineSubsystem (44)
[2021.08.31-04.17.47:945][583]LogModuleManager: Shutting down and abandoning module XMPP (43)
[2021.08.31-04.17.47:945][583]LogModuleManager: Shutting down and abandoning module HTTP (41)
[2021.08.31-04.17.47:945][583]LogHttp: Display: Http module shutting down, but needs to wait on 1 outstanding Http requests:
[2021.08.31-04.17.47:945][583]LogHttp: Display: 	verb=[POST] url=[https://datarouter.ol.epicgames.com/datarouter/api/v1/public/data?SessionID=%7BBBD29CD9-4F55-F01F-50FE-58B3A76FD749%7D&AppID=UEEditor.Rocket.Release&AppVersion=4.19.2-4033788%2B%2B%2BUE4%2BRelease-4.19&UserID=792382ae41a1610223592583f9c0f101%7C7bd3228ea6524d7e9c97b50e572a39ff%7Ca8edcf6f-18b8-4554-88f7-8b7cb1c61182&AppEnvironment=datacollector-binary&UploadType=eteventstream] status=Processing
[2021.08.31-04.17.47:948][583]LogModuleManager: Shutting down and abandoning module SSL (40)
[2021.08.31-04.17.47:949][583]LogModuleManager: Shutting down and abandoning module AnimationModifiers (36)
[2021.08.31-04.17.47:949][583]LogModuleManager: Shutting down and abandoning module PropertyEditor (35)
[2021.08.31-04.17.47:949][583]LogModuleManager: Shutting down and abandoning module AudioEditor (32)
[2021.08.31-04.17.47:949][583]LogModuleManager: Shutting down and abandoning module TextureCompressor (30)
[2021.08.31-04.17.47:950][583]LogModuleManager: Shutting down and abandoning module ShaderCore (28)
[2021.08.31-04.17.47:950][583]LogModuleManager: Shutting down and abandoning module Landscape (26)
[2021.08.31-04.17.47:950][583]LogModuleManager: Shutting down and abandoning module SlateRHIRenderer (24)
[2021.08.31-04.17.47:952][583]LogModuleManager: Shutting down and abandoning module OpenGLDrv (22)
[2021.08.31-04.17.47:952][583]LogModuleManager: Shutting down and abandoning module D3D11RHI (20)
[2021.08.31-04.17.47:952][583]LogModuleManager: Shutting down and abandoning module AnimGraphRuntime (18)
[2021.08.31-04.17.47:952][583]LogModuleManager: Shutting down and abandoning module Renderer (16)
[2021.08.31-04.17.47:952][583]LogModuleManager: Shutting down and abandoning module Engine (14)
[2021.08.31-04.17.47:952][583]LogModuleManager: Shutting down and abandoning module CoreUObject (12)
[2021.08.31-04.17.47:952][583]LogModuleManager: Shutting down and abandoning module NetworkFile (10)
[2021.08.31-04.17.47:952][583]LogModuleManager: Shutting down and abandoning module CookedIterativeFile (8)
[2021.08.31-04.17.47:952][583]LogModuleManager: Shutting down and abandoning module StreamingFile (6)
[2021.08.31-04.17.47:952][583]LogModuleManager: Shutting down and abandoning module SandboxFile (4)
[2021.08.31-04.17.47:952][583]LogModuleManager: Shutting down and abandoning module PakFile (2)
[2021.08.31-04.17.47:957][583]LogExit: Exiting.
[2021.08.31-04.17.47:962][583]Log file closed, 08/31/21 13:17:47
